<?xml version='1.0' encoding='utf-8'?>
<testsuites name="pytest tests"><testsuite name="pytest" errors="0" failures="0" skipped="0" tests="47" time="38.963" timestamp="2026-08-24T14:35:00.633637+08:00" hostname="ivy-20149"><testcase classname="tests.test_s4_jobs_local" name="test_job_handler_registration" time="0.003" /><testcase classname="tests.test_s4_jobs_local" name="test_enqueue_job" time="0.228" /><testcase classname="tests.test_s4_jobs_local" name="test_job_execution" time="0.614" /><testcase classname="tests.test_s4_jobs_local" name="test_job_execution_with_delay" time="1.405" /><testcase classname="tests.test_s4_jobs_local" name="test_job_failure_handling" time="0.600" /><testcase classname="tests.test_s4_jobs_local" name="test_concurrent_job_execution" time="1.802" /><testcase classname="tests.test_s4_jobs_local" name="test_worker_limit" time="2.345" /><testcase classname="tests.test_s4_jobs_local" name="test_queue_status" time="0.708" /><testcase classname="tests.test_s4_jobs_local" name="test_graceful_shutdown" time="0.590" /><testcase classname="tests.test_s4_jobs_local" name="test_unregistered_job_error" time="0.021" /><testcase classname="tests.test_s4_jobs_local" name="test_job_metrics" time="0.296" /><testcase classname="tests.test_s5d4b_settled_cash_payment" name="test_settle_update_executes_scoped_sql" time="0.003" /><testcase classname="tests.test_s5d4b_settled_cash_payment" name="test_settle_update_zero_rows_when_none_pending" time="0.003" /><testcase classname="tests.test_s5d4b_settled_cash_payment" name="test_settle_update_leaves_credit_rows_pending" time="1.128" /><testcase classname="tests.test_s5d4b_settled_cash_payment" name="test_api_full_cash_settles_payment_to_completed" time="0.008" /><testcase classname="tests.test_s5d4b_settled_cash_payment" name="test_api_proposed_paid_but_returned_non_paid_does_not_settle" time="0.007" /><testcase classname="tests.test_s5d4b_settled_cash_payment" name="test_api_partial_cash_does_not_settle" time="0.016" /><testcase classname="tests.test_s5d4b_settled_cash_payment" name="test_api_second_partial_completes_and_settles" time="0.006" /><testcase classname="tests.test_s5d4b_settled_cash_payment" name="test_api_transfer_full_payment_settle_called" time="0.007" /><testcase classname="tests.test_s5d4b_settled_cash_payment" name="test_api_credit_paid_settle_targets_cash_transfer_only" time="0.009" /><testcase classname="tests.test_s5d4b_settled_cash_payment" name="test_api_failed_transition_no_settle" time="0.008" /><testcase classname="tests.test_s5d4b_settled_cash_payment" name="test_api_legacy_pay_no_settle" time="0.005" /><testcase classname="tests.test_s5d4b_settled_cash_payment" name="test_route_settlement_failure_rolls_back_payment_order_balance_and_ledger" time="0.835" /><testcase classname="tests.test_pw1r4_cross_tenant_statement_cache" name="test_exact_route_abab_cycles_survive_ddl_storm" time="7.261" /><testcase classname="tests.test_pw1r4_cross_tenant_statement_cache" name="test_exact_route_without_fix_reproduces_invalid_cached_statement" time="0.782" /><testcase classname="tests.test_pw1r4_cross_tenant_statement_cache" name="test_engine_aba_cycles_survive_ddl_storm" time="0.164" /><testcase classname="tests.test_pw1r4_cross_tenant_statement_cache" name="test_legacy_engine_without_fix_reproduces_invalid_cached_statement" time="0.137" /><testcase classname="tests.test_pw1r4_cross_tenant_statement_cache" name="test_no_cross_tenant_leak_across_cycles" time="0.142" /><testcase classname="tests.test_pw1r4_cross_tenant_statement_cache" name="test_forced_failure_second_bootstrap_cleans_first_schema" time="1.923" /><testcase classname="tests.test_pw1r4_cross_tenant_statement_cache" name="test_forced_failure_user_seed_reraises_same_original_object" time="3.948" /><testcase classname="tests.test_pw1r4_cross_tenant_statement_cache" name="test_forced_failure_before_ddl_engine_cleans_both_schemas" time="4.751" /><testcase classname="tests.test_pw1r4_cross_tenant_statement_cache" name="test_cleanup_failure_raises_exception_group_with_original_and_cleanup" time="4.980" /><testcase classname="tests.test_u6i2_owner_credential_setup_token_issue" name="test_prior_and_new_identity_matching_is_order_independent" time="0.076" /><testcase classname="tests.test_u6i2_owner_credential_setup_token_issue" name="test_active_provisioned_registration_issues_hash_only_setup_token" time="0.158" /><testcase classname="tests.test_u6i2_owner_credential_setup_token_issue" name="test_duplicate_issue_returns_existing_without_creating_second_active_token" time="0.142" /><testcase classname="tests.test_u6i2_owner_credential_setup_token_issue" name="test_expired_prior_token_allows_new_setup_token_issue" time="0.129" /><testcase classname="tests.test_u6i2_owner_credential_setup_token_issue" name="test_used_or_revoked_prior_token_allows_new_setup_token_issue[used_at0-None]" time="0.112" /><testcase classname="tests.test_u6i2_owner_credential_setup_token_issue" name="test_used_or_revoked_prior_token_allows_new_setup_token_issue[None-revoked_at1]" time="0.114" /><testcase classname="tests.test_u6i2_owner_credential_setup_token_issue" name="test_blocked_statuses_create_no_setup_token_rows[email_verified]" time="0.077" /><testcase classname="tests.test_u6i2_owner_credential_setup_token_issue" name="test_blocked_statuses_create_no_setup_token_rows[provisioning]" time="0.061" /><testcase classname="tests.test_u6i2_owner_credential_setup_token_issue" name="test_blocked_statuses_create_no_setup_token_rows[failed]" time="0.079" /><testcase classname="tests.test_u6i2_owner_credential_setup_token_issue" name="test_blocked_statuses_create_no_setup_token_rows[cancelled]" time="0.095" /><testcase classname="tests.test_u6i2_owner_credential_setup_token_issue" name="test_active_registration_missing_provisioning_assignment_is_blocked[False-True-True]" time="0.085" /><testcase classname="tests.test_u6i2_owner_credential_setup_token_issue" name="test_active_registration_missing_provisioning_assignment_is_blocked[True-False-True]" time="0.088" /><testcase classname="tests.test_u6i2_owner_credential_setup_token_issue" name="test_active_registration_missing_provisioning_assignment_is_blocked[True-True-False]" time="0.096" /><testcase classname="tests.test_u6i2_owner_credential_setup_token_issue" name="test_issue_service_creates_no_admin_rbac_or_business_data" time="0.101" /><testcase classname="tests.test_u6i2_owner_credential_setup_token_issue" name="test_setup_credential_endpoint_rejects_query_string_tokens" time="0.236" /></testsuite></testsuites>