<?xml version='1.0' encoding='utf-8'?>
<testsuites name="pytest tests"><testsuite name="pytest" errors="0" failures="0" skipped="0" tests="44" time="41.893" timestamp="2026-08-24T00:47:29.216835+08:00" hostname="jeff15383620563"><testcase classname="tests.test_dc11d_payment_replay_concurrency_integrity" name="test_sequential_same_financial_result_replay_creates_one_financial_result" file="tests/test_dc11d_payment_replay_concurrency_integrity.py" line="568" time="0.741" /><testcase classname="tests.test_dc11d_payment_replay_concurrency_integrity" name="test_concurrent_same_financial_result_replay_creates_one_financial_result" file="tests/test_dc11d_payment_replay_concurrency_integrity.py" line="601" time="0.739" /><testcase classname="tests.test_dc11d_payment_replay_concurrency_integrity" name="test_payment_notes_are_rejected_without_side_effects" file="tests/test_dc11d_payment_replay_concurrency_integrity.py" line="642" time="0.515" /><testcase classname="tests.test_dc11d_payment_replay_concurrency_integrity" name="test_concurrent_different_keys_cannot_overpay" file="tests/test_dc11d_payment_replay_concurrency_integrity.py" line="671" time="0.714" /><testcase classname="tests.test_dc11d_payment_replay_concurrency_integrity" name="test_empty_body_and_empty_object_create_no_side_effects" file="tests/test_dc11d_payment_replay_concurrency_integrity.py" line="712" time="0.593" /><testcase classname="tests.test_dc11d_payment_replay_concurrency_integrity" name="test_conflicting_idempotency_key_returns_409" file="tests/test_dc11d_payment_replay_concurrency_integrity.py" line="743" time="0.616" /><testcase classname="tests.test_dc11d_payment_replay_concurrency_integrity" name="test_duplicate_transfer_reference_returns_sanitized_409" file="tests/test_dc11d_payment_replay_concurrency_integrity.py" line="769" time="0.587" /><testcase classname="tests.test_dc11d_payment_replay_concurrency_integrity" name="test_unrelated_integrity_error_is_not_idempotency_conflict_and_rolls_back" file="tests/test_dc11d_payment_replay_concurrency_integrity.py" line="805" time="0.427" /><testcase classname="tests.test_dc11d_payment_replay_concurrency_integrity" name="test_rollback_after_state_failure_leaves_tables_unchanged" file="tests/test_dc11d_payment_replay_concurrency_integrity.py" line="848" time="0.414" /><testcase classname="tests.test_dc11d_payment_replay_concurrency_integrity" name="test_cross_tenant_same_idempotency_key_is_isolated" file="tests/test_dc11d_payment_replay_concurrency_integrity.py" line="886" time="0.711" /><testcase classname="tests.test_dc12r1_s3_s2b_i2a_canonical_payment_service" name="test_route_uses_canonical_payment_service_with_behavior_preserving_defaults" file="tests/test_dc12r1_s3_s2b_i2a_canonical_payment_service.py" line="79" time="0.003" /><testcase classname="tests.test_dc12r1_s3_s2b_i2a_canonical_payment_service" name="test_service_does_not_commit_or_rollback_calls" file="tests/test_dc12r1_s3_s2b_i2a_canonical_payment_service.py" line="132" time="0.002" /><testcase classname="tests.test_dc12r1_s3_s2b_i2a_canonical_payment_service" name="test_service_cash_partial_and_final_matches_route_outcomes" file="tests/test_dc12r1_s3_s2b_i2a_canonical_payment_service.py" line="202" time="0.524" /><testcase classname="tests.test_dc12r1_s3_s2b_i2a_canonical_payment_service" name="test_service_transfer_pending_then_completed_matches_route_outcomes" file="tests/test_dc12r1_s3_s2b_i2a_canonical_payment_service.py" line="256" time="0.457" /><testcase classname="tests.test_dc12r1_s3_s2b_i2a_canonical_payment_service" name="test_service_credit_collection_reduces_outstanding_balance_like_route" file="tests/test_dc12r1_s3_s2b_i2a_canonical_payment_service.py" line="314" time="0.478" /><testcase classname="tests.test_dc12r1_s3_s2b_i2a_canonical_payment_service" name="test_service_duplicate_transaction_id_exact_error" file="tests/test_dc12r1_s3_s2b_i2a_canonical_payment_service.py" line="368" time="0.358" /><testcase classname="tests.test_dc12r1_s3_s2b_i2a_canonical_payment_service" name="test_service_idempotent_replay_creates_one_financial_result" file="tests/test_dc12r1_s3_s2b_i2a_canonical_payment_service.py" line="404" time="0.326" /><testcase classname="tests.test_dc12r1_s3_s2b_i2a_canonical_payment_service" name="test_service_overpayment_rejection_exact_error" file="tests/test_dc12r1_s3_s2b_i2a_canonical_payment_service.py" line="440" time="0.308" /><testcase classname="tests.test_dc12r1_s3_s2b_i2a_canonical_payment_service" name="test_service_force_completed_cannot_create_pending_payment" file="tests/test_dc12r1_s3_s2b_i2a_canonical_payment_service.py" line="463" time="0.315" /><testcase classname="tests.test_dc12r1_s3_s2b_i2a_canonical_payment_service" name="test_service_cross_tenant_same_key_isolated" file="tests/test_dc12r1_s3_s2b_i2a_canonical_payment_service.py" line="623" time="0.760" /><testcase classname="tests.test_dc12r1_s3_s2b_i2a_canonical_payment_service" name="test_service_failures_after_mutation_stages_rollback_all_effects" file="tests/test_dc12r1_s3_s2b_i2a_canonical_payment_service.py" line="685" time="0.556" /><testcase classname="tests.test_dc12r1_s3_s2b_i2a_canonical_payment_service" name="test_r3_negative_cash_amount_rejected_with_zero_mutation" file="tests/test_dc12r1_s3_s2b_i2a_canonical_payment_service.py" line="812" time="0.319" /><testcase classname="tests.test_dc12r1_s3_s2b_i2a_canonical_payment_service" name="test_r3_zero_amount_rejected" file="tests/test_dc12r1_s3_s2b_i2a_canonical_payment_service.py" line="844" time="0.241" /><testcase classname="tests.test_dc12r1_s3_s2b_i2a_canonical_payment_service" name="test_r3_nan_and_infinity_rejected_without_500[nan]" file="tests/test_dc12r1_s3_s2b_i2a_canonical_payment_service.py" line="867" time="0.248" /><testcase classname="tests.test_dc12r1_s3_s2b_i2a_canonical_payment_service" name="test_r3_nan_and_infinity_rejected_without_500[pos_inf]" file="tests/test_dc12r1_s3_s2b_i2a_canonical_payment_service.py" line="867" time="0.246" /><testcase classname="tests.test_dc12r1_s3_s2b_i2a_canonical_payment_service" name="test_r3_nan_and_infinity_rejected_without_500[neg_inf]" file="tests/test_dc12r1_s3_s2b_i2a_canonical_payment_service.py" line="867" time="0.262" /><testcase classname="tests.test_dc12r1_s3_s2b_i2a_canonical_payment_service" name="test_r3_skip_prechecks_cannot_bypass_amount_guard" file="tests/test_dc12r1_s3_s2b_i2a_canonical_payment_service.py" line="899" time="0.001" /><testcase classname="tests.test_dc12r1_s3_s2b_i2a_canonical_payment_service" name="test_r3_failed_attempt_leaves_transaction_retryable" file="tests/test_dc12r1_s3_s2b_i2a_canonical_payment_service.py" line="931" time="0.365" /><testcase classname="tests.test_dc3b_credential_recovery_backend" name="test_forgot_password_neutral_for_existing_and_nonexistent_email" file="tests/test_dc3b_credential_recovery_backend.py" line="337" time="0.527" /><testcase classname="tests.test_dc3b_credential_recovery_backend" name="test_broken_tenant_schema_does_not_block_healthy_password_reset" file="tests/test_dc3b_credential_recovery_backend.py" line="352" time="0.476" /><testcase classname="tests.test_dc3b_credential_recovery_backend" name="test_production_fail_closed_creates_no_token" file="tests/test_dc3b_credential_recovery_backend.py" line="373" time="0.563" /><testcase classname="tests.test_dc3b_credential_recovery_backend" name="test_reset_token_stored_hash_only_raw_never_persisted" file="tests/test_dc3b_credential_recovery_backend.py" line="418" time="0.693" /><testcase classname="tests.test_dc3b_credential_recovery_backend" name="test_reset_with_valid_token_updates_password" file="tests/test_dc3b_credential_recovery_backend.py" line="445" time="1.378" /><testcase classname="tests.test_dc3b_credential_recovery_backend" name="test_invalid_states_fail_neutrally" file="tests/test_dc3b_credential_recovery_backend.py" line="467" time="2.084" /><testcase classname="tests.test_dc3b_credential_recovery_backend" name="test_query_string_token_rejected" file="tests/test_dc3b_credential_recovery_backend.py" line="537" time="0.452" /><testcase classname="tests.test_dc3b_credential_recovery_backend" name="test_reset_updates_both_tenant_copies" file="tests/test_dc3b_credential_recovery_backend.py" line="553" time="2.249" /><testcase classname="tests.test_dc3b_credential_recovery_backend" name="test_login_succeeds_after_reset_with_multiple_copies" file="tests/test_dc3b_credential_recovery_backend.py" line="576" time="3.829" /><testcase classname="tests.test_dc3b_credential_recovery_backend" name="test_setup_credential_propagates_to_other_tenant_copies" file="tests/test_dc3b_credential_recovery_backend.py" line="600" time="2.319" /><testcase classname="tests.test_dc3b_credential_recovery_backend" name="test_no_internal_ids_tokens_hashes_in_public_responses" file="tests/test_dc3b_credential_recovery_backend.py" line="652" time="0.883" /><testcase classname="tests.test_dc3b_credential_recovery_backend" name="test_r1_different_passwords_isolates_unverified_tenant" file="tests/test_dc3b_credential_recovery_backend.py" line="694" time="2.786" /><testcase classname="tests.test_dc3b_credential_recovery_backend" name="test_r1_same_password_different_user_ids_selects_both" file="tests/test_dc3b_credential_recovery_backend.py" line="749" time="2.198" /><testcase classname="tests.test_dc3b_credential_recovery_backend" name="test_r1_after_reset_both_copies_login_and_select" file="tests/test_dc3b_credential_recovery_backend.py" line="784" time="2.597" /><testcase classname="tests.test_dc3b_credential_recovery_backend" name="test_r1_identity_refresh_preserves_tenant_selection" file="tests/test_dc3b_credential_recovery_backend.py" line="812" time="2.101" /><testcase classname="tests.test_dc3b_credential_recovery_backend" name="test_r1_no_internal_mapping_in_public_responses" file="tests/test_dc3b_credential_recovery_backend.py" line="847" time="3.169" /></testsuite></testsuites>