{"numTotalTestSuites":12,"numPassedTestSuites":12,"numFailedTestSuites":0,"numPendingTestSuites":0,"numTotalTests":21,"numPassedTests":21,"numFailedTests":0,"numPendingTests":0,"numTodoTests":0,"startTime":1789352604065,"success":true,"testResults":[{"assertionResults":[{"ancestorTitles":["","R1 product-level multipackaging UX"],"fullName":" R1 product-level multipackaging UX F1 renders ONE card per product with both packaging choices inside it","status":"passed","title":"F1 renders ONE card per product with both packaging choices inside it","duration":110,"failureMessages":[]},{"ancestorTitles":["","R1 product-level multipackaging UX"],"fullName":" R1 product-level multipackaging UX F2 packaging selector switches selected sellable_unit_id, price and stock","status":"passed","title":"F2 packaging selector switches selected sellable_unit_id, price and stock","duration":352,"failureMessages":[]},{"ancestorTitles":["","R1 product-level multipackaging UX"],"fullName":" R1 product-level multipackaging UX F3 the real order submission carries exactly the selected unit UUID","status":"passed","title":"F3 the real order submission carries exactly the selected unit UUID","duration":244,"failureMessages":[]}],"startTime":1789352606848,"endTime":1789352607554,"status":"passed","message":"","name":"/home/ubuntu/sku-verify/g1g2-20260914/worktree/frontend/src/tests/ClientMultipackaging.test.tsx"},{"assertionResults":[{"ancestorTitles":["","S5-B frontend real user smoke gate"],"fullName":" S5-B frontend real user smoke gate lets an authenticated admin click the MVP sidebar pages without 403 or 500 toasts","status":"passed","title":"lets an authenticated admin click the MVP sidebar pages without 403 or 500 toasts","duration":1596,"failureMessages":[]}],"startTime":1789352609537,"endTime":1789352611133,"status":"passed","message":"","name":"/home/ubuntu/sku-verify/g1g2-20260914/worktree/frontend/src/tests/S5BRealUserSmoke.test.tsx"},{"assertionResults":[{"ancestorTitles":["","SKU catalog identity HTTP boundary"],"fullName":" SKU catalog identity HTTP boundary loads product-centered packaging through the real service and API client","status":"passed","title":"loads product-centered packaging through the real service and API client","duration":468,"failureMessages":[]},{"ancestorTitles":["","SKU catalog identity HTTP boundary"],"fullName":" SKU catalog identity HTTP boundary posts one product with multiple packaging options through the real API client","status":"passed","title":"posts one product with multiple packaging options through the real API client","duration":825,"failureMessages":[]}],"startTime":1789352609671,"endTime":1789352610964,"status":"passed","message":"","name":"/home/ubuntu/sku-verify/g1g2-20260914/worktree/frontend/src/tests/SKUCatalogIdentity.integration.test.tsx"},{"assertionResults":[{"ancestorTitles":["","SKU catalog identity vertical slice"],"fullName":" SKU catalog identity vertical slice creates one product with multiple independently identified packaging options","status":"passed","title":"creates one product with multiple independently identified packaging options","duration":1102,"failureMessages":[]},{"ancestorTitles":["","SKU catalog identity vertical slice"],"fullName":" SKU catalog identity vertical slice rejects an empty package quantity before calling the API","status":"passed","title":"rejects an empty package quantity before calling the API","duration":264,"failureMessages":[]},{"ancestorTitles":["","SKU catalog identity vertical slice"],"fullName":" SKU catalog identity vertical slice updates packaging activity without attempting to change its permanent code","status":"passed","title":"updates packaging activity without attempting to change its permanent code","duration":96,"failureMessages":[]}],"startTime":1789352609873,"endTime":1789352611335,"status":"passed","message":"","name":"/home/ubuntu/sku-verify/g1g2-20260914/worktree/frontend/src/tests/SKUCatalogIdentity.test.tsx"},{"assertionResults":[{"ancestorTitles":["","SKUListPage Import button permission gate"],"fullName":" SKUListPage Import button permission gate shows Import button when user has skus:import permission","status":"passed","title":"shows Import button when user has skus:import permission","duration":64,"failureMessages":[]},{"ancestorTitles":["","SKUListPage Import button permission gate"],"fullName":" SKUListPage Import button permission gate shows Import button when user has admin role without skus:import","status":"passed","title":"shows Import button when user has admin role without skus:import","duration":20,"failureMessages":[]},{"ancestorTitles":["","SKUListPage Import button permission gate"],"fullName":" SKUListPage Import button permission gate hides Import button when user lacks skus:import and is not admin","status":"passed","title":"hides Import button when user lacks skus:import and is not admin","duration":12,"failureMessages":[]},{"ancestorTitles":["","SKUListPage Import button permission gate"],"fullName":" SKUListPage Import button permission gate hides Import button for unauthenticated user","status":"passed","title":"hides Import button for unauthenticated user","duration":8,"failureMessages":[]},{"ancestorTitles":["","SKUListPage Add Product gate (U4-A)"],"fullName":" SKUListPage Add Product gate (U4-A) shows Add Product when user has skus:create","status":"passed","title":"shows Add Product when user has skus:create","duration":12,"failureMessages":[]},{"ancestorTitles":["","SKUListPage Add Product gate (U4-A)"],"fullName":" SKUListPage Add Product gate (U4-A) hides Add Product when user has inventory:write but NOT skus:create (proves fix)","status":"passed","title":"hides Add Product when user has inventory:write but NOT skus:create (proves fix)","duration":9,"failureMessages":[]},{"ancestorTitles":["","SKUListPage Add Product gate (U4-A)"],"fullName":" SKUListPage Add Product gate (U4-A) shows Add Product for admin (bypass)","status":"passed","title":"shows Add Product for admin (bypass)","duration":12,"failureMessages":[]},{"ancestorTitles":["","SKUListPage Add Product gate (U4-A)"],"fullName":" SKUListPage Add Product gate (U4-A) hides Add Product for unauthenticated user","status":"passed","title":"hides Add Product for unauthenticated user","duration":9,"failureMessages":[]},{"ancestorTitles":["","SKUListPage product-centered catalog and action permissions"],"fullName":" SKUListPage product-centered catalog and action permissions loads CatalogProduct data and renders multiple packaging options under one product","status":"passed","title":"loads CatalogProduct data and renders multiple packaging options under one product","duration":268,"failureMessages":[]},{"ancestorTitles":["","SKUListPage product-centered catalog and action permissions"],"fullName":" SKUListPage product-centered catalog and action permissions renders a safe empty-packaging state instead of crashing on legacy data","status":"passed","title":"renders a safe empty-packaging state instead of crashing on legacy data","duration":19,"failureMessages":[]},{"ancestorTitles":["","SKUListPage product-centered catalog and action permissions"],"fullName":" SKUListPage product-centered catalog and action permissions allows add packaging with skus:create but hides update actions","status":"passed","title":"allows add packaging with skus:create but hides update actions","duration":113,"failureMessages":[]},{"ancestorTitles":["","SKUListPage product-centered catalog and action permissions"],"fullName":" SKUListPage product-centered catalog and action permissions allows product and packaging edits with skus:update but hides create actions","status":"passed","title":"allows product and packaging edits with skus:update but hides create actions","duration":71,"failureMessages":[]}],"startTime":1789352606605,"endTime":1789352607224,"status":"passed","message":"","name":"/home/ubuntu/sku-verify/g1g2-20260914/worktree/frontend/src/tests/SKUListPage.test.tsx"}]}
