$ pytest tests/test_tenant_bootstrap_db_authority.py (scenario=v3_verify_wrongown, label=v3_verify_wrongown, backend=C:\Users\Jeff0\MPANGO ERP\worktrees\zcode_tenant_bootstrap_db_authority_r1_2026-09-16\backend)
rc=0

============================= test session starts =============================
collecting ... collected 29 items

tests/test_tenant_bootstrap_db_authority.py::test_bootstrap_script_never_replaces_or_reowns_public_guard PASSED [  3%]
tests/test_tenant_bootstrap_db_authority.py::test_bootstrap_script_keeps_fail_closed_precondition_semantics PASSED [  6%]
tests/test_tenant_bootstrap_db_authority.py::test_grants_script_declares_only_minimum_runtime_grants PASSED [ 10%]
tests/test_tenant_bootstrap_db_authority.py::test_static_owner_fallback_removed_and_authority_derived_from_db_owner PASSED [ 13%]
tests/test_tenant_bootstrap_db_authority.py::test_static_verify_is_pure_catalog_read_only PASSED [ 17%]
tests/test_tenant_bootstrap_db_authority.py::test_static_identifier_validation_wired_in_all_modes PASSED [ 20%]
tests/test_tenant_bootstrap_db_authority.py::test_static_cluster_binding_precedes_writes PASSED [ 24%]
tests/test_tenant_bootstrap_db_authority.py::test_v3_preparation_gate_authority_topology_is_wired PASSED [ 27%]
tests/test_tenant_bootstrap_db_authority.py::test_v3_ok_preparation_gate_guard_function_is_intact SKIPPED [ 31%]
tests/test_tenant_bootstrap_db_authority.py::test_r1_public_lifecycle_activates_tenant_as_runtime_role SKIPPED [ 34%]
tests/test_tenant_bootstrap_db_authority.py::test_r2_tenant_contains_required_tables_two_views_mv_and_unique_index SKIPPED [ 37%]
tests/test_tenant_bootstrap_db_authority.py::test_r3_guard_owner_and_definition_preserved_across_tenant_creation SKIPPED [ 41%]
tests/test_tenant_bootstrap_db_authority.py::test_r4_ledger_update_and_delete_blocked_by_migration_owned_guard SKIPPED [ 44%]
tests/test_tenant_bootstrap_db_authority.py::test_r5_runtime_role_cannot_replace_reown_or_escalate SKIPPED [ 48%]
tests/test_tenant_bootstrap_db_authority.py::test_n1_missing_guard_function_fails_closed_zero_partial_tenant SKIPPED [ 51%]
tests/test_tenant_bootstrap_db_authority.py::test_n2_incompatible_guard_signature_fails_closed_zero_partial_tenant SKIPPED [ 55%]
tests/test_tenant_bootstrap_db_authority.py::test_n3_runtime_owned_guard_function_fails_closed_zero_partial_tenant SKIPPED [ 58%]
tests/test_tenant_bootstrap_db_authority.py::test_n4_missing_execute_privilege_fails_closed_zero_partial_tenant SKIPPED [ 62%]
tests/test_tenant_bootstrap_db_authority.py::test_r0_single_role_topology_refused_zero_partial_tenant SKIPPED [ 65%]
tests/test_tenant_bootstrap_db_authority.py::test_r0_owner_fallback_removed_env_undeclared SKIPPED [ 68%]
tests/test_tenant_bootstrap_db_authority.py::test_verify_cli_wrongowner_nonzero_and_read_only PASSED [ 72%]
tests/test_tenant_bootstrap_db_authority.py::test_injection_identifiers_rejected_zero_writes PASSED [ 75%]
tests/test_tenant_bootstrap_db_authority.py::test_cluster_binding_mismatch_zero_writes SKIPPED [ 79%]
tests/test_tenant_bootstrap_db_authority.py::test_first_deploy_cross_cluster_refused_zero_writes SKIPPED [ 82%]
tests/test_tenant_bootstrap_db_authority.py::test_partial_exists_first_deploy_refused_zero_writes SKIPPED [ 86%]
tests/test_tenant_bootstrap_db_authority.py::test_wrong_password_provision_refused_zero_writes SKIPPED [ 89%]
tests/test_tenant_bootstrap_db_authority.py::test_runtime_with_public_create_refused_zero_tenant SKIPPED [ 93%]
tests/test_tenant_bootstrap_db_authority.py::test_mutation_m1_sentinel_reintroducing_runtime_replace_is_refused SKIPPED [ 96%]
tests/test_tenant_bootstrap_db_authority.py::test_mutation_m2_sentinel_ownership_precondition_is_load_bearing SKIPPED [100%]

=================================== PASSES ====================================
=========================== short test summary info ===========================
PASSED tests/test_tenant_bootstrap_db_authority.py::test_bootstrap_script_never_replaces_or_reowns_public_guard
PASSED tests/test_tenant_bootstrap_db_authority.py::test_bootstrap_script_keeps_fail_closed_precondition_semantics
PASSED tests/test_tenant_bootstrap_db_authority.py::test_grants_script_declares_only_minimum_runtime_grants
PASSED tests/test_tenant_bootstrap_db_authority.py::test_static_owner_fallback_removed_and_authority_derived_from_db_owner
PASSED tests/test_tenant_bootstrap_db_authority.py::test_static_verify_is_pure_catalog_read_only
PASSED tests/test_tenant_bootstrap_db_authority.py::test_static_identifier_validation_wired_in_all_modes
PASSED tests/test_tenant_bootstrap_db_authority.py::test_static_cluster_binding_precedes_writes
PASSED tests/test_tenant_bootstrap_db_authority.py::test_v3_preparation_gate_authority_topology_is_wired
PASSED tests/test_tenant_bootstrap_db_authority.py::test_verify_cli_wrongowner_nonzero_and_read_only
PASSED tests/test_tenant_bootstrap_db_authority.py::test_injection_identifiers_rejected_zero_writes
SKIPPED [1] tests\test_tenant_bootstrap_db_authority.py:573: test targets scenario v3_ok (active: v3_verify_wrongown)
SKIPPED [1] tests\test_tenant_bootstrap_db_authority.py:770: test targets scenario v3_ok (active: v3_verify_wrongown)
SKIPPED [1] tests\test_tenant_bootstrap_db_authority.py:810: test targets scenario v3_ok (active: v3_verify_wrongown)
SKIPPED [1] tests\test_tenant_bootstrap_db_authority.py:865: test targets scenario v3_ok (active: v3_verify_wrongown)
SKIPPED [1] tests\test_tenant_bootstrap_db_authority.py:893: test targets scenario v3_ok (active: v3_verify_wrongown)
SKIPPED [1] tests\test_tenant_bootstrap_db_authority.py:986: test targets scenario v3_ok (active: v3_verify_wrongown)
SKIPPED [1] tests\test_tenant_bootstrap_db_authority.py:1208: test targets scenario v3_nofunc (active: v3_verify_wrongown)
SKIPPED [1] tests\test_tenant_bootstrap_db_authority.py:1218: test targets scenario v3_badsig (active: v3_verify_wrongown)
SKIPPED [1] tests\test_tenant_bootstrap_db_authority.py:1230: test targets scenario v3_wrongown (active: v3_verify_wrongown)
SKIPPED [1] tests\test_tenant_bootstrap_db_authority.py:1242: test targets scenario v3_nopriv (active: v3_verify_wrongown)
SKIPPED [1] tests\test_tenant_bootstrap_db_authority.py:1286: test targets scenario v3_ok (active: v3_verify_wrongown)
SKIPPED [1] tests\test_tenant_bootstrap_db_authority.py:1320: test targets scenario v3_wrongown (active: v3_verify_wrongown)
SKIPPED [1] tests\test_tenant_bootstrap_db_authority.py:1454: test targets scenario v3_ok (active: v3_verify_wrongown)
SKIPPED [1] tests\test_tenant_bootstrap_db_authority.py:1552: test targets scenario v3_ok (active: v3_verify_wrongown)
SKIPPED [1] tests\test_tenant_bootstrap_db_authority.py:1590: test targets scenario v3_ok (active: v3_verify_wrongown)
SKIPPED [1] tests\test_tenant_bootstrap_db_authority.py:1671: test targets scenario v3_ok (active: v3_verify_wrongown)
SKIPPED [1] tests\test_tenant_bootstrap_db_authority.py:1704: test targets scenario v3_ok (active: v3_verify_wrongown)
SKIPPED [1] tests\test_tenant_bootstrap_db_authority.py:1756: test targets scenario v3_ok (active: v3_verify_wrongown)
SKIPPED [1] tests\test_tenant_bootstrap_db_authority.py:1772: test targets scenario v3_wrongown (active: v3_verify_wrongown)
======================= 10 passed, 19 skipped in 2.14s ========================
