$ pytest tests/test_tenant_bootstrap_db_authority.py (scenario=v3_badsig, label=v3_badsig, backend=C:\Users\Jeff0\MPANGO ERP\worktrees\zcode_tenant_bootstrap_db_authority_r1_2026-09-16\backend)
rc=0

============================= test session starts =============================
collecting ... collected 29 items

tests/test_tenant_bootstrap_db_authority.py::test_bootstrap_script_never_replaces_or_reowns_public_guard PASSED [  3%]
tests/test_tenant_bootstrap_db_authority.py::test_bootstrap_script_keeps_fail_closed_precondition_semantics PASSED [  6%]
tests/test_tenant_bootstrap_db_authority.py::test_grants_script_declares_only_minimum_runtime_grants PASSED [ 10%]
tests/test_tenant_bootstrap_db_authority.py::test_static_owner_fallback_removed_and_authority_derived_from_db_owner PASSED [ 13%]
tests/test_tenant_bootstrap_db_authority.py::test_static_verify_is_pure_catalog_read_only PASSED [ 17%]
tests/test_tenant_bootstrap_db_authority.py::test_static_identifier_validation_wired_in_all_modes PASSED [ 20%]
tests/test_tenant_bootstrap_db_authority.py::test_static_cluster_binding_precedes_writes PASSED [ 24%]
tests/test_tenant_bootstrap_db_authority.py::test_v3_preparation_gate_authority_topology_is_wired PASSED [ 27%]
tests/test_tenant_bootstrap_db_authority.py::test_v3_ok_preparation_gate_guard_function_is_intact SKIPPED [ 31%]
tests/test_tenant_bootstrap_db_authority.py::test_r1_public_lifecycle_activates_tenant_as_runtime_role SKIPPED [ 34%]
tests/test_tenant_bootstrap_db_authority.py::test_r2_tenant_contains_required_tables_two_views_mv_and_unique_index SKIPPED [ 37%]
tests/test_tenant_bootstrap_db_authority.py::test_r3_guard_owner_and_definition_preserved_across_tenant_creation SKIPPED [ 41%]
tests/test_tenant_bootstrap_db_authority.py::test_r4_ledger_update_and_delete_blocked_by_migration_owned_guard SKIPPED [ 44%]
tests/test_tenant_bootstrap_db_authority.py::test_r5_runtime_role_cannot_replace_reown_or_escalate SKIPPED [ 48%]
tests/test_tenant_bootstrap_db_authority.py::test_n1_missing_guard_function_fails_closed_zero_partial_tenant SKIPPED [ 51%]
tests/test_tenant_bootstrap_db_authority.py::test_n2_incompatible_guard_signature_fails_closed_zero_partial_tenant PASSED [ 55%]
tests/test_tenant_bootstrap_db_authority.py::test_n3_runtime_owned_guard_function_fails_closed_zero_partial_tenant SKIPPED [ 58%]
tests/test_tenant_bootstrap_db_authority.py::test_n4_missing_execute_privilege_fails_closed_zero_partial_tenant SKIPPED [ 62%]
tests/test_tenant_bootstrap_db_authority.py::test_r0_single_role_topology_refused_zero_partial_tenant SKIPPED [ 65%]
tests/test_tenant_bootstrap_db_authority.py::test_r0_owner_fallback_removed_env_undeclared SKIPPED [ 68%]
tests/test_tenant_bootstrap_db_authority.py::test_verify_cli_wrongowner_nonzero_and_read_only SKIPPED [ 72%]
tests/test_tenant_bootstrap_db_authority.py::test_injection_identifiers_rejected_zero_writes SKIPPED [ 75%]
tests/test_tenant_bootstrap_db_authority.py::test_cluster_binding_mismatch_zero_writes SKIPPED [ 79%]
tests/test_tenant_bootstrap_db_authority.py::test_first_deploy_cross_cluster_refused_zero_writes SKIPPED [ 82%]
tests/test_tenant_bootstrap_db_authority.py::test_partial_exists_first_deploy_refused_zero_writes SKIPPED [ 86%]
tests/test_tenant_bootstrap_db_authority.py::test_wrong_password_provision_refused_zero_writes SKIPPED [ 89%]
tests/test_tenant_bootstrap_db_authority.py::test_runtime_with_public_create_refused_zero_tenant SKIPPED [ 93%]
tests/test_tenant_bootstrap_db_authority.py::test_mutation_m1_sentinel_reintroducing_runtime_replace_is_refused SKIPPED [ 96%]
tests/test_tenant_bootstrap_db_authority.py::test_mutation_m2_sentinel_ownership_precondition_is_load_bearing SKIPPED [100%]

============================== warnings summary ===============================
tests/test_tenant_bootstrap_db_authority.py::test_n2_incompatible_guard_signature_fails_closed_zero_partial_tenant
  C:\Users\Jeff0\MPANGO ERP\worktrees\zcode_tenant_bootstrap_db_authority_r1_2026-09-16\backend\database\base.py:7: MovedIn20Warning: The ``declarative_base()`` function is now available as sqlalchemy.orm.declarative_base(). (deprecated since: 2.0) (Background on SQLAlchemy 2.0 at: https://sqlalche.me/e/b8d9)
    Base = declarative_base()

tests/test_tenant_bootstrap_db_authority.py::test_n2_incompatible_guard_signature_fails_closed_zero_partial_tenant
  C:\Users\Jeff0\MPANGO ERP\worktrees\zcode_tenant_bootstrap_db_authority_r1_2026-09-16\backend\services\onboarding_service.py:299: DeprecationWarning: deprecated
    if request.password is not None:

tests/test_tenant_bootstrap_db_authority.py::test_n2_incompatible_guard_signature_fails_closed_zero_partial_tenant
  C:\Users\Jeff0\MPANGO ERP\worktrees\zcode_tenant_bootstrap_db_authority_r1_2026-09-16\backend\api\v1\auth.py:154: DeprecationWarning: datetime.datetime.utcnow() is deprecated and scheduled for removal in a future version. Use timezone-aware objects to represent datetimes in UTC: datetime.datetime.now(datetime.UTC).
    timestamp=datetime.utcnow(),

-- Docs: https://docs.pytest.org/en/stable/how-to/capture-warnings.html
=================================== PASSES ====================================
____ test_n2_incompatible_guard_signature_fails_closed_zero_partial_tenant ____
------------------------------ Captured log call ------------------------------
ERROR    core.rate_limiter:rate_limiter.py:130 Rate limiter error: ConnectionError
Traceback (most recent call last):
  File "C:\Users\Jeff0\MPANGO ERP\_zcode_mvp_invariants_r0_venv\Lib\site-packages\redis\asyncio\connection.py", line 290, in connect
    await self.retry.call_with_retry(
  File "C:\Users\Jeff0\MPANGO ERP\_zcode_mvp_invariants_r0_venv\Lib\site-packages\redis\asyncio\retry.py", line 59, in call_with_retry
    return await do()
           ^^^^^^^^^^
  File "C:\Users\Jeff0\MPANGO ERP\_zcode_mvp_invariants_r0_venv\Lib\site-packages\redis\asyncio\connection.py", line 723, in _connect
    reader, writer = await asyncio.open_connection(
                     ^^^^^^^^^^^^^^^^^^^^^^^^^^^^^^
  File "C:\Users\Jeff0\AppData\Local\Programs\Python\Python312\Lib\asyncio\streams.py", line 48, in open_connection
    transport, _ = await loop.create_connection(
                   ^^^^^^^^^^^^^^^^^^^^^^^^^^^^^
  File "C:\Users\Jeff0\AppData\Local\Programs\Python\Python312\Lib\asyncio\base_events.py", line 1083, in create_connection
    infos = await self._ensure_resolved(
            ^^^^^^^^^^^^^^^^^^^^^^^^^^^^
  File "C:\Users\Jeff0\AppData\Local\Programs\Python\Python312\Lib\asyncio\base_events.py", line 1466, in _ensure_resolved
    return await loop.getaddrinfo(host, port, family=family, type=type,
           ^^^^^^^^^^^^^^^^^^^^^^^^^^^^^^^^^^^^^^^^^^^^^^^^^^^^^^^^^^^^
  File "C:\Users\Jeff0\AppData\Local\Programs\Python\Python312\Lib\asyncio\base_events.py", line 905, in getaddrinfo
    return await self.run_in_executor(
           ^^^^^^^^^^^^^^^^^^^^^^^^^^^
  File "C:\Users\Jeff0\AppData\Local\Programs\Python\Python312\Lib\concurrent\futures\thread.py", line 59, in run
    result = self.fn(*self.args, **self.kwargs)
             ^^^^^^^^^^^^^^^^^^^^^^^^^^^^^^^^^^
  File "C:\Users\Jeff0\AppData\Local\Programs\Python\Python312\Lib\socket.py", line 978, in getaddrinfo
    for res in _socket.getaddrinfo(host, port, family, type, proto, flags):
               ^^^^^^^^^^^^^^^^^^^^^^^^^^^^^^^^^^^^^^^^^^^^^^^^^^^^^^^^^^^
socket.gaierror: [Errno 11001] getaddrinfo failed

During handling of the above exception, another exception occurred:

Traceback (most recent call last):
  File "C:\Users\Jeff0\MPANGO ERP\worktrees\zcode_tenant_bootstrap_db_authority_r1_2026-09-16\backend\core\rate_limiter.py", line 84, in check_rate_limit
    count = await redis.incr(redis_key)
            ^^^^^^^^^^^^^^^^^^^^^^^^^^^
  File "C:\Users\Jeff0\MPANGO ERP\_zcode_mvp_invariants_r0_venv\Lib\site-packages\redis\asyncio\client.py", line 641, in execute_command
    conn = self.connection or await pool.get_connection()
                              ^^^^^^^^^^^^^^^^^^^^^^^^^^^
  File "C:\Users\Jeff0\MPANGO ERP\_zcode_mvp_invariants_r0_venv\Lib\site-packages\redis\asyncio\connection.py", line 1100, in get_connection
    await self.ensure_connection(connection)
  File "C:\Users\Jeff0\MPANGO ERP\_zcode_mvp_invariants_r0_venv\Lib\site-packages\redis\asyncio\connection.py", line 1133, in ensure_connection
    await connection.connect()
  File "C:\Users\Jeff0\MPANGO ERP\_zcode_mvp_invariants_r0_venv\Lib\site-packages\redis\asyncio\connection.py", line 298, in connect
    raise ConnectionError(self._error_message(e))
redis.exceptions.ConnectionError: Error 11001 connecting to redis:6379. getaddrinfo failed.
ERROR    core.rate_limiter:rate_limiter.py:130 Rate limiter error: ConnectionError
Traceback (most recent call last):
  File "C:\Users\Jeff0\MPANGO ERP\_zcode_mvp_invariants_r0_venv\Lib\site-packages\redis\asyncio\connection.py", line 290, in connect
    await self.retry.call_with_retry(
  File "C:\Users\Jeff0\MPANGO ERP\_zcode_mvp_invariants_r0_venv\Lib\site-packages\redis\asyncio\retry.py", line 59, in call_with_retry
    return await do()
           ^^^^^^^^^^
  File "C:\Users\Jeff0\MPANGO ERP\_zcode_mvp_invariants_r0_venv\Lib\site-packages\redis\asyncio\connection.py", line 723, in _connect
    reader, writer = await asyncio.open_connection(
                     ^^^^^^^^^^^^^^^^^^^^^^^^^^^^^^
  File "C:\Users\Jeff0\AppData\Local\Programs\Python\Python312\Lib\asyncio\streams.py", line 48, in open_connection
    transport, _ = await loop.create_connection(
                   ^^^^^^^^^^^^^^^^^^^^^^^^^^^^^
  File "C:\Users\Jeff0\AppData\Local\Programs\Python\Python312\Lib\asyncio\base_events.py", line 1083, in create_connection
    infos = await self._ensure_resolved(
            ^^^^^^^^^^^^^^^^^^^^^^^^^^^^
  File "C:\Users\Jeff0\AppData\Local\Programs\Python\Python312\Lib\asyncio\base_events.py", line 1466, in _ensure_resolved
    return await loop.getaddrinfo(host, port, family=family, type=type,
           ^^^^^^^^^^^^^^^^^^^^^^^^^^^^^^^^^^^^^^^^^^^^^^^^^^^^^^^^^^^^
  File "C:\Users\Jeff0\AppData\Local\Programs\Python\Python312\Lib\asyncio\base_events.py", line 905, in getaddrinfo
    return await self.run_in_executor(
           ^^^^^^^^^^^^^^^^^^^^^^^^^^^
  File "C:\Users\Jeff0\AppData\Local\Programs\Python\Python312\Lib\concurrent\futures\thread.py", line 59, in run
    result = self.fn(*self.args, **self.kwargs)
             ^^^^^^^^^^^^^^^^^^^^^^^^^^^^^^^^^^
  File "C:\Users\Jeff0\AppData\Local\Programs\Python\Python312\Lib\socket.py", line 978, in getaddrinfo
    for res in _socket.getaddrinfo(host, port, family, type, proto, flags):
               ^^^^^^^^^^^^^^^^^^^^^^^^^^^^^^^^^^^^^^^^^^^^^^^^^^^^^^^^^^^
socket.gaierror: [Errno 11001] getaddrinfo failed

During handling of the above exception, another exception occurred:

Traceback (most recent call last):
  File "C:\Users\Jeff0\MPANGO ERP\worktrees\zcode_tenant_bootstrap_db_authority_r1_2026-09-16\backend\core\rate_limiter.py", line 84, in check_rate_limit
    count = await redis.incr(redis_key)
            ^^^^^^^^^^^^^^^^^^^^^^^^^^^
  File "C:\Users\Jeff0\MPANGO ERP\_zcode_mvp_invariants_r0_venv\Lib\site-packages\redis\asyncio\client.py", line 641, in execute_command
    conn = self.connection or await pool.get_connection()
                              ^^^^^^^^^^^^^^^^^^^^^^^^^^^
  File "C:\Users\Jeff0\MPANGO ERP\_zcode_mvp_invariants_r0_venv\Lib\site-packages\redis\asyncio\connection.py", line 1100, in get_connection
    await self.ensure_connection(connection)
  File "C:\Users\Jeff0\MPANGO ERP\_zcode_mvp_invariants_r0_venv\Lib\site-packages\redis\asyncio\connection.py", line 1133, in ensure_connection
    await connection.connect()
  File "C:\Users\Jeff0\MPANGO ERP\_zcode_mvp_invariants_r0_venv\Lib\site-packages\redis\asyncio\connection.py", line 298, in connect
    raise ConnectionError(self._error_message(e))
redis.exceptions.ConnectionError: Error 11001 connecting to redis:6379. getaddrinfo failed.
=========================== short test summary info ===========================
PASSED tests/test_tenant_bootstrap_db_authority.py::test_bootstrap_script_never_replaces_or_reowns_public_guard
PASSED tests/test_tenant_bootstrap_db_authority.py::test_bootstrap_script_keeps_fail_closed_precondition_semantics
PASSED tests/test_tenant_bootstrap_db_authority.py::test_grants_script_declares_only_minimum_runtime_grants
PASSED tests/test_tenant_bootstrap_db_authority.py::test_static_owner_fallback_removed_and_authority_derived_from_db_owner
PASSED tests/test_tenant_bootstrap_db_authority.py::test_static_verify_is_pure_catalog_read_only
PASSED tests/test_tenant_bootstrap_db_authority.py::test_static_identifier_validation_wired_in_all_modes
PASSED tests/test_tenant_bootstrap_db_authority.py::test_static_cluster_binding_precedes_writes
PASSED tests/test_tenant_bootstrap_db_authority.py::test_v3_preparation_gate_authority_topology_is_wired
PASSED tests/test_tenant_bootstrap_db_authority.py::test_n2_incompatible_guard_signature_fails_closed_zero_partial_tenant
SKIPPED [1] tests\test_tenant_bootstrap_db_authority.py:573: test targets scenario v3_ok (active: v3_badsig)
SKIPPED [1] tests\test_tenant_bootstrap_db_authority.py:770: test targets scenario v3_ok (active: v3_badsig)
SKIPPED [1] tests\test_tenant_bootstrap_db_authority.py:810: test targets scenario v3_ok (active: v3_badsig)
SKIPPED [1] tests\test_tenant_bootstrap_db_authority.py:865: test targets scenario v3_ok (active: v3_badsig)
SKIPPED [1] tests\test_tenant_bootstrap_db_authority.py:893: test targets scenario v3_ok (active: v3_badsig)
SKIPPED [1] tests\test_tenant_bootstrap_db_authority.py:986: test targets scenario v3_ok (active: v3_badsig)
SKIPPED [1] tests\test_tenant_bootstrap_db_authority.py:1208: test targets scenario v3_nofunc (active: v3_badsig)
SKIPPED [1] tests\test_tenant_bootstrap_db_authority.py:1230: test targets scenario v3_wrongown (active: v3_badsig)
SKIPPED [1] tests\test_tenant_bootstrap_db_authority.py:1242: test targets scenario v3_nopriv (active: v3_badsig)
SKIPPED [1] tests\test_tenant_bootstrap_db_authority.py:1286: test targets scenario v3_ok (active: v3_badsig)
SKIPPED [1] tests\test_tenant_bootstrap_db_authority.py:1320: test targets scenario v3_wrongown (active: v3_badsig)
SKIPPED [1] tests\test_tenant_bootstrap_db_authority.py:1354: test targets scenario v3_verify_wrongown (active: v3_badsig)
SKIPPED [1] tests\test_tenant_bootstrap_db_authority.py:1403: test targets scenario v3_verify_wrongown (active: v3_badsig)
SKIPPED [1] tests\test_tenant_bootstrap_db_authority.py:1454: test targets scenario v3_ok (active: v3_badsig)
SKIPPED [1] tests\test_tenant_bootstrap_db_authority.py:1552: test targets scenario v3_ok (active: v3_badsig)
SKIPPED [1] tests\test_tenant_bootstrap_db_authority.py:1590: test targets scenario v3_ok (active: v3_badsig)
SKIPPED [1] tests\test_tenant_bootstrap_db_authority.py:1671: test targets scenario v3_ok (active: v3_badsig)
SKIPPED [1] tests\test_tenant_bootstrap_db_authority.py:1704: test targets scenario v3_ok (active: v3_badsig)
SKIPPED [1] tests\test_tenant_bootstrap_db_authority.py:1756: test targets scenario v3_ok (active: v3_badsig)
SKIPPED [1] tests\test_tenant_bootstrap_db_authority.py:1772: test targets scenario v3_wrongown (active: v3_badsig)
================== 9 passed, 20 skipped, 3 warnings in 9.43s ==================
