<?xml version='1.0' encoding='utf-8'?>
<testsuites name="pytest tests"><testsuite name="pytest" errors="0" failures="0" skipped="0" tests="12" time="21.580" timestamp="2026-08-24T15:01:24.626231+08:00" hostname="ivy-20149"><testcase classname="tests.test_dc12r1_j1_h2b_forgot_password_runtime_closure" name="test_t1_internal_failure_neutral_200_zero_tokens_plus_observable_log" time="0.303" /><testcase classname="tests.test_dc12r1_j1_h2b_forgot_password_runtime_closure" name="test_t2_official_lifecycle_account_token_and_email" time="2.411" /><testcase classname="tests.test_dc12r1_j1_h2b_forgot_password_runtime_closure" name="test_t3_nonexistent_and_inactive_neutral_zero_side_effects_and_zero_events" time="0.881" /><testcase classname="tests.test_dc12r1_j1_h2b_forgot_password_runtime_closure" name="test_t4_unrelated_scan_failure_target_found_partial_telemetry" time="0.620" /><testcase classname="tests.test_dc12r1_j1_h2b_forgot_password_runtime_closure" name="test_t5_delivery_failure_rollback" time="0.577" /><testcase classname="tests.test_dc12r1_j1_h2b_forgot_password_runtime_closure" name="test_t6_unexpected_failure_metric_and_neutral_external" time="0.185" /><testcase classname="tests.test_dc12r1_j1_h2b_forgot_password_runtime_closure" name="test_t7_replay_exact_401_token_remains_used_password_not_applied" time="2.829" /><testcase classname="tests.test_dc12r1_j1_h2b_forgot_password_runtime_closure" name="test_t8_query_string_token_rejected" time="0.597" /><testcase classname="tests.test_dc12r1_j1_h2b_forgot_password_runtime_closure" name="test_t9_target_scan_failure_one_internal_event_evidence_preserved" time="0.626" /><testcase classname="tests.test_dc12r1_j1_h2b_forgot_password_runtime_closure" name="test_t10_consume_scan_incomplete_token_stays_actionable" time="1.368" /><testcase classname="tests.test_dc12r1_j1_h2b_forgot_password_runtime_closure" name="test_t11_consume_partial_scan_fails_closed_both_old_token_intact" time="3.743" /><testcase classname="tests.test_dc12r1_j1_h2b_forgot_password_runtime_closure" name="test_t12_partial_apply_rolls_back_first_copy_token_intact" time="3.842" /></testsuite></testsuites>