$ pytest tests/test_tenant_bootstrap_db_authority.py (scenario=v3_verify_wrongown, label=v3_verify_wrongown, backend=C:\Users\Jeff0\MPANGO ERP\worktrees\zcode_tenant_bootstrap_db_authority_r1_2026-09-16\backend)
rc=0

============================= test session starts =============================
collecting ... collected 25 items

tests/test_tenant_bootstrap_db_authority.py::test_bootstrap_script_never_replaces_or_reowns_public_guard PASSED [  4%]
tests/test_tenant_bootstrap_db_authority.py::test_bootstrap_script_keeps_fail_closed_precondition_semantics PASSED [  8%]
tests/test_tenant_bootstrap_db_authority.py::test_grants_script_declares_only_minimum_runtime_grants PASSED [ 12%]
tests/test_tenant_bootstrap_db_authority.py::test_static_owner_fallback_removed_and_authority_derived_from_db_owner PASSED [ 16%]
tests/test_tenant_bootstrap_db_authority.py::test_static_verify_is_pure_catalog_read_only PASSED [ 20%]
tests/test_tenant_bootstrap_db_authority.py::test_static_identifier_validation_wired_in_all_modes PASSED [ 24%]
tests/test_tenant_bootstrap_db_authority.py::test_static_cluster_binding_precedes_writes PASSED [ 28%]
tests/test_tenant_bootstrap_db_authority.py::test_v3_preparation_gate_authority_topology_is_wired PASSED [ 32%]
tests/test_tenant_bootstrap_db_authority.py::test_v3_ok_preparation_gate_guard_function_is_intact SKIPPED [ 36%]
tests/test_tenant_bootstrap_db_authority.py::test_r1_public_lifecycle_activates_tenant_as_runtime_role SKIPPED [ 40%]
tests/test_tenant_bootstrap_db_authority.py::test_r2_tenant_contains_required_tables_two_views_mv_and_unique_index SKIPPED [ 44%]
tests/test_tenant_bootstrap_db_authority.py::test_r3_guard_owner_and_definition_preserved_across_tenant_creation SKIPPED [ 48%]
tests/test_tenant_bootstrap_db_authority.py::test_r4_ledger_update_and_delete_blocked_by_migration_owned_guard SKIPPED [ 52%]
tests/test_tenant_bootstrap_db_authority.py::test_r5_runtime_role_cannot_replace_reown_or_escalate SKIPPED [ 56%]
tests/test_tenant_bootstrap_db_authority.py::test_n1_missing_guard_function_fails_closed_zero_partial_tenant SKIPPED [ 60%]
tests/test_tenant_bootstrap_db_authority.py::test_n2_incompatible_guard_signature_fails_closed_zero_partial_tenant SKIPPED [ 64%]
tests/test_tenant_bootstrap_db_authority.py::test_n3_runtime_owned_guard_function_fails_closed_zero_partial_tenant SKIPPED [ 68%]
tests/test_tenant_bootstrap_db_authority.py::test_n4_missing_execute_privilege_fails_closed_zero_partial_tenant SKIPPED [ 72%]
tests/test_tenant_bootstrap_db_authority.py::test_r0_single_role_topology_refused_zero_partial_tenant SKIPPED [ 76%]
tests/test_tenant_bootstrap_db_authority.py::test_r0_owner_fallback_removed_env_undeclared SKIPPED [ 80%]
tests/test_tenant_bootstrap_db_authority.py::test_verify_cli_wrongowner_nonzero_and_read_only PASSED [ 84%]
tests/test_tenant_bootstrap_db_authority.py::test_injection_identifiers_rejected_zero_writes PASSED [ 88%]
tests/test_tenant_bootstrap_db_authority.py::test_cluster_binding_mismatch_zero_writes SKIPPED [ 92%]
tests/test_tenant_bootstrap_db_authority.py::test_mutation_m1_sentinel_reintroducing_runtime_replace_is_refused SKIPPED [ 96%]
tests/test_tenant_bootstrap_db_authority.py::test_mutation_m2_sentinel_ownership_precondition_is_load_bearing SKIPPED [100%]

=================================== PASSES ====================================
=========================== short test summary info ===========================
PASSED tests/test_tenant_bootstrap_db_authority.py::test_bootstrap_script_never_replaces_or_reowns_public_guard
PASSED tests/test_tenant_bootstrap_db_authority.py::test_bootstrap_script_keeps_fail_closed_precondition_semantics
PASSED tests/test_tenant_bootstrap_db_authority.py::test_grants_script_declares_only_minimum_runtime_grants
PASSED tests/test_tenant_bootstrap_db_authority.py::test_static_owner_fallback_removed_and_authority_derived_from_db_owner
PASSED tests/test_tenant_bootstrap_db_authority.py::test_static_verify_is_pure_catalog_read_only
PASSED tests/test_tenant_bootstrap_db_authority.py::test_static_identifier_validation_wired_in_all_modes
PASSED tests/test_tenant_bootstrap_db_authority.py::test_static_cluster_binding_precedes_writes
PASSED tests/test_tenant_bootstrap_db_authority.py::test_v3_preparation_gate_authority_topology_is_wired
PASSED tests/test_tenant_bootstrap_db_authority.py::test_verify_cli_wrongowner_nonzero_and_read_only
PASSED tests/test_tenant_bootstrap_db_authority.py::test_injection_identifiers_rejected_zero_writes
SKIPPED [1] tests\test_tenant_bootstrap_db_authority.py:571: test targets scenario v3_ok (active: v3_verify_wrongown)
SKIPPED [1] tests\test_tenant_bootstrap_db_authority.py:768: test targets scenario v3_ok (active: v3_verify_wrongown)
SKIPPED [1] tests\test_tenant_bootstrap_db_authority.py:808: test targets scenario v3_ok (active: v3_verify_wrongown)
SKIPPED [1] tests\test_tenant_bootstrap_db_authority.py:863: test targets scenario v3_ok (active: v3_verify_wrongown)
SKIPPED [1] tests\test_tenant_bootstrap_db_authority.py:891: test targets scenario v3_ok (active: v3_verify_wrongown)
SKIPPED [1] tests\test_tenant_bootstrap_db_authority.py:984: test targets scenario v3_ok (active: v3_verify_wrongown)
SKIPPED [1] tests\test_tenant_bootstrap_db_authority.py:1207: test targets scenario v3_nofunc (active: v3_verify_wrongown)
SKIPPED [1] tests\test_tenant_bootstrap_db_authority.py:1217: test targets scenario v3_badsig (active: v3_verify_wrongown)
SKIPPED [1] tests\test_tenant_bootstrap_db_authority.py:1229: test targets scenario v3_wrongown (active: v3_verify_wrongown)
SKIPPED [1] tests\test_tenant_bootstrap_db_authority.py:1241: test targets scenario v3_nopriv (active: v3_verify_wrongown)
SKIPPED [1] tests\test_tenant_bootstrap_db_authority.py:1285: test targets scenario v3_ok (active: v3_verify_wrongown)
SKIPPED [1] tests\test_tenant_bootstrap_db_authority.py:1319: test targets scenario v3_wrongown (active: v3_verify_wrongown)
SKIPPED [1] tests\test_tenant_bootstrap_db_authority.py:1453: test targets scenario v3_ok (active: v3_verify_wrongown)
SKIPPED [1] tests\test_tenant_bootstrap_db_authority.py:1509: test targets scenario v3_ok (active: v3_verify_wrongown)
SKIPPED [1] tests\test_tenant_bootstrap_db_authority.py:1525: test targets scenario v3_wrongown (active: v3_verify_wrongown)
======================= 10 passed, 15 skipped in 1.55s ========================
