<?xml version="1.0" encoding="utf-8"?><testsuites name="pytest tests"><testsuite name="pytest" errors="22" failures="37" skipped="63" tests="2727" time="1603.484" timestamp="2026-08-28T09:07:27.572326+08:00" hostname="ivy-20149"><properties>
[...]
</properties><testcase classname="tests.api.test_wholesaler" name="test_create_wholesaler" time="0.005" /><testcase classname="tests.api.test_wholesaler" name="test_create_wholesaler_contract_is_registry_only" time="0.002" /><testcase classname="tests.api.test_wholesaler" name="test_get_wholesaler_list" time="0.002" /><testcase classname="tests.api.test_wholesaler" name="test_create_duplicate_code_fails" time="0.002" /><testcase classname="tests.b6_hardening.test_b6_global_tenant_filter" name="test_b6_requires_tenant_context_for_orm_select" time="0.023" /><testcase classname="tests.b6_hardening.test_b6_global_tenant_filter" name="test_b6_orders_query_without_tenant_id_raises_tenant_context_missing_error" time="0.008" /><testcase classname="tests.b6_hardening.test_b6_global_tenant_filter" name="test_b6_ignore_tenant_escape_hatch_skips_enforcement" time="0.008" /><testcase classname="tests.b6_hardening.test_b6_global_tenant_filter" name="test_b6_run_as_system_bypass_skips_enforcement" time="0.007" /><testcase classname="tests.b6_hardening.test_b6_global_tenant_filter" name="test_b6_applies_tenant_id_filter_when_model_has_tenant_id_column" time="0.007" /><testcase classname="tests.b6_hardening.test_b6_global_tenant_filter" name="test_b6_ignore_tenant_skips_tenant_id_filtering" time="0.006" /><testcase classname="tests.b6_hardening.test_b6_payment_atomicity" name="test_b6_create_payment_rollback_on_balance_update_failure" time="0.002" /><testcase classname="tests.b6_hardening.test_b6_payments_api" name="test_b6_create_payment_route_is_disabled_before_service_call" time="0.002" /><testcase classname="tests.b6_hardening.test_b6_payments_api" name="test_b6_idempotency_key_idempotent_same_payload" time="0.003" /><testcase classname="tests.b6_hardening.test_b6_payments_api" name="test_b6_idempotency_key_conflict_returns_409" time="0.001" /><testcase classname="tests.b6_hardening.test_b6_payments_api" name="test_b6_cash_does_not_update_outstanding_balance" time="0.001" /><testcase classname="tests.business.test_financial_loop" name="test_order_confirm_pay_fulfill_ledger_entries" time="0.936" /><testcase classname="tests.business.test_financial_loop" name="test_ledger_entries_are_immutable" time="0.555" /><testcase classname="tests.business.test_financial_loop" name="test_inventory_deduction_gap_documented" time="0.594" /><testcase classname="tests.business.test_s4_order_fulfillment_inventory_invariants" name="test_paid_fulfillment_decrements_stock_and_writes_movement" time="0.828" /><testcase classname="tests.business.test_s4_order_fulfillment_inventory_invariants" name="test_insufficient_stock_rolls_back_order_stock_and_movement" time="0.757" /><testcase classname="tests.business.test_s4_order_fulfillment_inventory_invariants" name="test_duplicate_fulfillment_does_not_deduct_twice" time="0.780" /><testcase classname="tests.business.test_s4_order_fulfillment_inventory_invariants" name="test_multi_item_shortage_rolls_back_all_prior_deductions" time="0.758" /><testcase classname="tests.business.test_s4_order_fulfillment_inventory_invariants" name="test_fulfillment_is_tenant_schema_isolated" time="0.710" /><testcase classname="tests.business.test_s4_order_fulfillment_inventory_invariants" name="test_unpaid_order_cannot_fulfill_and_stock_is_unchanged" time="0.605" /><testcase classname="tests.business.test_s4b_inventory_reversal_invariants" name="test_return_after_fulfillment_restores_stock_and_writes_restock_movement" time="0.796" /><testcase classname="tests.business.test_s4b_inventory_reversal_invariants" name="test_duplicate_return_restores_inventory_exactly_once" time="0.807" /><testcase classname="tests.business.test_s4b_inventory_reversal_invariants" name="test_confirmed_cancel_does_not_change_stock_or_write_inventory_movement" time="0.745" /><testcase classname="tests.business.test_s4b_inventory_reversal_invariants" name="test_paid_cancel_is_rejected_and_does_not_change_stock" time="0.622" /><testcase classname="tests.business.test_s4b_inventory_reversal_invariants" name="test_fulfilled_cancel_is_rejected_and_does_not_reverse_inventory" time="0.730" /><testcase classname="tests.business.test_s4b_inventory_reversal_invariants" name="test_unfulfilled_return_is_rejected_and_stock_is_unchanged" time="0.645" /><testcase classname="tests.business.test_s4b_inventory_reversal_invariants" name="test_return_restock_failure_rolls_back_status_and_refund_ledger" time="0.905" /><testcase classname="tests.business.test_s4b_inventory_reversal_invariants" name="test_return_restock_is_tenant_schema_isolated" time="0.900" /><testcase classname="tests.business.test_s4b_inventory_reversal_invariants" name="test_return_posts_refund_ledger_and_inventory_restock" time="0.842" /><testcase classname="tests.business.test_s4c_concurrent_fulfillment_oversell_invariants" name="test_same_sku_two_paid_orders_stock_only_enough_for_one" time="1.165" /><testcase classname="tests.business.test_s4c_concurrent_fulfillment_oversell_invariants" name="test_same_sku_two_paid_orders_stock_enough_for_both" time="1.147" /><testcase classname="tests.business.test_s4c_concurrent_fulfillment_oversell_invariants" name="test_multi_item_order_competing_with_single_item_rolls_back_loser" time="1.057" /><testcase classname="tests.business.test_s4c_concurrent_fulfillment_oversell_invariants" name="test_duplicate_fulfillment_race_on_same_order_deducts_once" time="0.955" /><testcase classname="tests.business.test_s4c_concurrent_fulfillment_oversell_invariants" name="test_tenant_isolation_under_concurrent_fulfillment" time="1.250" /><testcase classname="tests.business.test_s4d_inventory_movement_ledger_integrity" name="test_fulfillment_movement_math_reference_and_type" time="0.776" /><testcase classname="tests.business.test_s4d_inventory_movement_ledger_integrity" name="test_return_movement_math_sequence_reference_and_type" time="0.878" /><testcase classname="tests.business.test_s4d_inventory_movement_ledger_integrity" name="test_manual_adjustment_movements_use_manual_reference_and_math" time="0.638" /><testcase classname="tests.business.test_s4d_inventory_movement_ledger_integrity" name="test_failed_fulfillment_writes_no_orphan_movement" time="0.701" /><testcase classname="tests.business.test_s4d_inventory_movement_ledger_integrity" name="test_failed_return_writes_no_orphan_restock_or_refund_ledger" time="0.883" /><testcase classname="tests.business.test_s4d_inventory_movement_ledger_integrity" name="test_multi_item_fulfillment_writes_independent_movements" time="0.720" /><testcase classname="tests.business.test_s4d_inventory_movement_ledger_integrity" name="test_concurrent_fulfillment_writes_one_consistent_deduction" time="0.970" /><testcase classname="tests.business.test_s4d_inventory_movement_ledger_integrity" name="test_tenant_isolation_for_movement_ledger" time="0.818" /><testcase classname="tests.business.test_s4d_inventory_movement_ledger_integrity" name="test_movement_list_endpoint_matches_database" time="0.619" /><testcase classname="tests.business.test_s4e_reservation_schema_contract" name="test_inventory_reservation_model_is_exported" time="0.002" /><testcase classname="tests.business.test_s4e_reservation_schema_contract" name="test_inventory_reservations_table_contract_exists_in_test_schema" time="0.474" /><testcase classname="tests.business.test_s4e_reservation_schema_contract" name="test_fresh_tenant_bootstrap_creates_inventory_reservations_contract" time="1.617" /><testcase classname="tests.business.test_s4e_stock_reservation_lifecycle_audit" name="test_confirm_creates_owned_reservation_rows_and_updates_aggregate" time="0.896" /><testcase classname="tests.business.test_s4e_stock_reservation_lifecycle_audit" name="test_confirm_insufficient_available_rolls_back_order_stock_and_reservations" time="0.722" /><testcase classname="tests.business.test_s4e_stock_reservation_lifecycle_audit" name="test_concurrent_confirm_does_not_over_reserve_or_accept_excess_demand" time="1.174" /><testcase classname="tests.business.test_s4e_stock_reservation_lifecycle_audit" name="test_duplicate_confirm_does_not_create_duplicate_reservation_rows" time="0.766" /><testcase classname="tests.business.test_s4e_stock_reservation_lifecycle_audit" name="test_cancel_releases_only_this_order_reservation_rows" time="0.977" /><testcase classname="tests.business.test_s4e_stock_reservation_lifecycle_audit" name="test_duplicate_cancel_does_not_double_release_reservation" time="0.854" /><testcase classname="tests.business.test_s4e_stock_reservation_lifecycle_audit" name="test_fulfillment_consumes_only_this_order_reservation_and_deducts_on_hand" time="1.069" /><testcase classname="tests.business.test_s4e_stock_reservation_lifecycle_audit" name="test_direct_paid_order_with_no_reservation_preserves_unrelated_reservations" time="0.857" /><testcase classname="tests.business.test_s4e_stock_reservation_lifecycle_audit" name="test_return_restores_on_hand_without_creating_reservation" time="0.872" /><testcase classname="tests.business.test_s4e_stock_reservation_lifecycle_audit" name="test_concurrent_fulfill_consumes_reservation_once_and_writes_one_movement" time="0.958" /><testcase classname="tests.business.test_s4e_stock_reservation_lifecycle_audit" name="test_reservation_table_and_aggregate_stock_are_tenant_isolated" time="0.705" /><testcase classname="tests.business.test_s4e_stock_reservation_lifecycle_audit" name="test_reserve_release_and_consume_movement_boundaries" time="0.974" /><testcase classname="tests.business.test_s4f_business_invariant_closeout" name="test_confirm_creates_reservation_and_insufficient_confirm_rolls_back" time="0.972" /><testcase classname="tests.business.test_s4f_business_invariant_closeout" name="test_pay_preserves_inventory_reservation_and_existing_phase5_ledger_semantics" time="0.941" /><testcase classname="tests.business.test_s4f_business_invariant_closeout" name="test_unpaid_order_cannot_fulfill_and_inventory_is_unchanged" time="0.854" /><testcase classname="tests.business.test_s4f_business_invariant_closeout" name="test_fulfill_consumes_owned_reservation_writes_movement_and_duplicate_is_stable" time="1.031" /><testcase classname="tests.business.test_s4f_business_invariant_closeout" name="test_return_restores_on_hand_without_re_reserving_and_duplicate_is_stable" time="1.136" /><testcase classname="tests.business.test_s4f_business_invariant_closeout" name="test_cancel_confirmed_releases_reservation_and_paid_or_fulfilled_cancel_is_rejected" time="1.189" /><testcase classname="tests.business.test_s4f_business_invariant_closeout" name="test_multi_item_confirm_and_fulfill_failures_roll_back_all_side_effects" time="1.071" /><testcase classname="tests.business.test_s4f_business_invariant_closeout" name="test_same_sku_code_isolated_across_two_tenant_schemas" time="2.549" /><testcase classname="tests.security.test_exploit_guardrail" name="test_cross_tenant_order_read_is_blocked_by_orm_filter" time="0.516" /><testcase classname="tests.security.test_exploit_guardrail" name="test_cross_tenant_order_write_does_not_leak_back_to_attacker" time="0.457" /><testcase classname="tests.security.test_exploit_guardrail" name="test_tenant_schema_without_tenant_id_is_rejected_by_guardrail" time="0.398" /><testcase classname="tests.security.test_jwt_boundaries.TestJWTTokenClaims" name="test_identity_token_has_no_tenant_claims" time="0.009" /><testcase classname="tests.security.test_jwt_boundaries.TestJWTTokenClaims" name="test_contextual_token_has_tenant_claims" time="0.003" /><testcase classname="tests.security.test_jwt_boundaries.TestJWTTokenClaims" name="test_super_admin_identity_token_has_super_admin_role" time="0.002" /><testcase classname="tests.security.test_jwt_boundaries.TestScenarioA_IdentityJWTCannotAccessBusinessData" name="test_identity_jwt_rejected_for_orders_endpoint" time="0.003" /><testcase classname="tests.security.test_jwt_boundaries.TestScenarioB_IdentityJWTCannotSelectUnauthorizedTenant" name="test_select_tenant_rejects_unauthorized_tenant" time="0.002" /><testcase classname="tests.security.test_jwt_boundaries.TestScenarioC_SuperAdminIdentityJWTBoundaries" name="test_super_admin_identity_token_for_system_endpoint" time="0.002" /><testcase classname="tests.security.test_jwt_boundaries.TestScenarioC_SuperAdminIdentityJWTBoundaries" name="test_super_admin_identity_token_cannot_access_business_data" time="0.002" /><testcase classname="tests.security.test_jwt_boundaries.TestTokenClaimInspection" name="test_identity_token_payload_structure" time="0.002" /><testcase classname="tests.security.test_jwt_boundaries.TestTokenClaimInspection" name="test_contextual_token_payload_structure" time="0.002" /><testcase classname="tests.security.test_jwt_boundaries.TestMiddlewareBehavior" name="test_middleware_skips_tenant_context_for_identity_jwt" time="0.001" /><testcase classname="tests.security.test_jwt_boundaries.TestMiddlewareBehavior" name="test_middleware_attaches_tenant_context_for_contextual_jwt" time="0.002" /><testcase classname="tests.test_alembic_migrations.TestAlembicMigrationIsolation" name="test_migration_creates_tenant_schema" time="0.001"><skipped type="pytest.skip" message="Requires running Alembic CLI - integration test">/home/ivy/Desktop/dc12r1-mvp-l1-j1-h2-c-r1-r2-r1-v2-r1-worktree/backend/tests/test_alembic_migrations.py:41: Requires running Alembic CLI - integration test</skipped></testcase><testcase classname="tests.test_alembic_migrations.TestAlembicMigrationIsolation" name="test_tenant_migration_does_not_affect_public_schema" time="0.001"><skipped type="pytest.skip" message="Requires running Alembic CLI - integration test">/home/ivy/Desktop/dc12r1-mvp-l1-j1-h2-c-r1-r2-r1-v2-r1-worktree/backend/tests/test_alembic_migrations.py:50: Requires running Alembic CLI - integration test</skipped></testcase><testcase classname="tests.test_alembic_migrations.TestAlembicMigrationIsolation" name="test_public_migration_does_not_create_tenant_tables" time="0.001"><skipped type="pytest.skip" message="Requires running Alembic CLI - integration test">/home/ivy/Desktop/dc12r1-mvp-l1-j1-h2-c-r1-r2-r1-v2-r1-worktree/backend/tests/test_alembic_migrations.py:59: Requires running Alembic CLI - integration test</skipped></testcase><testcase classname="tests.test_alembic_migrations.TestAlembicMigrationIsolation" name="test_tenant_schema_name_format_is_valid" time="5.334" /><testcase classname="tests.test_alembic_migrations.TestMigrationFileStructure" name="test_initial_migration_exists" time="0.001" /><testcase classname="tests.test_alembic_migrations.TestMigrationFileStructure" name="test_initial_migration_has_required_functions" time="0.002" /><testcase classname="tests.test_alembic_migrations.TestMigrationFileStructure" name="test_migration_has_revision_identifiers" time="0.001" /><testcase classname="tests.test_auth_bypass" name="test_auth_bypass_enabled" time="0.008" /><testcase classname="tests.test_auth_bypass" name="test_auth_bypass_with_valid_payload" time="0.009" /><testcase classname="tests.test_auth_bypass" name="test_auth_bypass_disabled" time="0.006" /><testcase classname="tests.test_auth_bypass" name="test_jwt_strategy_rejects_invalid_auth_scheme" time="0.005" /><testcase classname="tests.test_auth_bypass" name="test_rbac_still_enforced_in_test_mode" time="0.006" /><testcase classname="tests.test_auth_regressions" name="test_select_tenant_uses_user_roles_table_and_returns_contextual_tokens" time="0.005" /><testcase classname="tests.test_auth_regressions" name="test_get_current_user_identity_token_returns_nullable_email" time="0.001" /><testcase classname="tests.test_b5_real_db.TestB5RealDB" name="test_cash_payment" time="0.064" /><testcase classname="tests.test_b5_real_db.TestB5RealDB" name="test_idempotency_violation" time="0.024" /><testcase classname="tests.test_b5_real_db.TestB5RealDB" name="test_idempotent_replay" time="0.020" /><testcase classname="tests.test_b5_real_db.TestB5RealDB" name="test_transfer_payment_first" time="0.020" /><testcase classname="tests.test_crud_scoped" name="test_scoped_requires_tenant_schema_in_session_info" time="0.001" /><testcase classname="tests.test_crud_scoped" name="test_scoped_allows_tenant_session_info" time="0.001" /><testcase classname="tests.test_dc10e_export_worker_tenant_context" name="test_worker_real_reporting_session_has_required_tenant_context" time="0.253" /><testcase classname="tests.test_dc10e_export_worker_tenant_context" name="test_worker_sets_tenant_context_before_first_sql" time="0.003" /><testcase classname="tests.test_dc10e_export_worker_tenant_context" name="test_valid_tenant_export_creates_metadata_and_downloads" time="0.066" /><testcase classname="tests.test_dc10e_export_worker_tenant_context" name="test_tenant_a_export_does_not_include_tenant_b_rows" time="0.112" /><testcase classname="tests.test_dc10e_export_worker_tenant_context" name="test_missing_or_invalid_tenant_context_fails_closed" time="0.003" /><testcase classname="tests.test_dc10e_export_worker_tenant_context" name="test_retry_does_not_lose_tenant_context" time="0.071" /><testcase classname="tests.test_dc10e_export_worker_tenant_context" name="test_export_worker_uses_no_tenant_filter_bypass" time="0.001" /><testcase classname="tests.test_dc10e_export_worker_tenant_context" name="test_export_metadata_exposes_no_sensitive_runtime_values" time="0.003" /><testcase classname="tests.test_dc10f_payment_method_integrity" name="test_invalid_pay_order_method_is_rejected_before_financial_side_effects" time="0.005" /><testcase classname="tests.test_dc10f_payment_method_integrity" name="test_pay_order_request_rejects_non_canonical_method" time="0.001" /><testcase classname="tests.test_dc10f_payment_method_integrity" name="test_pay_order_request_accepts_canonical_payment_methods" time="0.001" /><testcase classname="tests.test_dc10f_payment_method_integrity" name="test_http_pay_order_rejects_banana_method_without_financial_side_effects" time="0.024" /><testcase classname="tests.test_dc10f_r1_payment_method_migration" name="test_fresh_bootstrap_payments_table_has_canonical_method_constraint" time="1.574" /><testcase classname="tests.test_dc10f_r1_payment_method_migration" name="test_bootstrap_reconcile_wrong_same_name_payment_constraint_fails_closed" time="0.858" /><testcase classname="tests.test_dc10f_r1_payment_method_migration" name="test_null_member_payment_method_checks_allow_banana_but_migration_rejects_them[CONSTRAINT legacy_payments_method_in_null CHECK (method IN ('cash', 'transfer', 'credit', NULL))]" time="0.131" /><testcase classname="tests.test_dc10f_r1_payment_method_migration" name="test_null_member_payment_method_checks_allow_banana_but_migration_rejects_them[CONSTRAINT legacy_payments_method_any_null CHECK (method = ANY (ARRAY['cash', 'transfer', 'credit', NULL]))]" time="0.139" /><testcase classname="tests.test_dc10f_r1_payment_method_migration" name="test_null_member_payment_method_checks_allow_banana_but_bootstrap_rejects_them[CONSTRAINT legacy_payments_method_in_null CHECK (method IN ('cash', 'transfer', 'credit', NULL))]" time="0.790" /><testcase classname="tests.test_dc10f_r1_payment_method_migration" name="test_null_member_payment_method_checks_allow_banana_but_bootstrap_rejects_them[CONSTRAINT legacy_payments_method_any_null CHECK (method = ANY (ARRAY['cash', 'transfer', 'credit', NULL]))]" time="0.807" /><testcase classname="tests.test_dc10f_r1_payment_method_migration" name="test_registered_existing_tenant_receives_constraint_and_second_run_is_idempotent" time="0.177" /><testcase classname="tests.test_dc10f_r1_payment_method_migration" name="test_canonical_existing_constraint_is_noop" time="0.148" /><testcase classname="tests.test_dc10f_r1_payment_method_migration" name="test_noncanonical_payment_row_fails_before_constraint_mutation" time="0.123" /><testcase classname="tests.test_dc10f_r1_payment_method_migration" name="test_wrong_same_name_constraint_fails_closed" time="0.126" /><testcase classname="tests.test_dc10f_r1_payment_method_migration" name="test_semantically_incompatible_payment_method_constraints_fail_closed[CONSTRAINT ck_payments_method_negative CHECK (method NOT IN ('cash', 'transfer', 'credit'))-incompatible method check]" time="0.139" /><testcase classname="tests.test_dc10f_r1_payment_method_migration" name="test_semantically_incompatible_payment_method_constraints_fail_closed[CONSTRAINT ck_payments_method_or_banana CHECK (method IN ('cash', 'transfer', 'credit') OR method = 'banana')-incompatible method check]" time="0.142" /><testcase classname="tests.test_dc10f_r1_payment_method_migration" name="test_semantically_incompatible_payment_method_constraints_fail_closed[CONSTRAINT ck_payments_status_same_literals CHECK (status IN ('cash', 'transfer', 'credit'))-incompatible method check]" time="0.132" /><testcase classname="tests.test_dc10f_r1_payment_method_migration" name="test_semantically_incompatible_payment_method_constraints_fail_closed[CONSTRAINT ck_payments_method_coalesce_wrapper CHECK (COALESCE(method IN ('cash', 'transfer', 'credit'), false))-incompatible method check]" time="0.147" /><testcase classname="tests.test_dc10f_r1_payment_method_migration" name="test_semantically_incompatible_payment_method_constraints_fail_closed[CONSTRAINT ck_payments_method_current_user CHECK (method IN ('cash', 'transfer', 'credit', current_user::text))-incompatible method check]" time="0.140" /><testcase classname="tests.test_dc10f_r1_payment_method_migration" name="test_semantically_incompatible_payment_method_constraints_fail_closed[CONSTRAINT ck_payments_method_array_concat CHECK (method = ANY (ARRAY['cash', 'transfer', 'credit'] || ARRAY[current_user::text]))-incompatible method check]" time="0.134" /><testcase classname="tests.test_dc10f_r1_payment_method_migration" name="test_canonical_plus_equivalent_legacy_duplicate_fails_closed" time="0.145" /><testcase classname="tests.test_dc10f_r1_payment_method_migration" name="test_multiple_equivalent_legacy_constraints_fail_closed" time="0.155" /><testcase classname="tests.test_dc10f_r1_payment_method_migration" name="test_equivalent_legacy_constraint_is_renamed_without_duplicate" time="0.189" /><testcase classname="tests.test_dc10f_r1_payment_method_migration" name="test_unregistered_t_schema_is_untouched" time="0.278" /><testcase classname="tests.test_dc10f_r1_payment_method_migration" name="test_invalid_registry_schema_fails_closed_before_mutation" time="0.150" /><testcase classname="tests.test_dc10f_r1_payment_method_migration" name="test_tenant_schema_argument_invalid_identifier_fails_sanitized" time="0.052" /><testcase classname="tests.test_dc10f_r1_payment_method_migration" name="test_registered_target_missing_payments_table_fails_closed" time="0.133" /><testcase classname="tests.test_dc10f_r1_payment_method_migration" name="test_canonical_methods_insert_and_banana_insert_fails_after_migration" time="0.163" /><testcase classname="tests.test_dc10g_platform_uuid_export_error_hardening.TestPlatformTenantUUIDHardening" name="test_malformed_wholesaler_id_returns_404_before_sql" time="0.006" /><testcase classname="tests.test_dc10g_platform_uuid_export_error_hardening.TestPlatformTenantUUIDHardening" name="test_well_formed_missing_uuid_returns_404" time="0.004" /><testcase classname="tests.test_dc10g_platform_uuid_export_error_hardening.TestPlatformAuditUUIDHardening" name="test_malformed_log_id_returns_404_before_sql" time="0.002" /><testcase classname="tests.test_dc10g_platform_uuid_export_error_hardening.TestPlatformAuditUUIDHardening" name="test_well_formed_missing_log_id_returns_404" time="0.002" /><testcase classname="tests.test_dc10g_platform_uuid_export_error_hardening.TestP10GetAuditEventDirect" name="test_malformed_uuid_returns_none_without_db_call" time="0.002" /><testcase classname="tests.test_dc10g_platform_uuid_export_error_hardening.TestP10GetAuditEventDirect" name="test_well_formed_missing_uuid_returns_none" time="0.002" /><testcase classname="tests.test_dc10g_platform_uuid_export_error_hardening.TestExportEnqueueErrorBoundary" name="test_enqueue_failure_sanitized_response_and_logs" time="0.004" /><testcase classname="tests.test_dc10g_platform_uuid_export_error_hardening.TestExportEnqueueErrorBoundary" name="test_malformed_export_id_returns_400" time="0.001" /><testcase classname="tests.test_dc10k_finance_receivables_runtime" name="test_receivable_orders_handle_postgres_timestamptz" time="0.487" /><testcase classname="tests.test_dc10k_finance_receivables_runtime" name="test_receivables_summary_is_scoped_to_current_wholesaler" time="0.488" /><testcase classname="tests.test_dc10l_order_status_enum_reconciliation" name="test_migration_is_self_contained_and_normalizes_catalog_bytes" time="0.001" /><testcase classname="tests.test_dc10l_order_status_enum_reconciliation" name="test_migration_closes_real_finance_enum_coercion_failure_and_is_idempotent" time="0.475" /><testcase classname="tests.test_dc10l_order_status_enum_reconciliation" name="test_preflight_failure_prevents_partial_enum_mutation_across_tenants" time="0.232" /><testcase classname="tests.test_dc10l_order_status_enum_reconciliation" name="test_unregistered_and_inactive_tenant_schemas_are_not_mutated" time="0.325" /><testcase classname="tests.test_dc10l_order_status_enum_reconciliation" name="test_wrong_order_status_column_type_fails_closed" time="0.134" /><testcase classname="tests.test_dc10l_order_status_enum_reconciliation" name="test_fresh_bootstrap_creates_complete_order_status_enum" time="2.554" /><testcase classname="tests.test_dc10l_order_status_enum_reconciliation" name="test_bootstrap_reconciles_existing_legacy_order_status_enum" time="3.441" /><testcase classname="tests.test_dc10l_order_status_enum_reconciliation" name="test_bootstrap_rejects_wrong_order_status_type_without_creating_enum" time="1.582" /><testcase classname="tests.test_dc11d_payment_replay_concurrency_integrity" name="test_sequential_same_financial_result_replay_creates_one_financial_result" time="0.858" /><testcase classname="tests.test_dc11d_payment_replay_concurrency_integrity" name="test_concurrent_same_financial_result_replay_creates_one_financial_result" time="1.292" /><testcase classname="tests.test_dc11d_payment_replay_concurrency_integrity" name="test_payment_notes_are_rejected_without_side_effects" time="0.690" /><testcase classname="tests.test_dc11d_payment_replay_concurrency_integrity" name="test_concurrent_different_keys_cannot_overpay" time="1.313" /><testcase classname="tests.test_dc11d_payment_replay_concurrency_integrity" name="test_empty_body_and_empty_object_create_no_side_effects" time="1.150" /><testcase classname="tests.test_dc11d_payment_replay_concurrency_integrity" name="test_conflicting_idempotency_key_returns_409" time="0.829" /><testcase classname="tests.test_dc11d_payment_replay_concurrency_integrity" name="test_duplicate_transfer_reference_returns_sanitized_409" time="0.838" /><testcase classname="tests.test_dc11d_payment_replay_concurrency_integrity" name="test_unrelated_integrity_error_is_not_idempotency_conflict_and_rolls_back" time="1.585" /><testcase classname="tests.test_dc11d_payment_replay_concurrency_integrity" name="test_rollback_after_state_failure_leaves_tables_unchanged" time="1.447" /><testcase classname="tests.test_dc11d_payment_replay_concurrency_integrity" name="test_cross_tenant_same_idempotency_key_is_isolated" time="2.044" /><testcase classname="tests.test_dc11p0_platform_operator_identity_contract.TestPlatformGuardContract" name="test_guard_module_exists" time="0.001" /><testcase classname="tests.test_dc11p0_platform_operator_identity_contract.TestPlatformGuardContract" name="test_guard_checks_is_identity_only" time="0.001" /><testcase classname="tests.test_dc11p0_platform_operator_identity_contract.TestPlatformGuardContract" name="test_guard_checks_is_super_admin" time="0.001" /><testcase classname="tests.test_dc11p0_platform_operator_identity_contract.TestPlatformGuardContract" name="test_guard_mentions_platform_operator_secret_is_not_browser" time="0.001" /><testcase classname="tests.test_dc11p0_platform_operator_identity_contract.TestPlatformOperatorModelExists" name="test_platform_operator_model_in_models_init" time="0.001" /><testcase classname="tests.test_dc11p0_platform_operator_identity_contract.TestPlatformOperatorModelExists" name="test_platform_operator_model_file_exists" time="0.002" /><testcase classname="tests.test_dc11p0_platform_operator_identity_contract.TestNoPlatformAuthEndpoints" name="test_auth_router_has_no_platform_endpoints" time="0.002" /><testcase classname="tests.test_dc11p0_platform_operator_identity_contract.TestNoPlatformAuthEndpoints" name="test_no_platform_operators_router" time="0.002" /><testcase classname="tests.test_dc11p0_platform_operator_identity_contract.TestLoginRoleAggregation" name="test_login_aggregates_roles_from_matches" time="0.001" /><testcase classname="tests.test_dc11p0_platform_operator_identity_contract.TestLoginRoleAggregation" name="test_find_user_across_tenants_collects_roles" time="0.001" /><testcase classname="tests.test_dc11p0_platform_operator_identity_contract.TestFrontendPlatformOperatorSecretContract" name="test_platform_api_comment_states_no_secret_sent" time="0.001" /><testcase classname="tests.test_dc11p0_platform_operator_identity_contract.TestMigrationAndTableState" name="test_034_migration_exists" time="0.002" /><testcase classname="tests.test_dc11p0_platform_operator_identity_contract.TestMigrationAndTableState" name="test_platform_operator_setup_tokens_model_exists" time="0.001" /><testcase classname="tests.test_dc11p0_platform_operator_identity_contract.TestMigrationAndTableState" name="test_platform_operator_reset_tokens_model_exists" time="0.001" /><testcase classname="tests.test_dc11p0_platform_operator_identity_contract.TestMigrationAndTableState" name="test_recovery_credentials_model_exists" time="0.001" /><testcase classname="tests.test_dc11p0_platform_operator_identity_contract.TestMigrationAndTableState" name="test_token_payload_has_no_auth_version" time="0.001" /><testcase classname="tests.test_dc11p1_platform_operator_schema.TestMigrationStructure" name="test_all_four_tables_in_public_schema" time="0.157" /><testcase classname="tests.test_dc11p1_platform_operator_schema.TestMigrationStructure" name="test_no_operator_tables_in_tenant_schemas" time="0.165" /><testcase classname="tests.test_dc11p1_platform_operator_schema.TestMigrationStructure" name="test_no_email_hash_column" time="0.128" /><testcase classname="tests.test_dc11p1_platform_operator_schema.TestMigrationStructure" name="test_platform_operators_has_all_columns" time="0.152" /><testcase classname="tests.test_dc11p1_platform_operator_schema.TestMigrationStructure" name="test_migration_revision_and_down_revision" time="0.109" /><testcase classname="tests.test_dc11p1_platform_operator_schema.TestMigrationStructure" name="test_migration_imports_no_runtime_models" time="0.090" /><testcase classname="tests.test_dc11p1_platform_operator_schema.TestEmailNormalization" name="test_mixed_case_email_rejected" time="0.126" /><testcase classname="tests.test_dc11p1_platform_operator_schema.TestEmailNormalization" name="test_surrounding_whitespace_rejected" time="0.111" /><testcase classname="tests.test_dc11p1_platform_operator_schema.TestEmailNormalization" name="test_empty_email_rejected" time="0.142" /><testcase classname="tests.test_dc11p1_platform_operator_schema.TestEmailNormalization" name="test_whitespace_only_email_rejected" time="0.110" /><testcase classname="tests.test_dc11p1_platform_operator_schema.TestEmailNormalization" name="test_normalized_email_accepted" time="0.377" /><testcase classname="tests.test_dc11p1_platform_operator_schema.TestEmailNormalization" name="test_duplicate_normalized_email_rejected" time="0.370" /><testcase classname="tests.test_dc11p1_platform_operator_schema.TestOperatorConstraints" name="test_invalid_status_rejected" time="0.139" /><testcase classname="tests.test_dc11p1_platform_operator_schema.TestOperatorConstraints" name="test_invalid_role_rejected" time="0.132" /><testcase classname="tests.test_dc11p1_platform_operator_schema.TestOperatorConstraints" name="test_negative_attempts_rejected" time="0.147" /><testcase classname="tests.test_dc11p1_platform_operator_schema.TestOperatorConstraints" name="test_auth_version_zero_rejected" time="0.152" /><testcase classname="tests.test_dc11p1_platform_operator_schema.TestOperatorConstraints" name="test_active_without_password_rejected" time="0.156" /><testcase classname="tests.test_dc11p1_platform_operator_schema.TestOperatorConstraints" name="test_active_with_revoked_rejected" time="0.129" /><testcase classname="tests.test_dc11p1_platform_operator_schema.TestTokenConstraints" name="test_setup_used_and_revoked_rejected" time="0.363" /><testcase classname="tests.test_dc11p1_platform_operator_schema.TestTokenConstraints" name="test_duplicate_active_setup_rejected" time="0.293" /><testcase classname="tests.test_dc11p1_platform_operator_schema.TestTokenConstraints" name="test_used_setup_allows_replacement" time="0.410" /><testcase classname="tests.test_dc11p1_platform_operator_schema.TestTokenConstraints" name="test_expired_setup_still_blocks_index" time="0.438" /><testcase classname="tests.test_dc11p1_platform_operator_schema.TestTokenConstraints" name="test_duplicate_active_reset_rejected" time="0.408" /><testcase classname="tests.test_dc11p1_platform_operator_schema.TestTokenConstraints" name="test_token_hash_globally_unique_within_table" time="0.387" /><testcase classname="tests.test_dc11p1_platform_operator_schema.TestRecoveryConstraints" name="test_active_ok" time="0.259" /><testcase classname="tests.test_dc11p1_platform_operator_schema.TestRecoveryConstraints" name="test_used_with_revoked_rejected" time="0.254" /><testcase classname="tests.test_dc11p1_platform_operator_schema.TestRecoveryConstraints" name="test_active_with_used_at_rejected" time="0.227" /><testcase classname="tests.test_dc11p1_platform_operator_schema.TestRecoveryConstraints" name="test_duplicate_active_recovery_rejected" time="0.489" /><testcase classname="tests.test_dc11p1_platform_operator_schema.TestRecoveryConstraints" name="test_credential_hash_globally_unique" time="0.489" /><testcase classname="tests.test_dc11p1_platform_operator_schema.TestForeignKeyBehavior" name="test_setup_cascade_on_delete" time="0.271" /><testcase classname="tests.test_dc11p1_platform_operator_schema.TestForeignKeyBehavior" name="test_invited_by_set_null" time="0.266" /><testcase classname="tests.test_dc11p1_platform_operator_schema.TestSecurityColumns" name="test_setup_tokens_no_plaintext_cols" time="0.133" /><testcase classname="tests.test_dc11p1_platform_operator_schema.TestSecurityColumns" name="test_reset_tokens_no_plaintext_cols" time="0.129" /><testcase classname="tests.test_dc11p1_platform_operator_schema.TestSecurityColumns" name="test_recovery_no_plaintext_cols" time="0.126" /><testcase classname="tests.test_dc11p1_platform_operator_schema.TestORMCatalogParity" name="test_partial_unique_indexes_exist_in_catalog" time="0.136" /><testcase classname="tests.test_dc11p1_platform_operator_schema.TestORMCatalogParity" name="test_orm_declares_matching_indexes" time="0.068" /><testcase classname="tests.test_dc11t2_async_test_utils" name="test_run_coroutine_reuses_current_loop" time="0.002" /><testcase classname="tests.test_dc11t2_async_test_utils" name="test_run_coroutine_replaces_closed_loop" time="0.002" /><testcase classname="tests.test_dc11t2_async_test_utils" name="test_alembic_upgrade_restores_current_loop" time="0.001" /><testcase classname="tests.test_dc11t2_async_test_utils" name="test_alembic_downgrade_restores_current_loop" time="0.001" /><testcase classname="tests.test_dc11t2_async_test_utils" name="test_temp_db_guard_accepts_explicit_loopback_test_source" time="0.001" /><testcase classname="tests.test_dc11t2_async_test_utils" name="test_temp_db_guard_rejects_missing_positive_authorization[MPANGO_ENV-production-test environment]" time="0.001" /><testcase classname="tests.test_dc11t2_async_test_utils" name="test_temp_db_guard_rejects_missing_positive_authorization[MPANGO_ALLOW_TEMP_DB_CREATE-0-explicit opt-in]" time="0.001" /><testcase classname="tests.test_dc11t2_async_test_utils" name="test_temp_db_guard_rejects_missing_positive_authorization[MPANGO_TEMP_DB_ALLOWED_PORTS-55449-port is not explicitly allowed]" time="0.002" /><testcase classname="tests.test_dc11t2_async_test_utils" name="test_temp_db_guard_rejects_source_not_matching_test_database_url" time="0.001" /><testcase classname="tests.test_dc11t2_async_test_utils" name="test_temp_db_guard_rejects_nonlocal_host" time="0.001" /><testcase classname="tests.test_dc11t2_async_test_utils" name="test_temp_db_guard_rejects_unmarked_database_name" time="0.001" /><testcase classname="tests.test_dc11t2_async_test_utils" name="test_temp_db_guard_rejects_production_user" time="0.001" /><testcase classname="tests.test_dc11t2_async_test_utils" name="test_temporary_database_context_refuses_without_positive_guard" time="0.001" /><testcase classname="tests.test_dc11t2_async_test_utils" name="test_temporary_database_context_rejects_untrusted_prefix" time="0.001" /><testcase classname="tests.test_dc11t2_async_test_utils" name="test_temp_db_creates_and_drops_exact_database" time="0.021"><failure message="RuntimeError: temporary database source must have an explicit test name">tests/test_dc11t2_async_test_utils.py:345: in test_temp_db_creates_and_drops_exact_database
    with async_test_utils.temporary_database_url(real_url, "dc11t2ok") as temp_url:
/usr/lib/python3.12/contextlib.py:137: in __enter__
    return next(self.gen)
           ^^^^^^^^^^^^^^
tests/async_test_utils.py:201: in temporary_database_url
    parsed = _validate_temporary_database_source(source_url)
             ^^^^^^^^^^^^^^^^^^^^^^^^^^^^^^^^^^^^^^^^^^^^^^^
tests/async_test_utils.py:120: in _validate_temporary_database_source
    raise RuntimeError("temporary database source must have an explicit test name")
E   RuntimeError: temporary database source must have an explicit test name</failure></testcase><testcase classname="tests.test_dc11t2_async_test_utils" name="test_temp_db_terminates_own_role_session_and_drops" time="0.018"><failure message="RuntimeError: temporary database source must have an explicit test name">tests/test_dc11t2_async_test_utils.py:359: in test_temp_db_terminates_own_role_session_and_drops
    with async_test_utils.temporary_database_url(real_url, "dc11t2own") as temp_url:
/usr/lib/python3.12/contextlib.py:137: in __enter__
    return next(self.gen)
           ^^^^^^^^^^^^^^
tests/async_test_utils.py:201: in temporary_database_url
    parsed = _validate_temporary_database_source(source_url)
             ^^^^^^^^^^^^^^^^^^^^^^^^^^^^^^^^^^^^^^^^^^^^^^^
tests/async_test_utils.py:120: in _validate_temporary_database_source
    raise RuntimeError("temporary database source must have an explicit test name")
E   RuntimeError: temporary database source must have an explicit test name</failure></testcase><testcase classname="tests.test_dc11t2_async_test_utils" name="test_temp_db_waits_out_transient_foreign_session" time="0.428"><failure message="RuntimeError: temporary database source must have an explicit test name">tests/test_dc11t2_async_test_utils.py:385: in test_temp_db_waits_out_transient_foreign_session
    with async_test_utils.temporary_database_url(real_url, "dc11t2tr") as temp_url:
/usr/lib/python3.12/contextlib.py:137: in __enter__
    return next(self.gen)
           ^^^^^^^^^^^^^^
tests/async_test_utils.py:201: in temporary_database_url
    parsed = _validate_temporary_database_source(source_url)
             ^^^^^^^^^^^^^^^^^^^^^^^^^^^^^^^^^^^^^^^^^^^^^^^
tests/async_test_utils.py:120: in _validate_temporary_database_source
    raise RuntimeError("temporary database source must have an explicit test name")
E   RuntimeError: temporary database source must have an explicit test name</failure></testcase><testcase classname="tests.test_dc11t2_async_test_utils" name="test_temp_db_persistent_foreign_session_fails_closed_sanitized" time="0.326"><failure message="RuntimeError: temporary database source must have an explicit test name">tests/test_dc11t2_async_test_utils.py:410: in test_temp_db_persistent_foreign_session_fails_closed_sanitized
    with async_test_utils.temporary_database_url(real_url, "dc11t2ps") as temp_url:
/usr/lib/python3.12/contextlib.py:137: in __enter__
    return next(self.gen)
           ^^^^^^^^^^^^^^
tests/async_test_utils.py:201: in temporary_database_url
    parsed = _validate_temporary_database_source(source_url)
             ^^^^^^^^^^^^^^^^^^^^^^^^^^^^^^^^^^^^^^^^^^^^^^^
tests/async_test_utils.py:120: in _validate_temporary_database_source
    raise RuntimeError("temporary database source must have an explicit test name")
E   RuntimeError: temporary database source must have an explicit test name</failure></testcase><testcase classname="tests.test_dc11t2_async_test_utils" name="test_temp_db_original_exception_preserved_by_identity" time="0.001"><failure message="RuntimeError: temporary database source must have an explicit test name">tests/test_dc11t2_async_test_utils.py:434: in test_temp_db_original_exception_preserved_by_identity
    with async_test_utils.temporary_database_url(real_url, "dc11t2ex"):
/usr/lib/python3.12/contextlib.py:137: in __enter__
    return next(self.gen)
           ^^^^^^^^^^^^^^
tests/async_test_utils.py:201: in temporary_database_url
    parsed = _validate_temporary_database_source(source_url)
             ^^^^^^^^^^^^^^^^^^^^^^^^^^^^^^^^^^^^^^^^^^^^^^^
tests/async_test_utils.py:120: in _validate_temporary_database_source
    raise RuntimeError("temporary database source must have an explicit test name")
E   RuntimeError: temporary database source must have an explicit test name</failure></testcase><testcase classname="tests.test_dc11t2_async_test_utils" name="test_temp_db_body_and_cleanup_failure_raise_exception_group" time="0.164"><failure message="RuntimeError: temporary database source must have an explicit test name">tests/test_dc11t2_async_test_utils.py:448: in test_temp_db_body_and_cleanup_failure_raise_exception_group
    with async_test_utils.temporary_database_url(real_url, "dc11t2gr") as temp_url:
/usr/lib/python3.12/contextlib.py:137: in __enter__
    return next(self.gen)
           ^^^^^^^^^^^^^^
tests/async_test_utils.py:201: in temporary_database_url
    parsed = _validate_temporary_database_source(source_url)
             ^^^^^^^^^^^^^^^^^^^^^^^^^^^^^^^^^^^^^^^^^^^^^^^
tests/async_test_utils.py:120: in _validate_temporary_database_source
    raise RuntimeError("temporary database source must have an explicit test name")
E   RuntimeError: temporary database source must have an explicit test name</failure></testcase><testcase classname="tests.test_dc11t2_async_test_utils" name="test_teardown_fails_closed_when_database_remains_after_drop" time="0.004" /><testcase classname="tests.test_dc11t2_async_test_utils" name="test_teardown_times_out_on_persistent_foreign_sessions" time="0.306" /><testcase classname="tests.test_dc11t2_async_test_utils" name="test_teardown_retries_drop_object_in_use_then_succeeds" time="0.051" /><testcase classname="tests.test_dc11t2_async_test_utils" name="test_teardown_persistent_object_in_use_fails_closed_at_deadline" time="0.308" /><testcase classname="tests.test_dc11t2_async_test_utils" name="test_teardown_non_object_in_use_drop_error_propagates_immediately" time="0.001" /><testcase classname="tests.test_dc11t2_async_test_utils" name="test_role_drop_persistent_failure_raises_not_silent" time="0.307" /><testcase classname="tests.test_dc11t2_async_test_utils" name="test_role_drop_zero_residue_proof_fails_closed" time="0.027" /><testcase classname="tests.test_dc11t4c_reporting_bootstrap_contract" name="test_public_alembic_alone_preserves_tenant_schema_set" time="0.002"><failure message="RuntimeError: temporary database source port is not explicitly allowed">tests/test_dc11t4c_reporting_bootstrap_contract.py:23: in test_public_alembic_alone_preserves_tenant_schema_set
    assert_public_alembic_upgrade_preserves_tenant_schema_set()
tests/reporting_bootstrap_contract_helpers.py:247: in assert_public_alembic_upgrade_preserves_tenant_schema_set
    with temporary_database_url(source_url, "dc11t4cpublic") as database_url:
/usr/lib/python3.12/contextlib.py:137: in __enter__
    return next(self.gen)
           ^^^^^^^^^^^^^^
tests/async_test_utils.py:201: in temporary_database_url
    parsed = _validate_temporary_database_source(source_url)
             ^^^^^^^^^^^^^^^^^^^^^^^^^^^^^^^^^^^^^^^^^^^^^^^
tests/async_test_utils.py:116: in _validate_temporary_database_source
    raise RuntimeError("temporary database source port is not explicitly allowed")
E   RuntimeError: temporary database source port is not explicitly allowed</failure></testcase><testcase classname="tests.test_dc11t4c_reporting_bootstrap_contract" name="test_supported_tenant_bootstrap_creates_reporting_contract" time="2.916" /><testcase classname="tests.test_dc11t4c_reporting_bootstrap_contract" name="test_reporting_tenant_teardown_removes_schema_and_registry_rows" time="3.254" /><testcase classname="tests.test_dc11t4c_reporting_bootstrap_contract" name="test_reporting_tenant_teardown_is_bound_to_owned_registration" time="4.688" /><testcase classname="tests.test_dc11t4h_receivable_collection_integrity" name="test_ordinary_cash_and_transfer_from_zero_binding_remain_zero" time="0.738" /><testcase classname="tests.test_dc11t4h_receivable_collection_integrity" name="test_credit_sale_partial_final_collection_and_finance_summary" time="0.657" /><testcase classname="tests.test_dc11t4h_receivable_collection_integrity" name="test_over_collection_is_rejected_without_side_effects" time="0.614" /><testcase classname="tests.test_dc11t4h_receivable_collection_integrity" name="test_credit_collection_idempotent_replay_has_no_duplicate_ledger" time="0.596" /><testcase classname="tests.test_dc11t4h_receivable_collection_integrity" name="test_concurrent_credit_collection_cannot_over_collect" time="0.693" /><testcase classname="tests.test_dc11t4h_receivable_collection_integrity" name="test_extra_payment_against_ordinary_paid_order_remains_rejected" time="0.540" /><testcase classname="tests.test_dc11t4h_receivable_collection_integrity" name="test_credit_collections_are_isolated_across_tenants" time="1.774" /><testcase classname="tests.test_dc11t4h_receivable_collection_integrity" name="test_migration_fails_closed_for_invalid_credit_sale_history[credit_amount0-order_total0-paid]" time="0.001"><error message="failed on setup with &quot;RuntimeError: temporary database source port is not explicitly allowed&quot;">tests/test_dc11t4h_receivable_collection_integrity.py:50: in migration_database_url
    with temporary_database_url(source_url, "dc11t4h") as database_url:
/usr/lib/python3.12/contextlib.py:137: in __enter__
    return next(self.gen)
           ^^^^^^^^^^^^^^
tests/async_test_utils.py:201: in temporary_database_url
    parsed = _validate_temporary_database_source(source_url)
             ^^^^^^^^^^^^^^^^^^^^^^^^^^^^^^^^^^^^^^^^^^^^^^^
tests/async_test_utils.py:116: in _validate_temporary_database_source
    raise RuntimeError("temporary database source port is not explicitly allowed")
E   RuntimeError: temporary database source port is not explicitly allowed</error></testcase><testcase classname="tests.test_dc11t4h_receivable_collection_integrity" name="test_migration_fails_closed_for_invalid_credit_sale_history[credit_amount1-order_total1-confirmed]" time="0.001"><error message="failed on setup with &quot;RuntimeError: temporary database source port is not explicitly allowed&quot;">tests/test_dc11t4h_receivable_collection_integrity.py:50: in migration_database_url
    with temporary_database_url(source_url, "dc11t4h") as database_url:
/usr/lib/python3.12/contextlib.py:137: in __enter__
    return next(self.gen)
           ^^^^^^^^^^^^^^
tests/async_test_utils.py:201: in temporary_database_url
    parsed = _validate_temporary_database_source(source_url)
             ^^^^^^^^^^^^^^^^^^^^^^^^^^^^^^^^^^^^^^^^^^^^^^^
tests/async_test_utils.py:116: in _validate_temporary_database_source
    raise RuntimeError("temporary database source port is not explicitly allowed")
E   RuntimeError: temporary database source port is not explicitly allowed</error></testcase><testcase classname="tests.test_dc11t4h_receivable_collection_integrity" name="test_migration_fails_closed_for_overpaid_ordinary_order" time="0.001"><error message="failed on setup with &quot;RuntimeError: temporary database source port is not explicitly allowed&quot;">tests/test_dc11t4h_receivable_collection_integrity.py:50: in migration_database_url
    with temporary_database_url(source_url, "dc11t4h") as database_url:
/usr/lib/python3.12/contextlib.py:137: in __enter__
    return next(self.gen)
           ^^^^^^^^^^^^^^
tests/async_test_utils.py:201: in temporary_database_url
    parsed = _validate_temporary_database_source(source_url)
             ^^^^^^^^^^^^^^^^^^^^^^^^^^^^^^^^^^^^^^^^^^^^^^^
tests/async_test_utils.py:116: in _validate_temporary_database_source
    raise RuntimeError("temporary database source port is not explicitly allowed")
E   RuntimeError: temporary database source port is not explicitly allowed</error></testcase><testcase classname="tests.test_dc11t4h_receivable_collection_integrity" name="test_migration_fails_closed_for_registry_schema_mismatch" time="0.001"><error message="failed on setup with &quot;RuntimeError: temporary database source port is not explicitly allowed&quot;">tests/test_dc11t4h_receivable_collection_integrity.py:50: in migration_database_url
    with temporary_database_url(source_url, "dc11t4h") as database_url:
/usr/lib/python3.12/contextlib.py:137: in __enter__
    return next(self.gen)
           ^^^^^^^^^^^^^^
tests/async_test_utils.py:201: in temporary_database_url
    parsed = _validate_temporary_database_source(source_url)
             ^^^^^^^^^^^^^^^^^^^^^^^^^^^^^^^^^^^^^^^^^^^^^^^
tests/async_test_utils.py:116: in _validate_temporary_database_source
    raise RuntimeError("temporary database source port is not explicitly allowed")
E   RuntimeError: temporary database source port is not explicitly allowed</error></testcase><testcase classname="tests.test_dc11t4h_receivable_collection_integrity" name="test_migration_fails_closed_for_over_collected_credit_history" time="0.001"><error message="failed on setup with &quot;RuntimeError: temporary database source port is not explicitly allowed&quot;">tests/test_dc11t4h_receivable_collection_integrity.py:50: in migration_database_url
    with temporary_database_url(source_url, "dc11t4h") as database_url:
/usr/lib/python3.12/contextlib.py:137: in __enter__
    return next(self.gen)
           ^^^^^^^^^^^^^^
tests/async_test_utils.py:201: in temporary_database_url
    parsed = _validate_temporary_database_source(source_url)
             ^^^^^^^^^^^^^^^^^^^^^^^^^^^^^^^^^^^^^^^^^^^^^^^
tests/async_test_utils.py:116: in _validate_temporary_database_source
    raise RuntimeError("temporary database source port is not explicitly allowed")
E   RuntimeError: temporary database source port is not explicitly allowed</error></testcase><testcase classname="tests.test_dc11t4h_receivable_collection_integrity" name="test_migration_repairs_legacy_negative_cash_balance_and_adds_check" time="0.001"><error message="failed on setup with &quot;RuntimeError: temporary database source port is not explicitly allowed&quot;">tests/test_dc11t4h_receivable_collection_integrity.py:50: in migration_database_url
    with temporary_database_url(source_url, "dc11t4h") as database_url:
/usr/lib/python3.12/contextlib.py:137: in __enter__
    return next(self.gen)
           ^^^^^^^^^^^^^^
tests/async_test_utils.py:201: in temporary_database_url
    parsed = _validate_temporary_database_source(source_url)
             ^^^^^^^^^^^^^^^^^^^^^^^^^^^^^^^^^^^^^^^^^^^^^^^
tests/async_test_utils.py:116: in _validate_temporary_database_source
    raise RuntimeError("temporary database source port is not explicitly allowed")
E   RuntimeError: temporary database source port is not explicitly allowed</error></testcase><testcase classname="tests.test_dc12a_r2_credential_email_links.TestLinkBuilders" name="test_verification_link_absolute_with_fragment" time="0.001" /><testcase classname="tests.test_dc12a_r2_credential_email_links.TestLinkBuilders" name="test_setup_link_absolute_with_fragment" time="0.001" /><testcase classname="tests.test_dc12a_r2_credential_email_links.TestLinkBuilders" name="test_reset_link_absolute_with_fragment" time="0.001" /><testcase classname="tests.test_dc12a_r2_credential_email_links.TestLinkBuilders" name="test_links_fall_back_to_relative_when_no_base" time="0.001" /><testcase classname="tests.test_dc12a_r2_credential_email_links.TestLinkBuilders" name="test_links_use_configured_http_localhost_in_test" time="0.001" /><testcase classname="tests.test_dc12a_r2_credential_email_links.TestSettingsValidation" name="test_valid_https_accepted" time="0.004" /><testcase classname="tests.test_dc12a_r2_credential_email_links.TestSettingsValidation" name="test_trailing_slash_stripped" time="0.004" /><testcase classname="tests.test_dc12a_r2_credential_email_links.TestSettingsValidation" name="test_none_allowed_in_test" time="0.008" /><testcase classname="tests.test_dc12a_r2_credential_email_links.TestSettingsValidation" name="test_production_missing_rejected" time="0.005" /><testcase classname="tests.test_dc12a_r2_credential_email_links.TestSettingsValidation" name="test_production_http_rejected" time="0.005" /><testcase classname="tests.test_dc12a_r2_credential_email_links.TestSettingsValidation" name="test_credentials_in_url_rejected" time="0.008" /><testcase classname="tests.test_dc12a_r2_credential_email_links.TestSettingsValidation" name="test_query_in_url_rejected" time="0.005" /><testcase classname="tests.test_dc12a_r2_credential_email_links.TestSettingsValidation" name="test_fragment_in_url_rejected" time="0.004" /><testcase classname="tests.test_dc12a_r2_credential_email_links.TestSettingsValidation" name="test_path_in_url_rejected" time="0.004" /><testcase classname="tests.test_dc12a_r3_orchestration_link_regression.TestOrchestrationLinkRegression" name="test_build_owner_setup_link_uses_local_settings" time="0.003" /><testcase classname="tests.test_dc12a_r3_orchestration_link_regression.TestOrchestrationLinkRegression" name="test_build_verification_link_uses_local_settings" time="0.003" /><testcase classname="tests.test_dc12a_r3_orchestration_link_regression.TestOrchestrationLinkRegression" name="test_link_builders_accept_settings_kwarg" time="0.001" /><testcase classname="tests.test_dc12r1_contract_d_r5_node_csv" name="test_every_row_has_exactly_three_columns" time="0.033" /><testcase classname="tests.test_dc12r1_contract_d_r5_node_csv" name="test_outcomes_are_in_allowlist" time="0.026" /><testcase classname="tests.test_dc12r1_contract_d_r5_node_csv" name="test_union_rows_per_run_counts_and_accounting_gap" time="0.029" /><testcase classname="tests.test_dc12r1_contract_d_r5_node_csv" name="test_no_outcome_diff_between_runs" time="0.023" /><testcase classname="tests.test_dc12r1_contract_d_r5_node_csv" name="test_csv_round_trips_with_stdlib_reader" time="0.013" /><testcase classname="tests.test_dc12r1_contract_d_r7_gen_fail_closed" name="test_duplicate_node_id_fails_and_produces_no_output" time="0.077" /><testcase classname="tests.test_dc12r1_contract_d_r7_gen_fail_closed" name="test_shared_outcome_diff_fails_and_leaves_existing_target_unchanged" time="0.078" /><testcase classname="tests.test_dc12r1_contract_d_r7_gen_fail_closed" name="test_shared_outcome_diff_fails_and_produces_no_output_when_target_absent" time="0.075" /><testcase classname="tests.test_dc12r1_contract_d_r7_gen_fail_closed" name="test_legal_dynamic_a_only_b_only_publishes_exit0" time="0.069" /><testcase classname="tests.test_dc12r1_contract_d_r7_gen_fail_closed" name="test_round_trip_non3col_failure_cleans_temp_and_preserves_target" time="0.003" /><testcase classname="tests.test_dc12r1_contract_d_r7_gen_fail_closed" name="test_round_trip_illegal_outcome_failure_cleans_temp_and_preserves_target" time="0.003" /><testcase classname="tests.test_dc12r1_contract_d_r7_gen_fail_closed" name="test_round_trip_failure_when_target_absent_leaves_no_target_no_temp" time="0.002" /><testcase classname="tests.test_dc12r1_contract_d_statement_print.TestStatementHappyPath" name="test_retailer_statement_happy_path" time="18.866" /><testcase classname="tests.test_dc12r1_contract_d_statement_print.TestStatementHappyPath" name="test_supplier_statement_happy_path" time="7.562" /><testcase classname="tests.test_dc12r1_contract_d_statement_print.TestStatementHappyPath" name="test_opening_closing_arithmetic_invariant" time="5.687" /><testcase classname="tests.test_dc12r1_contract_d_statement_print.TestDualKeyIsolation" name="test_supplier_foreign_retailer_denied_neutral" time="6.443" /><testcase classname="tests.test_dc12r1_contract_d_statement_print.TestDateRangeContract" name="test_missing_from_date" time="6.141" /><testcase classname="tests.test_dc12r1_contract_d_statement_print.TestDateRangeContract" name="test_missing_to_date" time="5.572" /><testcase classname="tests.test_dc12r1_contract_d_statement_print.TestDateRangeContract" name="test_blank_from_date" time="6.423" /><testcase classname="tests.test_dc12r1_contract_d_statement_print.TestDateRangeContract" name="test_malformed_from_date" time="6.109" /><testcase classname="tests.test_dc12r1_contract_d_statement_print.TestDateRangeContract" name="test_from_after_to" time="5.749" /><testcase classname="tests.test_dc12r1_contract_d_statement_print.TestDateRangeContract" name="test_span_exceeds_365_days" time="6.287" /><testcase classname="tests.test_dc12r1_contract_d_statement_print.TestDateRangeContract" name="test_supplier_route_shares_the_same_strict_parser" time="5.668" /><testcase classname="tests.test_dc12r1_contract_d_statement_print.TestDateRangeContract" name="test_non_zero_padded_date_is_rejected" time="5.165" /><testcase classname="tests.test_dc12r1_contract_d_statement_print.TestDateRangeContract" name="test_extra_characters_in_date_are_rejected" time="5.741" /><testcase classname="tests.test_dc12r1_contract_d_statement_print.TestDateRangeContract" name="test_invalid_calendar_date_is_rejected" time="5.880" /><testcase classname="tests.test_dc12r1_contract_d_statement_print.TestDateRangeContract" name="test_whitespace_suffix_is_rejected" time="5.318" /><testcase classname="tests.test_dc12r1_contract_d_statement_print.TestDateRangeContract" name="test_encoded_space_20_is_rejected" time="5.895" /><testcase classname="tests.test_dc12r1_contract_d_statement_print.TestDateRangeContract" name="test_encoded_tab_09_is_rejected" time="5.669" /><testcase classname="tests.test_dc12r1_contract_d_statement_print.TestDateRangeContract" name="test_tab_and_newline_suffixes_are_rejected" time="5.437" /><testcase classname="tests.test_dc12r1_contract_d_statement_print.TestDateRangeContract" name="test_parser_rejects_trimmed_input_directly" time="0.719" /><testcase classname="tests.test_dc12r1_contract_d_statement_print.TestDateRangeContract" name="test_parser_accepts_canonical_input_directly" time="0.710" /><testcase classname="tests.test_dc12r1_contract_d_statement_print.TestDateRangeContract" name="test_malformed_retailer_uuid_supplier" time="6.519" /><testcase classname="tests.test_dc12r1_contract_d_statement_print.TestZeroWrite" name="test_statement_routes_zero_fingerprint" time="6.273" /><testcase classname="tests.test_dc12r1_contract_d_statement_print.TestIndependentLists" name="test_movements_and_settled_payments_are_separate_lists" time="6.245" /><testcase classname="tests.test_dc12r1_contract_d_statement_print.TestIndependentLists" name="test_pending_declarations_only_when_requested" time="6.215" /><testcase classname="tests.test_dc12r1_contract_d_statement_print.TestNoLeakage" name="test_no_internal_ids_in_statement" time="6.463" /><testcase classname="tests.test_dc12r1_contract_d_statement_print.TestFailClosed" name="test_orphan_ledger_ref_returns_409_scope_incomplete" time="4.294" /><testcase classname="tests.test_dc12r1_contract_d_statement_print.TestFailClosed" name="test_zero_value_movement_returns_409_internal_inconsistent" time="6.310" /><testcase classname="tests.test_dc12r1_contract_d_statement_print.TestPaymentOwnershipIntegrity" name="test_payment_retailer_mismatch_returns_409_internal_inconsistent" time="6.081" /><testcase classname="tests.test_dc12r1_contract_d_statement_print.TestPaymentOwnershipIntegrity" name="test_wrong_order_wholesaler_returns_409" time="6.907" /><testcase classname="tests.test_dc12r1_contract_d_statement_print.TestPaymentOwnershipIntegrity" name="test_missing_order_returns_409" time="4.335" /><testcase classname="tests.test_dc12r1_contract_d_statement_print.TestPaymentOwnershipIntegrity" name="test_ownership_mismatch_also_fails_closed_on_supplier_route" time="6.190" /><testcase classname="tests.test_dc12r1_contract_d_statement_print.TestPaymentOwnershipIntegrity" name="test_unrelated_relationship_is_not_faulted" time="7.327" /><testcase classname="tests.test_dc12r1_contract_d_statement_print.TestSettledTotal" name="test_settled_total_equals_sum_of_settled_payments" time="6.906" /><testcase classname="tests.test_dc12r1_contract_d_statement_print.TestReconciliationTolerance" name="test_0001_difference_is_accepted" time="5.932" /><testcase classname="tests.test_dc12r1_contract_d_statement_print.TestReconciliationTolerance" name="test_001_difference_is_accepted" time="6.353" /><testcase classname="tests.test_dc12r1_contract_d_statement_print.TestReconciliationTolerance" name="test_00101_difference_is_rejected" time="6.399" /><testcase classname="tests.test_dc12r1_contract_d_statement_print.TestRangeCap" name="test_movements_1001_return_400_range_too_large_before_internal_inconsistent" time="6.101" /><testcase classname="tests.test_dc12r1_contract_d_statement_print.TestRangeCap" name="test_movements_1002_return_400_range_too_large" time="5.843" /><testcase classname="tests.test_dc12r1_contract_d_statement_print.TestRangeCap" name="test_settled_1001_return_400_range_too_large" time="5.779" /><testcase classname="tests.test_dc12r1_contract_d_statement_print.TestRangeCap" name="test_pending_1001_return_400_range_too_large" time="5.734" /><testcase classname="tests.test_dc12r1_contract_d_statement_print.TestRangeCap" name="test_range_cap_deterministic_request_id_repro_h2a_r2_f1" time="6.839" /><testcase classname="tests.test_dc12r1_contract_d_statement_print.TestRangeCap" name="test_combined_1001_across_lists_return_400_range_too_large" time="6.094" /><testcase classname="tests.test_dc12r1_contract_d_statement_print.TestRangeCap" name="test_at_cap_1000_is_accepted" time="6.861" /><testcase classname="tests.test_dc12r1_contract_d_statement_print.TestRangeCap" name="test_sentinel_payment_survives_exact_cleanup" time="6.637" /><testcase classname="tests.test_dc12r1_contract_d_statement_print.TestDisposableSchemaSetupSafety" name="test_bootstrap_failure_drops_partial_tenant_schema" time="1.121" /><testcase classname="tests.test_dc12r1_contract_d_statement_print.TestDisposableSchemaSetupSafety" name="test_provisioning_failure_drops_partial_tenant_schema" time="3.314" /><testcase classname="tests.test_dc12r1_contract_d_statement_print.TestDisposableSchemaSetupSafety" name="test_create_table_failure_drops_partial_statement_schema" time="0.951" /><testcase classname="tests.test_dc12r1_contract_d_statement_print.TestDisposableSchemaSetupSafety" name="test_cleanup_failure_preserves_both_original_and_cleanup_errors" time="4.383" /><testcase classname="tests.test_dc12r1_contract_d_statement_print.TestDisposableSchemaSetupSafety" name="test_rollback_failure_is_visible" time="1.446" /><testcase classname="tests.test_dc12r1_contract_d_statement_print.TestDisposableSchemaSetupSafety" name="test_schema_inconsistency_fails_closed_without_arbitrary_drop" time="1.158" /><testcase classname="tests.test_dc12r1_contract_d_statement_print.TestDisposableSchemaSetupSafety" name="test_illegal_schema_identifier_rejected_before_dynamic_sql" time="1.189" /><testcase classname="tests.test_dc12r1_contract_d_statement_print.TestDisposableSchemaSetupSafety" name="test_cleanup_success_propagates_original_exception_exactly" time="4.028" /><testcase classname="tests.test_dc12r1_contract_d_statement_print.TestDateBoundaries" name="test_inclusive_boundaries_capture_today_movements" time="6.639" /><testcase classname="tests.test_dc12r1_contract_d_statement_print.TestDateBoundaries" name="test_far_future_period_empty_movements" time="6.191" /><testcase classname="tests.test_dc12r1_contract_d_statement_print.TestSoftDeletedOrderRetention" name="test_soft_deleted_order_still_in_statement" time="5.749" /><testcase classname="tests.test_dc12r1_contract_d_statement_print.TestSoftDeletedOrderRetention" name="test_active_and_soft_deleted_order_have_identical_accounting_totals" time="5.659" /><testcase classname="tests.test_dc12r1_contract_d_statement_print.TestOrderIndependence" name="test_a_first_seeds" time="6.479" /><testcase classname="tests.test_dc12r1_contract_d_statement_print.TestOrderIndependence" name="test_b_second_seeds" time="6.117" /><testcase classname="tests.test_dc12r1_contract_d_statement_print.TestWpr004SharedStatementHttpMapper" name="test_both_routes_reference_the_same_shared_mapper" time="0.700" /><testcase classname="tests.test_dc12r1_contract_d_statement_print.TestWpr004SharedStatementHttpMapper" name="test_byte_contract_table[view-ok]" time="0.643" /><testcase classname="tests.test_dc12r1_contract_d_statement_print.TestWpr004SharedStatementHttpMapper" name="test_byte_contract_table[not_found-404]" time="0.666" /><testcase classname="tests.test_dc12r1_contract_d_statement_print.TestWpr004SharedStatementHttpMapper" name="test_byte_contract_table[period-400]" time="0.662" /><testcase classname="tests.test_dc12r1_contract_d_statement_print.TestWpr004SharedStatementHttpMapper" name="test_byte_contract_table[range-too-large-400]" time="0.675" /><testcase classname="tests.test_dc12r1_contract_d_statement_print.TestWpr004SharedStatementHttpMapper" name="test_byte_contract_table[ledger-scope-409]" time="0.689" /><testcase classname="tests.test_dc12r1_contract_d_statement_print.TestWpr004SharedStatementHttpMapper" name="test_byte_contract_table[internal-inconsistent-409]" time="0.685" /><testcase classname="tests.test_dc12r1_contract_d_statement_print.TestWpr004SharedStatementHttpMapper" name="test_byte_contract_table[reconciliation-409]" time="0.894" /><testcase classname="tests.test_dc12r1_contract_d_statement_print.TestWpr004SharedStatementHttpMapper" name="test_byte_contract_table[fallback-404]" time="0.863" /><testcase classname="tests.test_dc12r1_contract_d_statement_print.TestWpr004SharedStatementHttpMapper" name="test_supplier_and_client_mapping_are_identical[not_found]" time="0.731" /><testcase classname="tests.test_dc12r1_contract_d_statement_print.TestWpr004SharedStatementHttpMapper" name="test_supplier_and_client_mapping_are_identical[period]" time="0.784" /><testcase classname="tests.test_dc12r1_contract_d_statement_print.TestWpr004SharedStatementHttpMapper" name="test_supplier_and_client_mapping_are_identical[range]" time="0.793" /><testcase classname="tests.test_dc12r1_contract_d_statement_print.TestWpr004SharedStatementHttpMapper" name="test_supplier_and_client_mapping_are_identical[scope]" time="0.764" /><testcase classname="tests.test_dc12r1_contract_d_statement_print.TestWpr004SharedStatementHttpMapper" name="test_supplier_and_client_mapping_are_identical[inconsistent]" time="0.799" /><testcase classname="tests.test_dc12r1_contract_d_statement_print.TestWpr004SharedStatementHttpMapper" name="test_supplier_and_client_mapping_are_identical[recon]" time="0.761" /><testcase classname="tests.test_dc12r1_contract_d_statement_print.TestWpr004SharedStatementHttpMapper" name="test_supplier_and_client_mapping_are_identical[fallback]" time="0.753" /><testcase classname="tests.test_dc12r1_contract_d_statement_print.TestWpr004SharedStatementHttpMapper" name="test_mutation_evidence_one_sided_drift_is_detectable" time="0.816" /><testcase classname="tests.test_dc12r1_contract_d_statement_print.TestWpr004SharedStatementHttpMapper" name="test_end_to_end_parity_invalid_date_range_both_routes" time="6.400" /><testcase classname="tests.test_dc12r1_h2_structured_http_error_contract.TestRealRBACDependencies" name="test_permission_denied_via_real_require_permission" time="0.009" /><testcase classname="tests.test_dc12r1_h2_structured_http_error_contract.TestRealRBACDependencies" name="test_tenant_context_required_via_real_require_permission" time="0.006" /><testcase classname="tests.test_dc12r1_h2_structured_http_error_contract.TestRealRBACDependencies" name="test_platform_admin_required_via_real_require_platform_admin" time="0.006" /><testcase classname="tests.test_dc12r1_h2_structured_http_error_contract.TestRealRBACDependencies" name="test_no_permission_bypass_real_rbac_routes" time="0.014" /><testcase classname="tests.test_dc12r1_h2_structured_http_error_contract.TestRealRBACDependencies" name="test_real_rbac_logging_has_no_raw_detail_repr" time="0.009" /><testcase classname="tests.test_dc12r1_h2_structured_http_error_contract.TestRawShapeDenialCodes" name="test_raw_dict_detail_is_flat_envelope[/raw/permission_denied-PERMISSION_DENIED]" time="0.009" /><testcase classname="tests.test_dc12r1_h2_structured_http_error_contract.TestRawShapeDenialCodes" name="test_raw_dict_detail_is_flat_envelope[/raw/tenant_context_required-TENANT_CONTEXT_REQUIRED]" time="0.009" /><testcase classname="tests.test_dc12r1_h2_structured_http_error_contract.TestRawShapeDenialCodes" name="test_raw_dict_detail_is_flat_envelope[/raw/platform_admin_required-PLATFORM_ADMIN_REQUIRED]" time="0.015" /><testcase classname="tests.test_dc12r1_h2_structured_http_error_contract.TestErrorCodePreservation" name="test_arbitrary_valid_code_preserved_from_dict" time="0.009" /><testcase classname="tests.test_dc12r1_h2_structured_http_error_contract.TestErrorCodePreservation" name="test_explicit_public_details_preserved" time="0.009" /><testcase classname="tests.test_dc12r1_h2_structured_http_error_contract.TestStringDetailCompatibility" name="test_string_detail_preserves_message_and_status" time="0.010" /><testcase classname="tests.test_dc12r1_h2_structured_http_error_contract.TestMalformedDetailFailClosed" name="test_malformed_detail_uses_sanitized_fallback[/raw/malformed_detail_list]" time="0.009" /><testcase classname="tests.test_dc12r1_h2_structured_http_error_contract.TestMalformedDetailFailClosed" name="test_malformed_detail_uses_sanitized_fallback[/raw/malformed_detail_int]" time="0.009" /><testcase classname="tests.test_dc12r1_h2_structured_http_error_contract.TestNoReprInResponsesOrLogs" name="test_no_dict_repr_in_any_denial_response" time="0.014" /><testcase classname="tests.test_dc12r1_h2_structured_http_error_contract.TestPublicDetailsJsonSafety" name="test_nan_details_omitted_no_500" time="0.002" /><testcase classname="tests.test_dc12r1_h2_structured_http_error_contract.TestPublicDetailsJsonSafety" name="test_infinity_details_omitted_no_500" time="0.002" /><testcase classname="tests.test_dc12r1_h2_structured_http_error_contract.TestPublicDetailsJsonSafety" name="test_non_string_top_level_key_details_omitted" time="0.001" /><testcase classname="tests.test_dc12r1_h2_structured_http_error_contract.TestPublicDetailsJsonSafety" name="test_non_string_nested_key_details_omitted" time="0.002" /><testcase classname="tests.test_dc12r1_h2_structured_http_error_contract.TestPublicDetailsJsonSafety" name="test_unsupported_container_types_omitted[secret-bytes-bytes]" time="0.002" /><testcase classname="tests.test_dc12r1_h2_structured_http_error_contract.TestPublicDetailsJsonSafety" name="test_unsupported_container_types_omitted[bad_value1-bytearray]" time="0.001" /><testcase classname="tests.test_dc12r1_h2_structured_http_error_contract.TestPublicDetailsJsonSafety" name="test_unsupported_container_types_omitted[bad_value2-set]" time="0.001" /><testcase classname="tests.test_dc12r1_h2_structured_http_error_contract.TestPublicDetailsJsonSafety" name="test_unsupported_container_types_omitted[bad_value3-frozenset]" time="0.001" /><testcase classname="tests.test_dc12r1_h2_structured_http_error_contract.TestPublicDetailsJsonSafety" name="test_unsupported_container_types_omitted[bad_value4-tuple]" time="0.002" /><testcase classname="tests.test_dc12r1_h2_structured_http_error_contract.TestPublicDetailsJsonSafety" name="test_arbitrary_object_details_omitted" time="0.001" /><testcase classname="tests.test_dc12r1_h2_structured_http_error_contract.TestPublicDetailsJsonSafety" name="test_valid_nested_json_details_preserved" time="0.001" /><testcase classname="tests.test_dc12r1_h2_structured_http_error_contract.TestPublicCodeStrictness" name="test_invalid_code_falls_back_to_status_code[lower_case-lowercase]" time="0.001" /><testcase classname="tests.test_dc12r1_h2_structured_http_error_contract.TestPublicCodeStrictness" name="test_invalid_code_falls_back_to_status_code[HAS SPACE-space]" time="0.001" /><testcase classname="tests.test_dc12r1_h2_structured_http_error_contract.TestPublicCodeStrictness" name="test_invalid_code_falls_back_to_status_code[DASH-CODE-dash]" time="0.001" /><testcase classname="tests.test_dc12r1_h2_structured_http_error_contract.TestPublicCodeStrictness" name="test_invalid_code_falls_back_to_status_code[1STARTS_DIGIT-leading digit]" time="0.001" /><testcase classname="tests.test_dc12r1_h2_structured_http_error_contract.TestPublicCodeStrictness" name="test_invalid_code_falls_back_to_status_code[code'with'quote-quote]" time="0.001" /><testcase classname="tests.test_dc12r1_h2_structured_http_error_contract.TestPublicCodeStrictness" name="test_invalid_code_falls_back_to_status_code[AAAAAAAAAAAAAAAAAAAAAAAAAAAAAAAAAAAAAAAAAAAAAAAAAAAAAAAAAAAAAAAAA-oversized (65 chars)]" time="0.001" /><testcase classname="tests.test_dc12r1_h2_structured_http_error_contract.TestPublicCodeStrictness" name="test_max_length_valid_code_preserved" time="0.001" /><testcase classname="tests.test_dc12r1_h2_structured_http_error_contract.TestHandlerNeverRaises" name="test_handler_returns_envelope_never_raises[detail0]" time="0.002" /><testcase classname="tests.test_dc12r1_h2_structured_http_error_contract.TestHandlerNeverRaises" name="test_handler_returns_envelope_never_raises[42]" time="0.002" /><testcase classname="tests.test_dc12r1_h2_structured_http_error_contract.TestHandlerNeverRaises" name="test_handler_returns_envelope_never_raises[None]" time="0.002" /><testcase classname="tests.test_dc12r1_h2_structured_http_error_contract.TestHandlerNeverRaises" name="test_handler_returns_envelope_never_raises[detail3]" time="0.002" /><testcase classname="tests.test_dc12r1_h2_structured_http_error_contract.TestHandlerNeverRaises" name="test_handler_returns_envelope_never_raises[detail4]" time="0.002" /><testcase classname="tests.test_dc12r1_h2_structured_http_error_contract.TestHandlerNeverRaises" name="test_handler_returns_envelope_never_raises[detail5]" time="0.002" /><testcase classname="tests.test_dc12r1_h2_structured_http_error_contract.TestHandlerNeverRaises" name="test_handler_returns_envelope_never_raises[detail6]" time="0.002" /><testcase classname="tests.test_dc12r1_h2_structured_http_error_contract.TestStringDetailCompatibilityDirect" name="test_string_detail_keeps_message" time="0.001" /><testcase classname="tests.test_dc12r1_h2_structured_http_error_contract.TestStringDetailCompatibilityDirect" name="test_dict_detail_extracts_code_and_message" time="0.001" /><testcase classname="tests.test_dc12r1_h2_structured_http_error_contract.TestStringDetailCompatibilityDirect" name="test_none_detail_fail_closed" time="0.001" /><testcase classname="tests.test_dc12r1_h2_structured_http_error_contract.TestStringDetailCompatibilityDirect" name="test_nested_dict_detail_extra_keys_do_not_leak" time="0.001" /><testcase classname="tests.test_dc12r1_h2_structured_http_error_contract.TestStringDetailCompatibilityDirect" name="test_status_preserved_for_all_variants" time="0.002" /><testcase classname="tests.test_dc12r1_h4_event_loop_pool_isolation.TestRunCoroutinePreservesEventLoop" name="test_loop_identity_unchanged" time="0.117" /><testcase classname="tests.test_dc12r1_h4_event_loop_pool_isolation.TestRunCoroutinePreservesEventLoop" name="test_loop_still_open" time="0.077" /><testcase classname="tests.test_dc12r1_h4_event_loop_pool_isolation.TestRunCoroutinePreservesEventLoop" name="test_loop_not_none_after_run_coroutine" time="0.077" /><testcase classname="tests.test_dc12r1_h4_event_loop_pool_isolation.TestGlobalEngineNotContaminated" name="test_select_one_via_global_engine" time="0.096" /><testcase classname="tests.test_dc12r1_h4_event_loop_pool_isolation.TestGlobalEngineNotContaminated" name="test_select_one_after_engine_dispose" time="0.155" /><testcase classname="tests.test_dc12r1_h4_event_loop_pool_isolation.TestGlobalEngineNotContaminated" name="test_no_interface_error_on_rollback" time="0.092" /><testcase classname="tests.test_dc12r1_h4_event_loop_pool_isolation.TestNoLeakedConnections" name="test_no_idle_mpango_connections_after_local_dispose" time="0.168" /><testcase classname="tests.test_dc12r1_h5_prepared_statement_cache_isolation" name="test_red_ddl_without_dispose_raises_invalid_cached_statement" time="0.287" /><testcase classname="tests.test_dc12r1_h5_prepared_statement_cache_isolation" name="test_green_dispose_clears_stale_plans_on_caching_engine" time="0.461" /><testcase classname="tests.test_dc12r1_h5_prepared_statement_cache_isolation" name="test_runtime_policy_global_engine_survives_ddl_without_dispose" time="0.223" /><testcase classname="tests.test_dc12r1_h5_prepared_statement_cache_isolation" name="test_dispose_changes_backend_pid" time="0.086" /><testcase classname="tests.test_dc12r1_h5_prepared_statement_cache_isolation" name="test_event_loop_and_pg_stat_activity_after_dispose" time="0.123" /><testcase classname="tests.test_dc12r1_h7_bcrypt_manifest_parity.TestH7R4InventoryParity" name="test_requirements_txt_resolves_expected[bcrypt-4.0.1]" time="0.010" /><testcase classname="tests.test_dc12r1_h7_bcrypt_manifest_parity.TestH7R4InventoryParity" name="test_requirements_txt_resolves_expected[cryptography-46.0.5]" time="0.013" /><testcase classname="tests.test_dc12r1_h7_bcrypt_manifest_parity.TestH7R4InventoryParity" name="test_requirements_txt_resolves_expected[et-xmlfile-2.0.0]" time="0.011" /><testcase classname="tests.test_dc12r1_h7_bcrypt_manifest_parity.TestH7R4InventoryParity" name="test_requirements_txt_resolves_expected[openpyxl-3.1.5]" time="0.012" /><testcase classname="tests.test_dc12r1_h7_bcrypt_manifest_parity.TestH7R4InventoryParity" name="test_requirements_txt_resolves_expected[passlib-1.7.4]" time="0.013" /><testcase classname="tests.test_dc12r1_h7_bcrypt_manifest_parity.TestH7R4InventoryParity" name="test_poetry_main_lock_resolves_expected[bcrypt-4.0.1]" time="0.105" /><testcase classname="tests.test_dc12r1_h7_bcrypt_manifest_parity.TestH7R4InventoryParity" name="test_poetry_main_lock_resolves_expected[cryptography-46.0.5]" time="0.105" /><testcase classname="tests.test_dc12r1_h7_bcrypt_manifest_parity.TestH7R4InventoryParity" name="test_poetry_main_lock_resolves_expected[et-xmlfile-2.0.0]" time="0.107" /><testcase classname="tests.test_dc12r1_h7_bcrypt_manifest_parity.TestH7R4Inve
[...]
TestRBACEdgeCases" name="test_empty_permission_string_fails" time="0.002" /><testcase classname="tests.test_rbac_enforcement.TestRBACEdgeCases" name="test_permission_with_special_characters" time="0.002" /><testcase classname="tests.test_rbac_enforcement.TestRBACEdgeCases" name="test_multiple_roles_with_overlapping_permissions" time="0.002" /><testcase classname="tests.test_rbac_enforcement.TestRBACEdgeCases" name="test_case_sensitive_permission_check" time="0.002" /><testcase classname="tests.test_rbac_enforcement.TestRBACEdgeCases" name="test_whitespace_in_permission_fails" time="0.002" /><testcase classname="tests.test_receivables_service" name="test_retailer_summary_aggregates_totals" time="0.015" /><testcase classname="tests.test_receivables_service" name="test_retailer_summary_uses_public_binding_outstanding_balance" time="0.012" /><testcase classname="tests.test_receivables_service" name="test_retailer_summary_empty_when_no_bindings" time="0.004" /><testcase classname="tests.test_receivables_service" name="test_order_list_classifies_credit_receivable" time="0.020" /><testcase classname="tests.test_receivables_service" name="test_order_list_classifies_unpaid_order" time="0.015" /><testcase classname="tests.test_receivables_service" name="test_order_list_supports_retailer_filter" time="0.016" /><testcase classname="tests.test_receivables_service" name="test_pagination_metadata_correct" time="0.013" /><testcase classname="tests.test_receivables_service" name="test_pagination_empty_result" time="0.015" /><testcase classname="tests.test_receivables_service" name="test_service_does_not_commit_or_rollback" time="0.019" /><testcase classname="tests.test_receivables_service" name="test_service_does_not_mutate_db_state" time="0.021" /><testcase classname="tests.test_receivables_service" name="test_classification_pagination_across_db_pages" time="0.026" /><testcase classname="tests.test_receivables_service" name="test_classification_pagination_page_beyond_first_db_page" time="0.019" /><testcase classname="tests.test_receivables_service" name="test_receivables_summary_empty_orders_safe" time="0.008" /><testcase classname="tests.test_receivables_service" name="test_receivables_summary_binding_only_tenant_safe" time="0.009" /><testcase classname="tests.test_receivables_service" name="test_receivable_orders_empty_result_safe" time="0.018" /><testcase classname="tests.test_reliability.TestRateLimiter" name="test_rate_limiter_anonymous_within_limit" time="0.007" /><testcase classname="tests.test_reliability.TestRateLimiter" name="test_rate_limiter_anonymous_exceeds_limit" time="0.007" /><testcase classname="tests.test_reliability.TestRateLimiter" name="test_rate_limiter_authenticated_within_limit" time="0.006" /><testcase classname="tests.test_reliability.TestRateLimiter" name="test_rate_limiter_authenticated_exceeds_limit" time="0.008" /><testcase classname="tests.test_reliability.TestRateLimiter" name="test_rate_limiter_uses_x_forwarded_for" time="0.007" /><testcase classname="tests.test_reliability.TestRateLimiter" name="test_rate_limiter_fails_open_on_redis_error" time="0.007" /><testcase classname="tests.test_reliability.TestRateLimiter" name="test_rate_limit_response_format" time="0.005" /><testcase classname="tests.test_reliability.TestRateLimitingMiddlewareBoundary" name="test_anonymous_limit_exceeded_returns_controlled_429" time="0.007" /><testcase classname="tests.test_reliability.TestRateLimitingMiddlewareBoundary" name="test_authenticated_limit_exceeded_returns_controlled_429" time="0.007" /><testcase classname="tests.test_reliability.TestRateLimitingMiddlewareBoundary" name="test_101st_anonymous_request_returns_429_never_500" time="0.309" /><testcase classname="tests.test_reliability.TestRateLimitingMiddlewareBoundary" name="test_successful_response_retains_rate_limit_headers" time="0.006" /><testcase classname="tests.test_reliability.TestRateLimitingMiddlewareBoundary" name="test_limiter_mpango_exception_outside_429_contract_is_reraised_unchanged[VALIDATION_ERROR-429]" time="0.003" /><testcase classname="tests.test_reliability.TestRateLimitingMiddlewareBoundary" name="test_limiter_mpango_exception_outside_429_contract_is_reraised_unchanged[RATE_LIMIT_EXCEEDED-503]" time="0.003" /><testcase classname="tests.test_reliability.TestRateLimitingMiddlewareBoundary" name="test_call_next_mpango_exception_is_reraised_unchanged" time="0.002" /><testcase classname="tests.test_reliability.TestRateLimitingMiddlewareBoundary" name="test_call_next_runtime_error_is_reraised_unchanged" time="0.003" /><testcase classname="tests.test_reliability.TestRateLimitingMiddlewareBoundary" name="test_middleware_does_not_mask_unrelated_exception_types" time="0.006" /><testcase classname="tests.test_reliability.TestGracefulShutdown" name="test_graceful_shutdown_closes_connections" time="0.105" /><testcase classname="tests.test_reliability.TestMiddlewareUnderLoad" name="test_logging_middleware_under_load" time="0.001" /><testcase classname="tests.test_reliability.TestMiddlewareUnderLoad" name="test_metrics_middleware_under_load" time="0.003" /><testcase classname="tests.test_reliability.TestNoLegacyLogging" name="test_no_print_statements_in_core" time="0.008" /><testcase classname="tests.test_request_validation.TestRequestValidation" name="test_login_rejects_missing_email" time="0.027" /><testcase classname="tests.test_request_validation.TestRequestValidation" name="test_login_rejects_invalid_email" time="0.021" /><testcase classname="tests.test_request_validation.TestRequestValidation" name="test_login_rejects_short_password" time="1.694" /><testcase classname="tests.test_request_validation.TestRequestValidation" name="test_user_create_rejects_missing_email" time="0.001"><skipped type="pytest.xfail" message="RBAC middleware returns 403 before validation on protected endpoints" /></testcase><testcase classname="tests.test_request_validation.TestRequestValidation" name="test_order_create_rejects_empty_items" time="0.002"><skipped type="pytest.xfail" message="RBAC middleware returns 403 before validation on protected endpoints" /></testcase><testcase classname="tests.test_request_validation.TestRequestValidation" name="test_order_item_rejects_invalid_quantity" time="1.530"><skipped type="pytest.xfail" message="RBAC middleware returns 403 before validation on protected endpoints" /></testcase><testcase classname="tests.test_request_validation.TestRequestValidation" name="test_validation_error_has_structured_response" time="0.002"><skipped type="pytest.xfail" message="Login endpoint returns app-specific error format, not FastAPI default 422" /></testcase><testcase classname="tests.test_request_validation.TestQueryParameterValidation" name="test_list_users_rejects_invalid_page" time="1.218"><skipped type="pytest.xfail" message="RBAC middleware returns 403 before validation on protected endpoints" /></testcase><testcase classname="tests.test_request_validation.TestQueryParameterValidation" name="test_list_users_rejects_excessive_size" time="1.213"><skipped type="pytest.xfail" message="RBAC middleware returns 403 before validation on protected endpoints" /></testcase><testcase classname="tests.test_route_authorization_policy.TestHarnessIntegrity" name="test_harness_scans_all_api_v1_routes" time="0.001" /><testcase classname="tests.test_route_authorization_policy.TestHarnessIntegrity" name="test_no_route_is_unclassified" time="0.001" /><testcase classname="tests.test_route_authorization_policy.TestHarnessIntegrity" name="test_harness_detects_auth_dependencies_correctly" time="0.001" /><testcase classname="tests.test_route_authorization_policy.TestHarnessIntegrity" name="test_known_good_routes_are_classified_correctly" time="0.001" /><testcase classname="tests.test_route_authorization_policy.TestHarnessIntegrity" name="test_classification_table_printable" time="0.002" /><testcase classname="tests.test_route_authorization_policy.TestRoutePolicyContract" name="test_all_api_v1_routes_are_classified" time="0.001" /><testcase classname="tests.test_route_authorization_policy.TestRoutePolicyContract" name="test_no_unclassified_business_routes" time="0.001" /><testcase classname="tests.test_route_authorization_policy.TestPlatformRoutePolicy" name="test_platform_routes_exist" time="0.001" /><testcase classname="tests.test_route_authorization_policy.TestPlatformRoutePolicy" name="test_all_platform_routes_require_platform_permission" time="0.001" /><testcase classname="tests.test_route_authorization_policy.TestPlatformRoutePolicy" name="test_platform_routes_have_auth_dependency" time="0.001" /><testcase classname="tests.test_route_authorization_policy.TestPlatformAdminBoundary" name="test_identity_only_super_admin_allowed" time="0.002" /><testcase classname="tests.test_route_authorization_policy.TestPlatformAdminBoundary" name="test_contextual_tenant_admin_rejected" time="0.001" /><testcase classname="tests.test_route_authorization_policy.TestPlatformAdminBoundary" name="test_contextual_super_admin_rejected" time="0.001" /><testcase classname="tests.test_route_authorization_policy.TestPlatformAdminBoundary" name="test_partial_context_tenant_id_set_schema_none_rejected" time="0.001" /><testcase classname="tests.test_route_authorization_policy.TestPlatformAdminBoundary" name="test_partial_context_tenant_id_none_schema_set_rejected" time="0.001" /><testcase classname="tests.test_route_authorization_policy.TestPlatformAdminBoundary" name="test_regular_user_rejected" time="0.001" /><testcase classname="tests.test_route_authorization_policy.TestPlatformAdminBoundary" name="test_unauthenticated_rejected" time="0.002" /><testcase classname="tests.test_route_authorization_policy.TestPlatformAdminBoundary" name="test_platform_routes_use_platform_guard" time="0.001" /><testcase classname="tests.test_route_authorization_policy.TestPlatformAdminBoundary" name="test_platform_routes_reject_non_platform_admin_http" time="0.047" /><testcase classname="tests.test_route_authorization_policy.TestExportRoutePolicy" name="test_export_create_has_permission" time="0.002" /><testcase classname="tests.test_route_authorization_policy.TestExportRoutePolicy" name="test_export_status_has_explicit_permission" time="0.001" /><testcase classname="tests.test_route_authorization_policy.TestExportRoutePolicy" name="test_export_download_has_explicit_permission" time="0.001" /><testcase classname="tests.test_route_authorization_policy.TestExportRoutePolicy" name="test_no_export_route_is_plain_authenticated" time="0.001" /><testcase classname="tests.test_route_authorization_policy.TestExportRoutePolicy" name="test_streaming_exports_have_permission" time="0.001" /><testcase classname="tests.test_route_authorization_policy.TestOrderPaymentRoutePolicy" name="test_order_pay_route_requires_payments_create" time="0.001" /><testcase classname="tests.test_route_authorization_policy.TestInternalRoutePolicy" name="test_internal_routes_exist" time="0.001" /><testcase classname="tests.test_route_authorization_policy.TestInternalRoutePolicy" name="test_all_internal_routes_require_system_admin" time="0.001" /><testcase classname="tests.test_route_authorization_policy.TestPublicAllowlistIntegrity" name="test_public_allowlist_is_minimal" time="0.001" /><testcase classname="tests.test_route_authorization_policy.TestPublicAllowlistIntegrity" name="test_no_platform_route_in_allowlist" time="0.001" /><testcase classname="tests.test_route_authorization_policy.TestPublicAllowlistIntegrity" name="test_allowlisted_routes_are_classified_public" time="0.001" /><testcase classname="tests.test_route_authorization_policy.TestFindingsInventory" name="test_print_full_classification_table" time="0.002" /><testcase classname="tests.test_route_authorization_policy.TestSmokeAuthGate" name="test_require_permission_system_admin_rejects_no_auth" time="0.002" /><testcase classname="tests.test_route_authorization_policy.TestSmokeAuthGate" name="test_require_permission_exports_create_rejects_no_auth" time="0.002" /><testcase classname="tests.test_route_authorization_policy.TestSmokeAuthGate" name="test_get_current_user_context_rejects_no_auth" time="0.001" /><testcase classname="tests.test_route_authorization_policy.TestSmokeAuthGate" name="test_export_routes_reject_unauthenticated_http" time="0.032" /><testcase classname="tests.test_route_coverage.TestOpenAPIRouteCoverage" name="test_all_openapi_paths_have_routes" time="0.001"><skipped type="pytest.skip" message="docs/contracts/openapi.yaml not yet generated">/home/ivy/Desktop/dc12r1-mvp-l1-j1-h2-c-r1-r2-r1-v2-r1-worktree/backend/tests/test_route_coverage.py:46: docs/contracts/openapi.yaml not yet generated</skipped></testcase><testcase classname="tests.test_route_coverage.TestOpenAPIRouteCoverage" name="test_stub_endpoints_return_501" time="0.017"><skipped type="pytest.xfail" message="Endpoints are implemented (not stubs) and RBAC middleware returns 403 for some" /></testcase><testcase classname="tests.test_route_coverage.TestOpenAPIRouteCoverage" name="test_health_endpoint_exists" time="0.013" /><testcase classname="tests.test_route_coverage.TestRoutePathParameters" name="test_user_id_path_parameter_accepted" time="7.427"><skipped type="pytest.xfail" message="RBAC middleware returns 403 before reaching endpoint logic" /></testcase><testcase time="0.000" /><testcase classname="pytest" name="internal" time="0.000"><error message="internal error">Traceback (most recent call last):
  File "/home/ivy/.local/lib/python3.12/site-packages/_pytest/main.py", line 289, in wrap_session
    session.exitstatus = doit(config, session) or 0
                         ^^^^^^^^^^^^^^^^^^^^^
  File "/home/ivy/.local/lib/python3.12/site-packages/_pytest/main.py", line 343, in _main
    config.hook.pytest_runtestloop(session=session)
  File "/home/ivy/.local/lib/python3.12/site-packages/pluggy/_hooks.py", line 512, in __call__
    return self._hookexec(self.name, self._hookimpls.copy(), kwargs, firstresult)
           ^^^^^^^^^^^^^^^^^^^^^^^^^^^^^^^^^^^^^^^^^^^^^^^^^^^^^^^^^^^^^^^^^^^^^^
  File "/home/ivy/.local/lib/python3.12/site-packages/pluggy/_manager.py", line 120, in _hookexec
    return self._inner_hookexec(hook_name, methods, kwargs, firstresult)
           ^^^^^^^^^^^^^^^^^^^^^^^^^^^^^^^^^^^^^^^^^^^^^^^^^^^^^^^^^^^^^
  File "/home/ivy/.local/lib/python3.12/site-packages/pluggy/_callers.py", line 167, in _multicall
    raise exception
  File "/home/ivy/.local/lib/python3.12/site-packages/pluggy/_callers.py", line 139, in _multicall
    teardown.throw(exception)
  File "/home/ivy/.local/lib/python3.12/site-packages/_pytest/logging.py", line 801, in pytest_runtestloop
    return (yield)  # Run all the tests.
            ^^^^^
  File "/home/ivy/.local/lib/python3.12/site-packages/pluggy/_callers.py", line 139, in _multicall
    teardown.throw(exception)
  File "/home/ivy/.local/lib/python3.12/site-packages/_pytest/terminal.py", line 688, in pytest_runtestloop
    result = yield
             ^^^^^
  File "/home/ivy/.local/lib/python3.12/site-packages/pluggy/_callers.py", line 121, in _multicall
    res = hook_impl.function(*args)
          ^^^^^^^^^^^^^^^^^^^^^^^^^
  File "/home/ivy/.local/lib/python3.12/site-packages/_pytest/main.py", line 367, in pytest_runtestloop
    item.config.hook.pytest_runtest_protocol(item=item, nextitem=nextitem)
  File "/home/ivy/.local/lib/python3.12/site-packages/pluggy/_hooks.py", line 512, in __call__
    return self._hookexec(self.name, self._hookimpls.copy(), kwargs, firstresult)
           ^^^^^^^^^^^^^^^^^^^^^^^^^^^^^^^^^^^^^^^^^^^^^^^^^^^^^^^^^^^^^^^^^^^^^^
  File "/home/ivy/.local/lib/python3.12/site-packages/pluggy/_manager.py", line 120, in _hookexec
    return self._inner_hookexec(hook_name, methods, kwargs, firstresult)
           ^^^^^^^^^^^^^^^^^^^^^^^^^^^^^^^^^^^^^^^^^^^^^^^^^^^^^^^^^^^^^
  File "/home/ivy/.local/lib/python3.12/site-packages/pluggy/_callers.py", line 167, in _multicall
    raise exception
  File "/home/ivy/.local/lib/python3.12/site-packages/pluggy/_callers.py", line 139, in _multicall
    teardown.throw(exception)
  File "/home/ivy/.local/lib/python3.12/site-packages/_pytest/warnings.py", line 90, in pytest_runtest_protocol
    return (yield)
            ^^^^^
  File "/home/ivy/.local/lib/python3.12/site-packages/pluggy/_callers.py", line 139, in _multicall
    teardown.throw(exception)
  File "/home/ivy/.local/lib/python3.12/site-packages/_pytest/assertion/__init__.py", line 192, in pytest_runtest_protocol
    return (yield)
            ^^^^^
  File "/home/ivy/.local/lib/python3.12/site-packages/pluggy/_callers.py", line 139, in _multicall
    teardown.throw(exception)
  File "/home/ivy/.local/lib/python3.12/site-packages/pluggy/_callers.py", line 53, in run_old_style_hookwrapper
    return result.get_result()
           ^^^^^^^^^^^^^^^^^^^
  File "/home/ivy/.local/lib/python3.12/site-packages/pluggy/_result.py", line 103, in get_result
    raise exc.with_traceback(tb)
  File "/home/ivy/.local/lib/python3.12/site-packages/pluggy/_callers.py", line 38, in run_old_style_hookwrapper
    res = yield
          ^^^^^
  File "/home/ivy/.local/lib/python3.12/site-packages/pluggy/_callers.py", line 139, in _multicall
    teardown.throw(exception)
  File "/home/ivy/.local/lib/python3.12/site-packages/_pytest/unittest.py", line 475, in pytest_runtest_protocol
    return (yield)
            ^^^^^
  File "/home/ivy/.local/lib/python3.12/site-packages/pluggy/_callers.py", line 139, in _multicall
    teardown.throw(exception)
  File "/home/ivy/.local/lib/python3.12/site-packages/_pytest/faulthandler.py", line 88, in pytest_runtest_protocol
    return (yield)
            ^^^^^
  File "/home/ivy/.local/lib/python3.12/site-packages/pluggy/_callers.py", line 121, in _multicall
    res = hook_impl.function(*args)
          ^^^^^^^^^^^^^^^^^^^^^^^^^
  File "/home/ivy/.local/lib/python3.12/site-packages/_pytest/runner.py", line 117, in pytest_runtest_protocol
    runtestprotocol(item, nextitem=nextitem)
  File "/home/ivy/.local/lib/python3.12/site-packages/_pytest/runner.py", line 136, in runtestprotocol
    reports.append(call_and_report(item, "call", log))
                   ^^^^^^^^^^^^^^^^^^^^^^^^^^^^^^^^^^
  File "/home/ivy/.local/lib/python3.12/site-packages/_pytest/runner.py", line 250, in call_and_report
    ihook.pytest_runtest_logreport(report=report)
  File "/home/ivy/.local/lib/python3.12/site-packages/pluggy/_hooks.py", line 512, in __call__
    return self._hookexec(self.name, self._hookimpls.copy(), kwargs, firstresult)
           ^^^^^^^^^^^^^^^^^^^^^^^^^^^^^^^^^^^^^^^^^^^^^^^^^^^^^^^^^^^^^^^^^^^^^^
  File "/home/ivy/.local/lib/python3.12/site-packages/pluggy/_manager.py", line 120, in _hookexec
    return self._inner_hookexec(hook_name, methods, kwargs, firstresult)
           ^^^^^^^^^^^^^^^^^^^^^^^^^^^^^^^^^^^^^^^^^^^^^^^^^^^^^^^^^^^^^
  File "/home/ivy/.local/lib/python3.12/site-packages/pluggy/_callers.py", line 167, in _multicall
    raise exception
  File "/home/ivy/.local/lib/python3.12/site-packages/pluggy/_callers.py", line 121, in _multicall
    res = hook_impl.function(*args)
          ^^^^^^^^^^^^^^^^^^^^^^^^^
  File "/home/ivy/.local/lib/python3.12/site-packages/_pytest/terminal.py", line 666, in pytest_runtest_logreport
    self._write_progress_information_filling_space()
  File "/home/ivy/.local/lib/python3.12/site-packages/_pytest/terminal.py", line 766, in _write_progress_information_filling_space
    self.write(msg.rjust(fill), flush=True, **{color: True})
  File "/home/ivy/.local/lib/python3.12/site-packages/_pytest/terminal.py", line 509, in write
    self._tw.write(content, flush=flush, **markup)
  File "/home/ivy/.local/lib/python3.12/site-packages/_pytest/_io/terminalwriter.py", line 177, in write
    self.flush()
  File "/home/ivy/.local/lib/python3.12/site-packages/_pytest/_io/terminalwriter.py", line 184, in flush
    self._file.flush()
BrokenPipeError: [Errno 32] Broken pipe</error></testcase></testsuite></testsuites>