<?xml version="1.0" encoding="utf-8"?><testsuites name="pytest tests"><testsuite name="pytest" errors="0" failures="0" skipped="0" tests="109" time="65.106" timestamp="2026-08-23T18:59:32.598141+08:00" hostname="jeff15383620563"><testcase classname="tests.test_dc3b_credential_recovery_backend" name="test_forgot_password_neutral_for_existing_and_nonexistent_email" time="0.841" /><testcase classname="tests.test_dc3b_credential_recovery_backend" name="test_broken_tenant_schema_does_not_block_healthy_password_reset" time="0.580" /><testcase classname="tests.test_dc3b_credential_recovery_backend" name="test_production_fail_closed_creates_no_token" time="0.558" /><testcase classname="tests.test_dc3b_credential_recovery_backend" name="test_reset_token_stored_hash_only_raw_never_persisted" time="0.576" /><testcase classname="tests.test_dc3b_credential_recovery_backend" name="test_reset_with_valid_token_updates_password" time="1.361" /><testcase classname="tests.test_dc3b_credential_recovery_backend" name="test_invalid_states_fail_neutrally" time="1.896" /><testcase classname="tests.test_dc3b_credential_recovery_backend" name="test_query_string_token_rejected" time="0.445" /><testcase classname="tests.test_dc3b_credential_recovery_backend" name="test_reset_updates_both_tenant_copies" time="2.206" /><testcase classname="tests.test_dc3b_credential_recovery_backend" name="test_login_succeeds_after_reset_with_multiple_copies" time="3.659" /><testcase classname="tests.test_dc3b_credential_recovery_backend" name="test_setup_credential_propagates_to_other_tenant_copies" time="2.245" /><testcase classname="tests.test_dc3b_credential_recovery_backend" name="test_no_internal_ids_tokens_hashes_in_public_responses" time="0.813" /><testcase classname="tests.test_dc3b_credential_recovery_backend" name="test_r1_different_passwords_isolates_unverified_tenant" time="2.503" /><testcase classname="tests.test_dc3b_credential_recovery_backend" name="test_r1_same_password_different_user_ids_selects_both" time="2.083" /><testcase classname="tests.test_dc3b_credential_recovery_backend" name="test_r1_after_reset_both_copies_login_and_select" time="2.404" /><testcase classname="tests.test_dc3b_credential_recovery_backend" name="test_r1_identity_refresh_preserves_tenant_selection" time="2.086" /><testcase classname="tests.test_dc3b_credential_recovery_backend" name="test_r1_no_internal_mapping_in_public_responses" time="3.059" /><testcase classname="tests.test_dc12r1_j1_h2b_forgot_password_runtime_closure" name="test_t1_internal_failure_neutral_200_zero_tokens_plus_observable_log" time="0.222" /><testcase classname="tests.test_dc12r1_j1_h2b_forgot_password_runtime_closure" name="test_t2_official_lifecycle_account_token_and_email" time="1.923" /><testcase classname="tests.test_dc12r1_j1_h2b_forgot_password_runtime_closure" name="test_t3_nonexistent_and_inactive_neutral_zero_side_effects_and_zero_events" time="0.658" /><testcase classname="tests.test_dc12r1_j1_h2b_forgot_password_runtime_closure" name="test_t4_unrelated_scan_failure_target_found_partial_telemetry" time="0.591" /><testcase classname="tests.test_dc12r1_j1_h2b_forgot_password_runtime_closure" name="test_t5_delivery_failure_rollback" time="0.503" /><testcase classname="tests.test_dc12r1_j1_h2b_forgot_password_runtime_closure" name="test_t6_unexpected_failure_metric_and_neutral_external" time="0.108" /><testcase classname="tests.test_dc12r1_j1_h2b_forgot_password_runtime_closure" name="test_t7_replay_exact_401_token_remains_used_password_not_applied" time="2.039" /><testcase classname="tests.test_dc12r1_j1_h2b_forgot_password_runtime_closure" name="test_t8_query_string_token_rejected" time="0.507" /><testcase classname="tests.test_dc12r1_j1_h2b_forgot_password_runtime_closure" name="test_t9_target_scan_failure_one_internal_event_evidence_preserved" time="0.660" /><testcase classname="tests.test_dc12r1_j1_h2b_forgot_password_runtime_closure" name="test_t10_consume_scan_incomplete_token_stays_actionable" time="1.077" /><testcase classname="tests.test_dc12r1_j1_h2b_forgot_password_runtime_closure" name="test_t11_consume_partial_scan_fails_closed_both_old_token_intact" time="3.274" /><testcase classname="tests.test_dc12r1_j1_h2b_forgot_password_runtime_closure" name="test_t12_partial_apply_rolls_back_first_copy_token_intact" time="3.315" /><testcase classname="tests.test_u6c_signup_email_verification_skeleton" name="test_signup_creates_pending_registration_and_one_active_verification_token" time="0.066" /><testcase classname="tests.test_u6c_signup_email_verification_skeleton" name="test_passwordless_signup_is_the_new_client_contract_and_stores_no_hash" time="0.069" /><testcase classname="tests.test_u6c_signup_email_verification_skeleton" name="test_legacy_password_is_accepted_but_never_stored" time="0.074" /><testcase classname="tests.test_u6c_signup_email_verification_skeleton" name="test_legacy_replay_with_different_password_same_key_is_not_a_conflict" time="0.093" /><testcase classname="tests.test_u6c_signup_email_verification_skeleton" name="test_fingerprint_deterministic_for_passwordless_and_legacy_payloads" time="0.093" /><testcase classname="tests.test_u6c_signup_email_verification_skeleton" name="test_signup_stores_only_token_hash_and_dev_sink_captures_delivery" time="0.080" /><testcase classname="tests.test_u6c_signup_email_verification_skeleton" name="test_duplicate_same_normalized_email_returns_neutral_success_without_duplicate_live_registration" time="0.078" /><testcase classname="tests.test_u6c_signup_email_verification_skeleton" name="test_same_idempotency_key_and_fingerprint_is_safe" time="0.083" /><testcase classname="tests.test_u6c_signup_email_verification_skeleton" name="test_idempotent_retry_does_not_expose_changed_internal_status" time="0.098" /><testcase classname="tests.test_u6c_signup_email_verification_skeleton" name="test_production_signup_fails_closed_without_email_provider_and_writes_no_rows" time="0.042" /><testcase classname="tests.test_u6c_signup_email_verification_skeleton" name="test_signup_endpoint_returns_503_when_email_delivery_is_unavailable" time="0.044" /><testcase classname="tests.test_u6c_signup_email_verification_skeleton" name="test_invalid_email_or_password_returns_validation_error_without_db_writes" time="0.045" /><testcase classname="tests.test_u6c_signup_email_verification_skeleton" name="test_legacy_fingerprint_record_replays_under_new_code_without_409" time="0.069" /><testcase classname="tests.test_u6c_signup_email_verification_skeleton" name="test_legacy_fingerprint_record_still_409_for_different_payload" time="0.067" /><testcase classname="tests.test_u6c_signup_email_verification_skeleton" name="test_signup_does_not_create_tenant_schema_users_roles_or_rbac" time="0.074" /><testcase classname="tests.test_u6c_signup_email_verification_skeleton" name="test_signup_response_has_no_raw_token_and_no_query_string_status_contract" time="0.067" /><testcase classname="tests.test_u6f_onboarding_auth_chain_closeout" name="test_end_to_end_signup_verify_status_happy_path_is_neutral_and_provisions_without_admin" time="2.393" /><testcase classname="tests.test_u6f_onboarding_auth_chain_closeout" name="test_duplicate_email_neutrality_creates_no_second_live_registration_or_status_token" time="0.082" /><testcase classname="tests.test_u6f_onboarding_auth_chain_closeout" name="test_idempotency_retry_and_conflict_do_not_create_duplicate_rows" time="0.089" /><testcase classname="tests.test_u6f_onboarding_auth_chain_closeout" name="test_token_transport_and_invalid_missing_expired_reused_fail_neutrally" time="1.419" /><testcase classname="tests.test_u6f_onboarding_auth_chain_closeout" name="test_closeout_provisions_tenant_but_defers_admin_rbac_until_setup_credential" time="1.169" /><testcase classname="tests.test_u6f_onboarding_auth_chain_closeout" name="test_route_policy_keeps_current_onboarding_and_recovery_routes_public" time="0.039" /><testcase classname="tests.test_u6f_onboarding_auth_chain_closeout" name="test_migration_schema_sanity_uses_current_single_head" time="0.052" /><testcase classname="tests.test_u6i6_onboarding_e2e_closeout" name="test_full_owner_onboarding_backend_chain_proves_hash_only_tokens_and_admin_rbac" time="2.514" /><testcase classname="tests.test_u6h2_tenant_provisioning_wholesaler_schema" name="test_provisioning_registration_creates_one_wholesaler_and_bootstrapped_schema" time="1.060" /><testcase classname="tests.test_u6h2_tenant_provisioning_wholesaler_schema" name="test_active_existing_registration_returns_idempotent_result" time="1.049" /><testcase classname="tests.test_u6h2_tenant_provisioning_wholesaler_schema" name="test_duplicate_retry_creates_no_duplicate_wholesaler_or_schema_corruption" time="1.095" /><testcase classname="tests.test_u6h2_tenant_provisioning_wholesaler_schema" name="test_non_provisioning_statuses_are_blocked_without_mutation[pending_email_verification]" time="0.052" /><testcase classname="tests.test_u6h2_tenant_provisioning_wholesaler_schema" name="test_non_provisioning_statuses_are_blocked_without_mutation[email_verified]" time="0.050" /><testcase classname="tests.test_u6h2_tenant_provisioning_wholesaler_schema" name="test_non_provisioning_statuses_are_blocked_without_mutation[cancelled]" time="0.051" /><testcase classname="tests.test_u6h2_tenant_provisioning_wholesaler_schema" name="test_non_provisioning_statuses_are_blocked_without_mutation[expired]" time="0.062" /><testcase classname="tests.test_u6h2_tenant_provisioning_wholesaler_schema" name="test_non_provisioning_statuses_are_blocked_without_mutation[failed]" time="0.055" /><testcase classname="tests.test_u6h2_tenant_provisioning_wholesaler_schema" name="test_bootstrap_failure_does_not_mark_active_or_completed" time="0.070" /><testcase classname="tests.test_u6h2_tenant_provisioning_wholesaler_schema" name="test_bootstrap_failure_message_does_not_persist_dsn_or_fake_password" time="0.084" /><testcase classname="tests.test_u6h2_tenant_provisioning_wholesaler_schema" name="test_bootstrap_seeds_current_retailer_rbac_without_admin_grant_all" time="1.110" /><testcase classname="tests.test_u6h2_tenant_provisioning_wholesaler_schema" name="test_public_auth_routes_delegate_tenant_provisioning_to_onboarding_service" time="0.026" /><testcase classname="tests.test_u6h2_tenant_provisioning_wholesaler_schema" name="test_active_existing_with_missing_schema_is_not_treated_as_idempotent" time="1.145" /><testcase classname="tests.test_u6h2_tenant_provisioning_wholesaler_schema" name="test_forbidden_wholesaler_api_crud_repository_and_bootstrap_files_are_untouched" time="0.347" /><testcase classname="tests.test_u6h3_tenant_provisioning_reconcile_cleanup" name="test_first_attempt_partial_schema_failure_persists_retry_anchor_and_reconciles" time="0.318" /><testcase classname="tests.test_u6h3_tenant_provisioning_reconcile_cleanup" name="test_partial_schema_after_failure_reconciles_to_active_without_duplicate_wholesaler" time="1.099" /><testcase classname="tests.test_u6h3_tenant_provisioning_reconcile_cleanup" name="test_complete_schema_for_provisioning_registration_completes_without_bootstrap_rerun" time="1.107" /><testcase classname="tests.test_u6h3_tenant_provisioning_reconcile_cleanup" name="test_partial_schema_bootstrap_rerun_failure_stays_not_active_and_sanitized" time="0.101" /><testcase classname="tests.test_u6h3_tenant_provisioning_reconcile_cleanup" name="test_active_existing_remains_idempotent_after_reconcile" time="1.313" /><testcase classname="tests.test_u6h3_tenant_provisioning_reconcile_cleanup" name="test_reconcile_seeds_current_retailer_rbac_without_admin_grant_all" time="1.165" /><testcase classname="tests.test_u6h3_tenant_provisioning_reconcile_cleanup" name="test_public_auth_routes_delegate_tenant_provisioning_to_onboarding_service" time="0.025" /><testcase classname="tests.test_u6h3_tenant_provisioning_reconcile_cleanup" name="test_forbidden_wholesaler_api_crud_repository_and_bootstrap_files_are_untouched" time="0.302" /><testcase classname="tests.test_route_authorization_policy.TestHarnessIntegrity" name="test_harness_scans_all_api_v1_routes" time="0.000" /><testcase classname="tests.test_route_authorization_policy.TestHarnessIntegrity" name="test_no_route_is_unclassified" time="0.000" /><testcase classname="tests.test_route_authorization_policy.TestHarnessIntegrity" name="test_harness_detects_auth_dependencies_correctly" time="0.000" /><testcase classname="tests.test_route_authorization_policy.TestHarnessIntegrity" name="test_known_good_routes_are_classified_correctly" time="0.000" /><testcase classname="tests.test_route_authorization_policy.TestHarnessIntegrity" name="test_classification_table_printable" time="0.000" /><testcase classname="tests.test_route_authorization_policy.TestRoutePolicyContract" name="test_all_api_v1_routes_are_classified" time="0.000" /><testcase classname="tests.test_route_authorization_policy.TestRoutePolicyContract" name="test_no_unclassified_business_routes" time="0.000" /><testcase classname="tests.test_route_authorization_policy.TestPlatformRoutePolicy" name="test_platform_routes_exist" time="0.000" /><testcase classname="tests.test_route_authorization_policy.TestPlatformRoutePolicy" name="test_all_platform_routes_require_platform_permission" time="0.000" /><testcase classname="tests.test_route_authorization_policy.TestPlatformRoutePolicy" name="test_platform_routes_have_auth_dependency" time="0.000" /><testcase classname="tests.test_route_authorization_policy.TestPlatformAdminBoundary" name="test_identity_only_super_admin_allowed" time="0.001" /><testcase classname="tests.test_route_authorization_policy.TestPlatformAdminBoundary" name="test_contextual_tenant_admin_rejected" time="0.000" /><testcase classname="tests.test_route_authorization_policy.TestPlatformAdminBoundary" name="test_contextual_super_admin_rejected" time="0.000" /><testcase classname="tests.test_route_authorization_policy.TestPlatformAdminBoundary" name="test_partial_context_tenant_id_set_schema_none_rejected" time="0.001" /><testcase classname="tests.test_route_authorization_policy.TestPlatformAdminBoundary" name="test_partial_context_tenant_id_none_schema_set_rejected" time="0.001" /><testcase classname="tests.test_route_authorization_policy.TestPlatformAdminBoundary" name="test_regular_user_rejected" time="0.001" /><testcase classname="tests.test_route_authorization_policy.TestPlatformAdminBoundary" name="test_unauthenticated_rejected" time="0.001" /><testcase classname="tests.test_route_authorization_policy.TestPlatformAdminBoundary" name="test_platform_routes_use_platform_guard" time="0.000" /><testcase classname="tests.test_route_authorization_policy.TestPlatformAdminBoundary" name="test_platform_routes_reject_non_platform_admin_http" time="0.031" /><testcase classname="tests.test_route_authorization_policy.TestExportRoutePolicy" name="test_export_create_has_permission" time="0.000" /><testcase classname="tests.test_route_authorization_policy.TestExportRoutePolicy" name="test_export_status_has_explicit_permission" time="0.000" /><testcase classname="tests.test_route_authorization_policy.TestExportRoutePolicy" name="test_export_download_has_explicit_permission" time="0.000" /><testcase classname="tests.test_route_authorization_policy.TestExportRoutePolicy" name="test_no_export_route_is_plain_authenticated" time="0.000" /><testcase classname="tests.test_route_authorization_policy.TestExportRoutePolicy" name="test_streaming_exports_have_permission" time="0.000" /><testcase classname="tests.test_route_authorization_policy.TestOrderPaymentRoutePolicy" name="test_order_pay_route_requires_payments_create" time="0.000" /><testcase classname="tests.test_route_authorization_policy.TestInternalRoutePolicy" name="test_internal_routes_exist" time="0.000" /><testcase classname="tests.test_route_authorization_policy.TestInternalRoutePolicy" name="test_all_internal_routes_require_system_admin" time="0.000" /><testcase classname="tests.test_route_authorization_policy.TestPublicAllowlistIntegrity" name="test_public_allowlist_is_minimal" time="0.000" /><testcase classname="tests.test_route_authorization_policy.TestPublicAllowlistIntegrity" name="test_no_platform_route_in_allowlist" time="0.000" /><testcase classname="tests.test_route_authorization_policy.TestPublicAllowlistIntegrity" name="test_allowlisted_routes_are_classified_public" time="0.001" /><testcase classname="tests.test_route_authorization_policy.TestFindingsInventory" name="test_print_full_classification_table" time="0.001" /><testcase classname="tests.test_route_authorization_policy.TestSmokeAuthGate" name="test_require_permission_system_admin_rejects_no_auth" time="0.001" /><testcase classname="tests.test_route_authorization_policy.TestSmokeAuthGate" name="test_require_permission_exports_create_rejects_no_auth" time="0.001" /><testcase classname="tests.test_route_authorization_policy.TestSmokeAuthGate" name="test_get_current_user_context_rejects_no_auth" time="0.000" /><testcase classname="tests.test_route_authorization_policy.TestSmokeAuthGate" name="test_export_routes_reject_unauthenticated_http" time="0.023" /></testsuite></testsuites>
