$ pytest tests/test_tenant_bootstrap_db_authority.py (scenario=v3_ok, label=post_restore)
rc=0

============================= test session starts =============================
collecting ... collected 16 items

tests/test_tenant_bootstrap_db_authority.py::test_bootstrap_script_never_replaces_or_reowns_public_guard PASSED [  6%]
tests/test_tenant_bootstrap_db_authority.py::test_bootstrap_script_keeps_fail_closed_precondition_semantics PASSED [ 12%]
tests/test_tenant_bootstrap_db_authority.py::test_grants_script_declares_only_minimum_runtime_grants PASSED [ 18%]
tests/test_tenant_bootstrap_db_authority.py::test_v3_preparation_gate_authority_topology_is_wired PASSED [ 25%]
tests/test_tenant_bootstrap_db_authority.py::test_v3_ok_preparation_gate_guard_function_is_intact PASSED [ 31%]
tests/test_tenant_bootstrap_db_authority.py::test_r1_public_lifecycle_activates_tenant_as_runtime_role PASSED [ 37%]
tests/test_tenant_bootstrap_db_authority.py::test_r2_tenant_contains_required_tables_two_views_mv_and_unique_index PASSED [ 43%]
tests/test_tenant_bootstrap_db_authority.py::test_r3_guard_owner_and_definition_preserved_across_tenant_creation PASSED [ 50%]
tests/test_tenant_bootstrap_db_authority.py::test_r4_ledger_update_and_delete_blocked_by_migration_owned_guard PASSED [ 56%]
tests/test_tenant_bootstrap_db_authority.py::test_r5_runtime_role_cannot_replace_reown_or_escalate PASSED [ 62%]
tests/test_tenant_bootstrap_db_authority.py::test_n1_missing_guard_function_fails_closed_zero_partial_tenant SKIPPED [ 68%]
tests/test_tenant_bootstrap_db_authority.py::test_n2_incompatible_guard_signature_fails_closed_zero_partial_tenant SKIPPED [ 75%]
tests/test_tenant_bootstrap_db_authority.py::test_n3_runtime_owned_guard_function_fails_closed_zero_partial_tenant SKIPPED [ 81%]
tests/test_tenant_bootstrap_db_authority.py::test_n4_missing_execute_privilege_fails_closed_zero_partial_tenant SKIPPED [ 87%]
tests/test_tenant_bootstrap_db_authority.py::test_mutation_m1_sentinel_reintroducing_runtime_replace_is_refused PASSED [ 93%]
tests/test_tenant_bootstrap_db_authority.py::test_mutation_m2_sentinel_ownership_precondition_is_load_bearing SKIPPED [100%]

============================== warnings summary ===============================
tests/test_tenant_bootstrap_db_authority.py::test_r1_public_lifecycle_activates_tenant_as_runtime_role
  C:\Users\Jeff0\MPANGO ERP\worktrees\zcode_tenant_bootstrap_db_authority_r1_2026-09-16\backend\database\base.py:7: MovedIn20Warning: The ``declarative_base()`` function is now available as sqlalchemy.orm.declarative_base(). (deprecated since: 2.0) (Background on SQLAlchemy 2.0 at: https://sqlalche.me/e/b8d9)
    Base = declarative_base()

tests/test_tenant_bootstrap_db_authority.py::test_r1_public_lifecycle_activates_tenant_as_runtime_role
  C:\Users\Jeff0\MPANGO ERP\worktrees\zcode_tenant_bootstrap_db_authority_r1_2026-09-16\backend\services\onboarding_service.py:299: DeprecationWarning: deprecated
    if request.password is not None:

tests/test_tenant_bootstrap_db_authority.py::test_r1_public_lifecycle_activates_tenant_as_runtime_role
  C:\Users\Jeff0\MPANGO ERP\worktrees\zcode_tenant_bootstrap_db_authority_r1_2026-09-16\backend\api\v1\auth.py:154: DeprecationWarning: datetime.datetime.utcnow() is deprecated and scheduled for removal in a future version. Use timezone-aware objects to represent datetimes in UTC: datetime.datetime.now(datetime.UTC).
    timestamp=datetime.utcnow(),

tests/test_tenant_bootstrap_db_authority.py::test_r1_public_lifecycle_activates_tenant_as_runtime_role
  C:\Users\Jeff0\MPANGO ERP\worktrees\zcode_tenant_bootstrap_db_authority_r1_2026-09-16\backend\api\v1\auth.py:197: DeprecationWarning: datetime.datetime.utcnow() is deprecated and scheduled for removal in a future version. Use timezone-aware objects to represent datetimes in UTC: datetime.datetime.now(datetime.UTC).
    timestamp=datetime.utcnow(),

tests/test_tenant_bootstrap_db_authority.py::test_r1_public_lifecycle_activates_tenant_as_runtime_role
  C:\Users\Jeff0\MPANGO ERP\worktrees\zcode_tenant_bootstrap_db_authority_r1_2026-09-16\backend\api\v1\auth.py:716: DeprecationWarning: datetime.datetime.utcnow() is deprecated and scheduled for removal in a future version. Use timezone-aware objects to represent datetimes in UTC: datetime.datetime.now(datetime.UTC).
    timestamp=datetime.utcnow(),

tests/test_tenant_bootstrap_db_authority.py::test_r1_public_lifecycle_activates_tenant_as_runtime_role
tests/test_tenant_bootstrap_db_authority.py::test_r1_public_lifecycle_activates_tenant_as_runtime_role
  C:\Users\Jeff0\MPANGO ERP\worktrees\zcode_tenant_bootstrap_db_authority_r1_2026-09-16\backend\core\security.py:108: DeprecationWarning: datetime.datetime.utcnow() is deprecated and scheduled for removal in a future version. Use timezone-aware objects to represent datetimes in UTC: datetime.datetime.now(datetime.UTC).
    expire = datetime.utcnow() + expires_delta

tests/test_tenant_bootstrap_db_authority.py::test_r1_public_lifecycle_activates_tenant_as_runtime_role
  C:\Users\Jeff0\MPANGO ERP\worktrees\zcode_tenant_bootstrap_db_authority_r1_2026-09-16\backend\api\v1\auth.py:325: DeprecationWarning: datetime.datetime.utcnow() is deprecated and scheduled for removal in a future version. Use timezone-aware objects to represent datetimes in UTC: datetime.datetime.now(datetime.UTC).
    timestamp=datetime.utcnow(),

tests/test_tenant_bootstrap_db_authority.py::test_r1_public_lifecycle_activates_tenant_as_runtime_role
tests/test_tenant_bootstrap_db_authority.py::test_r1_public_lifecycle_activates_tenant_as_runtime_role
  C:\Users\Jeff0\MPANGO ERP\worktrees\zcode_tenant_bootstrap_db_authority_r1_2026-09-16\backend\core\security.py:150: DeprecationWarning: datetime.datetime.utcnow() is deprecated and scheduled for removal in a future version. Use timezone-aware objects to represent datetimes in UTC: datetime.datetime.now(datetime.UTC).
    expire = datetime.utcnow() + expires_delta

tests/test_tenant_bootstrap_db_authority.py::test_r1_public_lifecycle_activates_tenant_as_runtime_role
  C:\Users\Jeff0\MPANGO ERP\worktrees\zcode_tenant_bootstrap_db_authority_r1_2026-09-16\backend\api\v1\auth.py:441: DeprecationWarning: datetime.datetime.utcnow() is deprecated and scheduled for removal in a future version. Use timezone-aware objects to represent datetimes in UTC: datetime.datetime.now(datetime.UTC).
    timestamp=datetime.utcnow(),

tests/test_tenant_bootstrap_db_authority.py::test_r1_public_lifecycle_activates_tenant_as_runtime_role
  C:\Users\Jeff0\MPANGO ERP\worktrees\zcode_tenant_bootstrap_db_authority_r1_2026-09-16\backend\api\v1\auth.py:661: DeprecationWarning: datetime.datetime.utcnow() is deprecated and scheduled for removal in a future version. Use timezone-aware objects to represent datetimes in UTC: datetime.datetime.now(datetime.UTC).
    timestamp=datetime.utcnow()

-- Docs: https://docs.pytest.org/en/stable/how-to/capture-warnings.html
=================================== PASSES ====================================
__________ test_r1_public_lifecycle_activates_tenant_as_runtime_role __________
---------------------------- Captured stdout setup ----------------------------
[reconcile] t_5ca0da1d688149629790fe5d0bb58236.payments: ensured ix_payments_order_id
[reconcile] t_5ca0da1d688149629790fe5d0bb58236.payments: ensured uq_payments_transaction_id
[reconcile] t_5ca0da1d688149629790fe5d0bb58236.retailer_prices: contract validated, indexes ensured
[reconcile] t_5ca0da1d688149629790fe5d0bb58236: granted schema USAGE to reporting_role
[reconcile] t_5ca0da1d688149629790fe5d0bb58236: created mv_sales_daily
[reconcile] t_5ca0da1d688149629790fe5d0bb58236: ensured idx_mv_sales_daily_u1
[reconcile] t_5ca0da1d688149629790fe5d0bb58236: ensured reporting_role table privileges
[reconcile] t_5ca0da1d688149629790fe5d0bb58236.import_runs: ensured indexes
[reconcile] t_5ca0da1d688149629790fe5d0bb58236: ensured U4 intake apply audit contract
[reconcile] t_5ca0da1d688149629790fe5d0bb58236: ensured DC-12R1-S1 retailer_operator RBAC + email index
[reconcile] t_5ca0da1d688149629790fe5d0bb58236: ensured DC-12R1-S3-S2B-I1 payment_declarations + receipt_sequences + receipt_number
[bootstrap] Tenant schema 't_5ca0da1d688149629790fe5d0bb58236' ready (22 tables, reconciled).
----------------------------- Captured log setup ------------------------------
ERROR    core.rate_limiter:rate_limiter.py:130 Rate limiter error: ConnectionError
Traceback (most recent call last):
  File "C:\Users\Jeff0\MPANGO ERP\_zcode_mvp_invariants_r0_venv\Lib\site-packages\redis\asyncio\connection.py", line 290, in connect
    await self.retry.call_with_retry(
  File "C:\Users\Jeff0\MPANGO ERP\_zcode_mvp_invariants_r0_venv\Lib\site-packages\redis\asyncio\retry.py", line 59, in call_with_retry
    return await do()
           ^^^^^^^^^^
  File "C:\Users\Jeff0\MPANGO ERP\_zcode_mvp_invariants_r0_venv\Lib\site-packages\redis\asyncio\connection.py", line 723, in _connect
    reader, writer = await asyncio.open_connection(
                     ^^^^^^^^^^^^^^^^^^^^^^^^^^^^^^
  File "C:\Users\Jeff0\AppData\Local\Programs\Python\Python312\Lib\asyncio\streams.py", line 48, in open_connection
    transport, _ = await loop.create_connection(
                   ^^^^^^^^^^^^^^^^^^^^^^^^^^^^^
  File "C:\Users\Jeff0\AppData\Local\Programs\Python\Python312\Lib\asyncio\base_events.py", line 1083, in create_connection
    infos = await self._ensure_resolved(
            ^^^^^^^^^^^^^^^^^^^^^^^^^^^^
  File "C:\Users\Jeff0\AppData\Local\Programs\Python\Python312\Lib\asyncio\base_events.py", line 1466, in _ensure_resolved
    return await loop.getaddrinfo(host, port, family=family, type=type,
           ^^^^^^^^^^^^^^^^^^^^^^^^^^^^^^^^^^^^^^^^^^^^^^^^^^^^^^^^^^^^
  File "C:\Users\Jeff0\AppData\Local\Programs\Python\Python312\Lib\asyncio\base_events.py", line 905, in getaddrinfo
    return await self.run_in_executor(
           ^^^^^^^^^^^^^^^^^^^^^^^^^^^
  File "C:\Users\Jeff0\AppData\Local\Programs\Python\Python312\Lib\concurrent\futures\thread.py", line 59, in run
    result = self.fn(*self.args, **self.kwargs)
             ^^^^^^^^^^^^^^^^^^^^^^^^^^^^^^^^^^
  File "C:\Users\Jeff0\AppData\Local\Programs\Python\Python312\Lib\socket.py", line 978, in getaddrinfo
    for res in _socket.getaddrinfo(host, port, family, type, proto, flags):
               ^^^^^^^^^^^^^^^^^^^^^^^^^^^^^^^^^^^^^^^^^^^^^^^^^^^^^^^^^^^
socket.gaierror: [Errno 11001] getaddrinfo failed

During handling of the above exception, another exception occurred:

Traceback (most recent call last):
  File "C:\Users\Jeff0\MPANGO ERP\worktrees\zcode_tenant_bootstrap_db_authority_r1_2026-09-16\backend\core\rate_limiter.py", line 84, in check_rate_limit
    count = await redis.incr(redis_key)
            ^^^^^^^^^^^^^^^^^^^^^^^^^^^
  File "C:\Users\Jeff0\MPANGO ERP\_zcode_mvp_invariants_r0_venv\Lib\site-packages\redis\asyncio\client.py", line 641, in execute_command
    conn = self.connection or await pool.get_connection()
                              ^^^^^^^^^^^^^^^^^^^^^^^^^^^
  File "C:\Users\Jeff0\MPANGO ERP\_zcode_mvp_invariants_r0_venv\Lib\site-packages\redis\asyncio\connection.py", line 1100, in get_connection
    await self.ensure_connection(connection)
  File "C:\Users\Jeff0\MPANGO ERP\_zcode_mvp_invariants_r0_venv\Lib\site-packages\redis\asyncio\connection.py", line 1133, in ensure_connection
    await connection.connect()
  File "C:\Users\Jeff0\MPANGO ERP\_zcode_mvp_invariants_r0_venv\Lib\site-packages\redis\asyncio\connection.py", line 298, in connect
    raise ConnectionError(self._error_message(e))
redis.exceptions.ConnectionError: Error 11001 connecting to redis:6379. getaddrinfo failed.
ERROR    core.rate_limiter:rate_limiter.py:130 Rate limiter error: ConnectionError
Traceback (most recent call last):
  File "C:\Users\Jeff0\MPANGO ERP\_zcode_mvp_invariants_r0_venv\Lib\site-packages\redis\asyncio\connection.py", line 290, in connect
    await self.retry.call_with_retry(
  File "C:\Users\Jeff0\MPANGO ERP\_zcode_mvp_invariants_r0_venv\Lib\site-packages\redis\asyncio\retry.py", line 59, in call_with_retry
    return await do()
           ^^^^^^^^^^
  File "C:\Users\Jeff0\MPANGO ERP\_zcode_mvp_invariants_r0_venv\Lib\site-packages\redis\asyncio\connection.py", line 723, in _connect
    reader, writer = await asyncio.open_connection(
                     ^^^^^^^^^^^^^^^^^^^^^^^^^^^^^^
  File "C:\Users\Jeff0\AppData\Local\Programs\Python\Python312\Lib\asyncio\streams.py", line 48, in open_connection
    transport, _ = await loop.create_connection(
                   ^^^^^^^^^^^^^^^^^^^^^^^^^^^^^
  File "C:\Users\Jeff0\AppData\Local\Programs\Python\Python312\Lib\asyncio\base_events.py", line 1083, in create_connection
    infos = await self._ensure_resolved(
            ^^^^^^^^^^^^^^^^^^^^^^^^^^^^
  File "C:\Users\Jeff0\AppData\Local\Programs\Python\Python312\Lib\asyncio\base_events.py", line 1466, in _ensure_resolved
    return await loop.getaddrinfo(host, port, family=family, type=type,
           ^^^^^^^^^^^^^^^^^^^^^^^^^^^^^^^^^^^^^^^^^^^^^^^^^^^^^^^^^^^^
  File "C:\Users\Jeff0\AppData\Local\Programs\Python\Python312\Lib\asyncio\base_events.py", line 905, in getaddrinfo
    return await self.run_in_executor(
           ^^^^^^^^^^^^^^^^^^^^^^^^^^^
  File "C:\Users\Jeff0\AppData\Local\Programs\Python\Python312\Lib\concurrent\futures\thread.py", line 59, in run
    result = self.fn(*self.args, **self.kwargs)
             ^^^^^^^^^^^^^^^^^^^^^^^^^^^^^^^^^^
  File "C:\Users\Jeff0\AppData\Local\Programs\Python\Python312\Lib\socket.py", line 978, in getaddrinfo
    for res in _socket.getaddrinfo(host, port, family, type, proto, flags):
               ^^^^^^^^^^^^^^^^^^^^^^^^^^^^^^^^^^^^^^^^^^^^^^^^^^^^^^^^^^^
socket.gaierror: [Errno 11001] getaddrinfo failed

During handling of the above exception, another exception occurred:

Traceback (most recent call last):
  File "C:\Users\Jeff0\MPANGO ERP\worktrees\zcode_tenant_bootstrap_db_authority_r1_2026-09-16\backend\core\rate_limiter.py", line 84, in check_rate_limit
    count = await redis.incr(redis_key)
            ^^^^^^^^^^^^^^^^^^^^^^^^^^^
  File "C:\Users\Jeff0\MPANGO ERP\_zcode_mvp_invariants_r0_venv\Lib\site-packages\redis\asyncio\client.py", line 641, in execute_command
    conn = self.connection or await pool.get_connection()
                              ^^^^^^^^^^^^^^^^^^^^^^^^^^^
  File "C:\Users\Jeff0\MPANGO ERP\_zcode_mvp_invariants_r0_venv\Lib\site-packages\redis\asyncio\connection.py", line 1100, in get_connection
    await self.ensure_connection(connection)
  File "C:\Users\Jeff0\MPANGO ERP\_zcode_mvp_invariants_r0_venv\Lib\site-packages\redis\asyncio\connection.py", line 1133, in ensure_connection
    await connection.connect()
  File "C:\Users\Jeff0\MPANGO ERP\_zcode_mvp_invariants_r0_venv\Lib\site-packages\redis\asyncio\connection.py", line 298, in connect
    raise ConnectionError(self._error_message(e))
redis.exceptions.ConnectionError: Error 11001 connecting to redis:6379. getaddrinfo failed.
WARNING  api.middleware.sql_profiling:sql_profiling.py:70 High SQL load detected: 18 queries, 61.36ms total
ERROR    core.rate_limiter:rate_limiter.py:130 Rate limiter error: ConnectionError
Traceback (most recent call last):
  File "C:\Users\Jeff0\MPANGO ERP\_zcode_mvp_invariants_r0_venv\Lib\site-packages\redis\asyncio\connection.py", line 290, in connect
    await self.retry.call_with_retry(
  File "C:\Users\Jeff0\MPANGO ERP\_zcode_mvp_invariants_r0_venv\Lib\site-packages\redis\asyncio\retry.py", line 59, in call_with_retry
    return await do()
           ^^^^^^^^^^
  File "C:\Users\Jeff0\MPANGO ERP\_zcode_mvp_invariants_r0_venv\Lib\site-packages\redis\asyncio\connection.py", line 723, in _connect
    reader, writer = await asyncio.open_connection(
                     ^^^^^^^^^^^^^^^^^^^^^^^^^^^^^^
  File "C:\Users\Jeff0\AppData\Local\Programs\Python\Python312\Lib\asyncio\streams.py", line 48, in open_connection
    transport, _ = await loop.create_connection(
                   ^^^^^^^^^^^^^^^^^^^^^^^^^^^^^
  File "C:\Users\Jeff0\AppData\Local\Programs\Python\Python312\Lib\asyncio\base_events.py", line 1083, in create_connection
    infos = await self._ensure_resolved(
            ^^^^^^^^^^^^^^^^^^^^^^^^^^^^
  File "C:\Users\Jeff0\AppData\Local\Programs\Python\Python312\Lib\asyncio\base_events.py", line 1466, in _ensure_resolved
    return await loop.getaddrinfo(host, port, family=family, type=type,
           ^^^^^^^^^^^^^^^^^^^^^^^^^^^^^^^^^^^^^^^^^^^^^^^^^^^^^^^^^^^^
  File "C:\Users\Jeff0\AppData\Local\Programs\Python\Python312\Lib\asyncio\base_events.py", line 905, in getaddrinfo
    return await self.run_in_executor(
           ^^^^^^^^^^^^^^^^^^^^^^^^^^^
  File "C:\Users\Jeff0\AppData\Local\Programs\Python\Python312\Lib\concurrent\futures\thread.py", line 59, in run
    result = self.fn(*self.args, **self.kwargs)
             ^^^^^^^^^^^^^^^^^^^^^^^^^^^^^^^^^^
  File "C:\Users\Jeff0\AppData\Local\Programs\Python\Python312\Lib\socket.py", line 978, in getaddrinfo
    for res in _socket.getaddrinfo(host, port, family, type, proto, flags):
               ^^^^^^^^^^^^^^^^^^^^^^^^^^^^^^^^^^^^^^^^^^^^^^^^^^^^^^^^^^^
socket.gaierror: [Errno 11001] getaddrinfo failed

During handling of the above exception, another exception occurred:

Traceback (most recent call last):
  File "C:\Users\Jeff0\MPANGO ERP\worktrees\zcode_tenant_bootstrap_db_authority_r1_2026-09-16\backend\core\rate_limiter.py", line 84, in check_rate_limit
    count = await redis.incr(redis_key)
            ^^^^^^^^^^^^^^^^^^^^^^^^^^^
  File "C:\Users\Jeff0\MPANGO ERP\_zcode_mvp_invariants_r0_venv\Lib\site-packages\redis\asyncio\client.py", line 641, in execute_command
    conn = self.connection or await pool.get_connection()
                              ^^^^^^^^^^^^^^^^^^^^^^^^^^^
  File "C:\Users\Jeff0\MPANGO ERP\_zcode_mvp_invariants_r0_venv\Lib\site-packages\redis\asyncio\connection.py", line 1100, in get_connection
    await self.ensure_connection(connection)
  File "C:\Users\Jeff0\MPANGO ERP\_zcode_mvp_invariants_r0_venv\Lib\site-packages\redis\asyncio\connection.py", line 1133, in ensure_connection
    await connection.connect()
  File "C:\Users\Jeff0\MPANGO ERP\_zcode_mvp_invariants_r0_venv\Lib\site-packages\redis\asyncio\connection.py", line 298, in connect
    raise ConnectionError(self._error_message(e))
redis.exceptions.ConnectionError: Error 11001 connecting to redis:6379. getaddrinfo failed.
WARNING  api.middleware.sql_profiling:sql_profiling.py:70 High SQL load detected: 106 queries, 302.87ms total
ERROR    core.rate_limiter:rate_limiter.py:130 Rate limiter error: ConnectionError
Traceback (most recent call last):
  File "C:\Users\Jeff0\MPANGO ERP\_zcode_mvp_invariants_r0_venv\Lib\site-packages\redis\asyncio\connection.py", line 290, in connect
    await self.retry.call_with_retry(
  File "C:\Users\Jeff0\MPANGO ERP\_zcode_mvp_invariants_r0_venv\Lib\site-packages\redis\asyncio\retry.py", line 59, in call_with_retry
    return await do()
           ^^^^^^^^^^
  File "C:\Users\Jeff0\MPANGO ERP\_zcode_mvp_invariants_r0_venv\Lib\site-packages\redis\asyncio\connection.py", line 723, in _connect
    reader, writer = await asyncio.open_connection(
                     ^^^^^^^^^^^^^^^^^^^^^^^^^^^^^^
  File "C:\Users\Jeff0\AppData\Local\Programs\Python\Python312\Lib\asyncio\streams.py", line 48, in open_connection
    transport, _ = await loop.create_connection(
                   ^^^^^^^^^^^^^^^^^^^^^^^^^^^^^
  File "C:\Users\Jeff0\AppData\Local\Programs\Python\Python312\Lib\asyncio\base_events.py", line 1083, in create_connection
    infos = await self._ensure_resolved(
            ^^^^^^^^^^^^^^^^^^^^^^^^^^^^
  File "C:\Users\Jeff0\AppData\Local\Programs\Python\Python312\Lib\asyncio\base_events.py", line 1466, in _ensure_resolved
    return await loop.getaddrinfo(host, port, family=family, type=type,
           ^^^^^^^^^^^^^^^^^^^^^^^^^^^^^^^^^^^^^^^^^^^^^^^^^^^^^^^^^^^^
  File "C:\Users\Jeff0\AppData\Local\Programs\Python\Python312\Lib\asyncio\base_events.py", line 905, in getaddrinfo
    return await self.run_in_executor(
           ^^^^^^^^^^^^^^^^^^^^^^^^^^^
  File "C:\Users\Jeff0\AppData\Local\Programs\Python\Python312\Lib\concurrent\futures\thread.py", line 59, in run
    result = self.fn(*self.args, **self.kwargs)
             ^^^^^^^^^^^^^^^^^^^^^^^^^^^^^^^^^^
  File "C:\Users\Jeff0\AppData\Local\Programs\Python\Python312\Lib\socket.py", line 978, in getaddrinfo
    for res in _socket.getaddrinfo(host, port, family, type, proto, flags):
               ^^^^^^^^^^^^^^^^^^^^^^^^^^^^^^^^^^^^^^^^^^^^^^^^^^^^^^^^^^^
socket.gaierror: [Errno 11001] getaddrinfo failed

During handling of the above exception, another exception occurred:

Traceback (most recent call last):
  File "C:\Users\Jeff0\MPANGO ERP\worktrees\zcode_tenant_bootstrap_db_authority_r1_2026-09-16\backend\core\rate_limiter.py", line 84, in check_rate_limit
    count = await redis.incr(redis_key)
            ^^^^^^^^^^^^^^^^^^^^^^^^^^^
  File "C:\Users\Jeff0\MPANGO ERP\_zcode_mvp_invariants_r0_venv\Lib\site-packages\redis\asyncio\client.py", line 641, in execute_command
    conn = self.connection or await pool.get_connection()
                              ^^^^^^^^^^^^^^^^^^^^^^^^^^^
  File "C:\Users\Jeff0\MPANGO ERP\_zcode_mvp_invariants_r0_venv\Lib\site-packages\redis\asyncio\connection.py", line 1100, in get_connection
    await self.ensure_connection(connection)
  File "C:\Users\Jeff0\MPANGO ERP\_zcode_mvp_invariants_r0_venv\Lib\site-packages\redis\asyncio\connection.py", line 1133, in ensure_connection
    await connection.connect()
  File "C:\Users\Jeff0\MPANGO ERP\_zcode_mvp_invariants_r0_venv\Lib\site-packages\redis\asyncio\connection.py", line 298, in connect
    raise ConnectionError(self._error_message(e))
redis.exceptions.ConnectionError: Error 11001 connecting to redis:6379. getaddrinfo failed.
ERROR    core.rate_limiter:rate_limiter.py:130 Rate limiter error: ConnectionError
Traceback (most recent call last):
  File "C:\Users\Jeff0\MPANGO ERP\_zcode_mvp_invariants_r0_venv\Lib\site-packages\redis\asyncio\connection.py", line 290, in connect
    await self.retry.call_with_retry(
  File "C:\Users\Jeff0\MPANGO ERP\_zcode_mvp_invariants_r0_venv\Lib\site-packages\redis\asyncio\retry.py", line 59, in call_with_retry
    return await do()
           ^^^^^^^^^^
  File "C:\Users\Jeff0\MPANGO ERP\_zcode_mvp_invariants_r0_venv\Lib\site-packages\redis\asyncio\connection.py", line 723, in _connect
    reader, writer = await asyncio.open_connection(
                     ^^^^^^^^^^^^^^^^^^^^^^^^^^^^^^
  File "C:\Users\Jeff0\AppData\Local\Programs\Python\Python312\Lib\asyncio\streams.py", line 48, in open_connection
    transport, _ = await loop.create_connection(
                   ^^^^^^^^^^^^^^^^^^^^^^^^^^^^^
  File "C:\Users\Jeff0\AppData\Local\Programs\Python\Python312\Lib\asyncio\base_events.py", line 1083, in create_connection
    infos = await self._ensure_resolved(
            ^^^^^^^^^^^^^^^^^^^^^^^^^^^^
  File "C:\Users\Jeff0\AppData\Local\Programs\Python\Python312\Lib\asyncio\base_events.py", line 1466, in _ensure_resolved
    return await loop.getaddrinfo(host, port, family=family, type=type,
           ^^^^^^^^^^^^^^^^^^^^^^^^^^^^^^^^^^^^^^^^^^^^^^^^^^^^^^^^^^^^
  File "C:\Users\Jeff0\AppData\Local\Programs\Python\Python312\Lib\asyncio\base_events.py", line 905, in getaddrinfo
    return await self.run_in_executor(
           ^^^^^^^^^^^^^^^^^^^^^^^^^^^
  File "C:\Users\Jeff0\AppData\Local\Programs\Python\Python312\Lib\concurrent\futures\thread.py", line 59, in run
    result = self.fn(*self.args, **self.kwargs)
             ^^^^^^^^^^^^^^^^^^^^^^^^^^^^^^^^^^
  File "C:\Users\Jeff0\AppData\Local\Programs\Python\Python312\Lib\socket.py", line 978, in getaddrinfo
    for res in _socket.getaddrinfo(host, port, family, type, proto, flags):
               ^^^^^^^^^^^^^^^^^^^^^^^^^^^^^^^^^^^^^^^^^^^^^^^^^^^^^^^^^^^
socket.gaierror: [Errno 11001] getaddrinfo failed

During handling of the above exception, another exception occurred:

Traceback (most recent call last):
  File "C:\Users\Jeff0\MPANGO ERP\worktrees\zcode_tenant_bootstrap_db_authority_r1_2026-09-16\backend\core\rate_limiter.py", line 84, in check_rate_limit
    count = await redis.incr(redis_key)
            ^^^^^^^^^^^^^^^^^^^^^^^^^^^
  File "C:\Users\Jeff0\MPANGO ERP\_zcode_mvp_invariants_r0_venv\Lib\site-packages\redis\asyncio\client.py", line 641, in execute_command
    conn = self.connection or await pool.get_connection()
                              ^^^^^^^^^^^^^^^^^^^^^^^^^^^
  File "C:\Users\Jeff0\MPANGO ERP\_zcode_mvp_invariants_r0_venv\Lib\site-packages\redis\asyncio\connection.py", line 1100, in get_connection
    await self.ensure_connection(connection)
  File "C:\Users\Jeff0\MPANGO ERP\_zcode_mvp_invariants_r0_venv\Lib\site-packages\redis\asyncio\connection.py", line 1133, in ensure_connection
    await connection.connect()
  File "C:\Users\Jeff0\MPANGO ERP\_zcode_mvp_invariants_r0_venv\Lib\site-packages\redis\asyncio\connection.py", line 298, in connect
    raise ConnectionError(self._error_message(e))
redis.exceptions.ConnectionError: Error 11001 connecting to redis:6379. getaddrinfo failed.
ERROR    core.rate_limiter:rate_limiter.py:130 Rate limiter error: ConnectionError
Traceback (most recent call last):
  File "C:\Users\Jeff0\MPANGO ERP\_zcode_mvp_invariants_r0_venv\Lib\site-packages\redis\asyncio\connection.py", line 290, in connect
    await self.retry.call_with_retry(
  File "C:\Users\Jeff0\MPANGO ERP\_zcode_mvp_invariants_r0_venv\Lib\site-packages\redis\asyncio\retry.py", line 59, in call_with_retry
    return await do()
           ^^^^^^^^^^
  File "C:\Users\Jeff0\MPANGO ERP\_zcode_mvp_invariants_r0_venv\Lib\site-packages\redis\asyncio\connection.py", line 723, in _connect
    reader, writer = await asyncio.open_connection(
                     ^^^^^^^^^^^^^^^^^^^^^^^^^^^^^^
  File "C:\Users\Jeff0\AppData\Local\Programs\Python\Python312\Lib\asyncio\streams.py", line 48, in open_connection
    transport, _ = await loop.create_connection(
                   ^^^^^^^^^^^^^^^^^^^^^^^^^^^^^
  File "C:\Users\Jeff0\AppData\Local\Programs\Python\Python312\Lib\asyncio\base_events.py", line 1083, in create_connection
    infos = await self._ensure_resolved(
            ^^^^^^^^^^^^^^^^^^^^^^^^^^^^
  File "C:\Users\Jeff0\AppData\Local\Programs\Python\Python312\Lib\asyncio\base_events.py", line 1466, in _ensure_resolved
    return await loop.getaddrinfo(host, port, family=family, type=type,
           ^^^^^^^^^^^^^^^^^^^^^^^^^^^^^^^^^^^^^^^^^^^^^^^^^^^^^^^^^^^^
  File "C:\Users\Jeff0\AppData\Local\Programs\Python\Python312\Lib\asyncio\base_events.py", line 905, in getaddrinfo
    return await self.run_in_executor(
           ^^^^^^^^^^^^^^^^^^^^^^^^^^^
  File "C:\Users\Jeff0\AppData\Local\Programs\Python\Python312\Lib\concurrent\futures\thread.py", line 59, in run
    result = self.fn(*self.args, **self.kwargs)
             ^^^^^^^^^^^^^^^^^^^^^^^^^^^^^^^^^^
  File "C:\Users\Jeff0\AppData\Local\Programs\Python\Python312\Lib\socket.py", line 978, in getaddrinfo
    for res in _socket.getaddrinfo(host, port, family, type, proto, flags):
               ^^^^^^^^^^^^^^^^^^^^^^^^^^^^^^^^^^^^^^^^^^^^^^^^^^^^^^^^^^^
socket.gaierror: [Errno 11001] getaddrinfo failed

During handling of the above exception, another exception occurred:

Traceback (most recent call last):
  File "C:\Users\Jeff0\MPANGO ERP\worktrees\zcode_tenant_bootstrap_db_authority_r1_2026-09-16\backend\core\rate_limiter.py", line 84, in check_rate_limit
    count = await redis.incr(redis_key)
            ^^^^^^^^^^^^^^^^^^^^^^^^^^^
  File "C:\Users\Jeff0\MPANGO ERP\_zcode_mvp_invariants_r0_venv\Lib\site-packages\redis\asyncio\client.py", line 641, in execute_command
    conn = self.connection or await pool.get_connection()
                              ^^^^^^^^^^^^^^^^^^^^^^^^^^^
  File "C:\Users\Jeff0\MPANGO ERP\_zcode_mvp_invariants_r0_venv\Lib\site-packages\redis\asyncio\connection.py", line 1100, in get_connection
    await self.ensure_connection(connection)
  File "C:\Users\Jeff0\MPANGO ERP\_zcode_mvp_invariants_r0_venv\Lib\site-packages\redis\asyncio\connection.py", line 1133, in ensure_connection
    await connection.connect()
  File "C:\Users\Jeff0\MPANGO ERP\_zcode_mvp_invariants_r0_venv\Lib\site-packages\redis\asyncio\connection.py", line 298, in connect
    raise ConnectionError(self._error_message(e))
redis.exceptions.ConnectionError: Error 11001 connecting to redis:6379. getaddrinfo failed.
WARNING  core.cache:cache.py:253 Cache get error: Error 11001 connecting to redis:6379. getaddrinfo failed.
WARNING  core.cache:cache.py:292 Cache set error: Error 11001 connecting to redis:6379. getaddrinfo failed.
=========================== short test summary info ===========================
PASSED tests/test_tenant_bootstrap_db_authority.py::test_bootstrap_script_never_replaces_or_reowns_public_guard
PASSED tests/test_tenant_bootstrap_db_authority.py::test_bootstrap_script_keeps_fail_closed_precondition_semantics
PASSED tests/test_tenant_bootstrap_db_authority.py::test_grants_script_declares_only_minimum_runtime_grants
PASSED tests/test_tenant_bootstrap_db_authority.py::test_v3_preparation_gate_authority_topology_is_wired
PASSED tests/test_tenant_bootstrap_db_authority.py::test_v3_ok_preparation_gate_guard_function_is_intact
PASSED tests/test_tenant_bootstrap_db_authority.py::test_r1_public_lifecycle_activates_tenant_as_runtime_role
PASSED tests/test_tenant_bootstrap_db_authority.py::test_r2_tenant_contains_required_tables_two_views_mv_and_unique_index
PASSED tests/test_tenant_bootstrap_db_authority.py::test_r3_guard_owner_and_definition_preserved_across_tenant_creation
PASSED tests/test_tenant_bootstrap_db_authority.py::test_r4_ledger_update_and_delete_blocked_by_migration_owned_guard
PASSED tests/test_tenant_bootstrap_db_authority.py::test_r5_runtime_role_cannot_replace_reown_or_escalate
PASSED tests/test_tenant_bootstrap_db_authority.py::test_mutation_m1_sentinel_reintroducing_runtime_replace_is_refused
SKIPPED [1] tests\test_tenant_bootstrap_db_authority.py:1049: test targets scenario v3_nofunc (active: v3_ok)
SKIPPED [1] tests\test_tenant_bootstrap_db_authority.py:1059: test targets scenario v3_badsig (active: v3_ok)
SKIPPED [1] tests\test_tenant_bootstrap_db_authority.py:1071: test targets scenario v3_wrongown (active: v3_ok)
SKIPPED [1] tests\test_tenant_bootstrap_db_authority.py:1083: test targets scenario v3_nopriv (active: v3_ok)
SKIPPED [1] tests\test_tenant_bootstrap_db_authority.py:1114: test targets scenario v3_wrongown (active: v3_ok)
================= 11 passed, 5 skipped, 12 warnings in 27.00s =================
