<testsuites id="" name="" tests="15" failures="0" skipped="0" errors="0" time="16.828688999999997">
<testsuite name="recovery.spec.ts" timestamp="2026-09-03T12:55:45.179Z" hostname="" tests="15" failures="0" skipped="0" time="11.525" errors="0">
<testcase name="j1h2c retailer recovery journey › HC01 valid portal shows Forgot password entry" classname="recovery.spec.ts" time="1.246">
</testcase>
<testcase name="j1h2c retailer recovery journey › HC02 invalid portal hides entry with zero POST" classname="recovery.spec.ts" time="0.484">
</testcase>
<testcase name="j1h2c retailer recovery journey › HC03 forgot page renders email form" classname="recovery.spec.ts" time="0.321">
</testcase>
<testcase name="j1h2c retailer recovery journey › HC04 forgot page 390px no overflow (simulated)" classname="recovery.spec.ts" time="0.274">
</testcase>
<testcase name="j1h2c retailer recovery journey › HC05 invalid email blocked with zero POST" classname="recovery.spec.ts" time="0.562">
</testcase>
<testcase name="j1h2c retailer recovery journey › HC06 genuine double click single POST single issuance" classname="recovery.spec.ts" time="0.614">
</testcase>
<testcase name="j1h2c retailer recovery journey › HC07 established retailer correct supplier" classname="recovery.spec.ts" time="0.543">
</testcase>
<testcase name="j1h2c retailer recovery journey › HC08 unknown account neutral result" classname="recovery.spec.ts" time="0.442">
</testcase>
<testcase name="j1h2c retailer recovery journey › HC09 genuine wrong supplier neutral result" classname="recovery.spec.ts" time="0.453">
</testcase>
<testcase name="j1h2c retailer recovery journey › HC10 unverified account neutral result" classname="recovery.spec.ts" time="0.461">
</testcase>
<testcase name="j1h2c retailer recovery journey › HC12 reset POST observed with full leak scan" classname="recovery.spec.ts" time="0.834">
</testcase>
<testcase name="j1h2c retailer recovery journey › HC13 success returns to canonical portal" classname="recovery.spec.ts" time="1.744">
</testcase>
<testcase name="j1h2c retailer recovery journey › HC14 legacy valid-token link neutral guidance" classname="recovery.spec.ts" time="1.604">
</testcase>
<testcase name="j1h2c retailer recovery journey › HC15 forged token neutral failure" classname="recovery.spec.ts" time="0.514">
</testcase>
<testcase name="j1h2c retailer recovery journey › HC16 real reset form 390px interactive no overflow" classname="recovery.spec.ts" time="1.429">
</testcase>
</testsuite>
</testsuites>