$ pytest tests/test_tenant_bootstrap_db_authority.py (scenario=v3_verify_wrongown, label=v3_verify_wrongown, backend=C:\Users\Jeff0\MPANGO ERP\worktrees\zcode_tenant_bootstrap_db_authority_r1_2026-09-16\backend)
rc=0

============================= test session starts =============================
collecting ... collected 36 items

tests/test_tenant_bootstrap_db_authority.py::test_bootstrap_script_never_replaces_or_reowns_public_guard PASSED [  2%]
tests/test_tenant_bootstrap_db_authority.py::test_bootstrap_script_keeps_fail_closed_precondition_semantics PASSED [  5%]
tests/test_tenant_bootstrap_db_authority.py::test_grants_script_declares_only_minimum_runtime_grants PASSED [  8%]
tests/test_tenant_bootstrap_db_authority.py::test_static_owner_fallback_removed_and_authority_derived_from_db_owner PASSED [ 11%]
tests/test_tenant_bootstrap_db_authority.py::test_static_verify_is_pure_catalog_read_only PASSED [ 13%]
tests/test_tenant_bootstrap_db_authority.py::test_static_identifier_validation_wired_in_all_modes PASSED [ 16%]
tests/test_tenant_bootstrap_db_authority.py::test_static_cluster_binding_precedes_writes PASSED [ 19%]
tests/test_tenant_bootstrap_db_authority.py::test_v3_preparation_gate_authority_topology_is_wired PASSED [ 22%]
tests/test_tenant_bootstrap_db_authority.py::test_v3_ok_preparation_gate_guard_function_is_intact SKIPPED [ 25%]
tests/test_tenant_bootstrap_db_authority.py::test_r1_public_lifecycle_activates_tenant_as_runtime_role SKIPPED [ 27%]
tests/test_tenant_bootstrap_db_authority.py::test_r2_tenant_contains_required_tables_two_views_mv_and_unique_index SKIPPED [ 30%]
tests/test_tenant_bootstrap_db_authority.py::test_r3_guard_owner_and_definition_preserved_across_tenant_creation SKIPPED [ 33%]
tests/test_tenant_bootstrap_db_authority.py::test_r4_ledger_update_and_delete_blocked_by_migration_owned_guard SKIPPED [ 36%]
tests/test_tenant_bootstrap_db_authority.py::test_r5_runtime_role_cannot_replace_reown_or_escalate SKIPPED [ 38%]
tests/test_tenant_bootstrap_db_authority.py::test_n1_missing_guard_function_fails_closed_zero_partial_tenant SKIPPED [ 41%]
tests/test_tenant_bootstrap_db_authority.py::test_n2_incompatible_guard_signature_fails_closed_zero_partial_tenant SKIPPED [ 44%]
tests/test_tenant_bootstrap_db_authority.py::test_n3_runtime_owned_guard_function_fails_closed_zero_partial_tenant SKIPPED [ 47%]
tests/test_tenant_bootstrap_db_authority.py::test_n4_missing_execute_privilege_fails_closed_zero_partial_tenant SKIPPED [ 50%]
tests/test_tenant_bootstrap_db_authority.py::test_r0_single_role_topology_refused_zero_partial_tenant SKIPPED [ 52%]
tests/test_tenant_bootstrap_db_authority.py::test_r0_owner_fallback_removed_env_undeclared SKIPPED [ 55%]
tests/test_tenant_bootstrap_db_authority.py::test_verify_cli_wrongowner_nonzero_and_read_only PASSED [ 58%]
tests/test_tenant_bootstrap_db_authority.py::test_injection_identifiers_rejected_zero_writes PASSED [ 61%]
tests/test_tenant_bootstrap_db_authority.py::test_cluster_binding_mismatch_zero_writes SKIPPED [ 63%]
tests/test_tenant_bootstrap_db_authority.py::test_first_deploy_cross_cluster_refused_zero_writes SKIPPED [ 66%]
tests/test_tenant_bootstrap_db_authority.py::test_partial_exists_first_deploy_refused_zero_writes SKIPPED [ 69%]
tests/test_tenant_bootstrap_db_authority.py::test_wrong_password_provision_refused_zero_writes SKIPPED [ 72%]
tests/test_tenant_bootstrap_db_authority.py::test_runtime_with_public_create_refused_zero_tenant SKIPPED [ 75%]
tests/test_tenant_bootstrap_db_authority.py::test_layer1_admin_endpoint_mismatch_refused_zero_connections PASSED [ 77%]
tests/test_tenant_bootstrap_db_authority.py::test_layer1_migrate_endpoint_mismatch_refused_zero_connections PASSED [ 80%]
tests/test_tenant_bootstrap_db_authority.py::test_layer1_app_endpoint_mismatch_refused_zero_connections PASSED [ 83%]
tests/test_tenant_bootstrap_db_authority.py::test_layer1_database_path_mismatch_refused_zero_connections PASSED [ 86%]
tests/test_tenant_bootstrap_db_authority.py::test_layer1_migrate_username_mismatch_refused_zero_connections PASSED [ 88%]
tests/test_tenant_bootstrap_db_authority.py::test_layer1_app_username_mismatch_refused_zero_connections PASSED [ 91%]
tests/test_tenant_bootstrap_db_authority.py::test_static_layer1_early_refusal_is_unconditional_and_precedes_connection PASSED [ 94%]
tests/test_tenant_bootstrap_db_authority.py::test_mutation_m1_sentinel_reintroducing_runtime_replace_is_refused SKIPPED [ 97%]
tests/test_tenant_bootstrap_db_authority.py::test_mutation_m2_sentinel_ownership_precondition_is_load_bearing SKIPPED [100%]

=================================== PASSES ====================================
=========================== short test summary info ===========================
PASSED tests/test_tenant_bootstrap_db_authority.py::test_bootstrap_script_never_replaces_or_reowns_public_guard
PASSED tests/test_tenant_bootstrap_db_authority.py::test_bootstrap_script_keeps_fail_closed_precondition_semantics
PASSED tests/test_tenant_bootstrap_db_authority.py::test_grants_script_declares_only_minimum_runtime_grants
PASSED tests/test_tenant_bootstrap_db_authority.py::test_static_owner_fallback_removed_and_authority_derived_from_db_owner
PASSED tests/test_tenant_bootstrap_db_authority.py::test_static_verify_is_pure_catalog_read_only
PASSED tests/test_tenant_bootstrap_db_authority.py::test_static_identifier_validation_wired_in_all_modes
PASSED tests/test_tenant_bootstrap_db_authority.py::test_static_cluster_binding_precedes_writes
PASSED tests/test_tenant_bootstrap_db_authority.py::test_v3_preparation_gate_authority_topology_is_wired
PASSED tests/test_tenant_bootstrap_db_authority.py::test_verify_cli_wrongowner_nonzero_and_read_only
PASSED tests/test_tenant_bootstrap_db_authority.py::test_injection_identifiers_rejected_zero_writes
PASSED tests/test_tenant_bootstrap_db_authority.py::test_layer1_admin_endpoint_mismatch_refused_zero_connections
PASSED tests/test_tenant_bootstrap_db_authority.py::test_layer1_migrate_endpoint_mismatch_refused_zero_connections
PASSED tests/test_tenant_bootstrap_db_authority.py::test_layer1_app_endpoint_mismatch_refused_zero_connections
PASSED tests/test_tenant_bootstrap_db_authority.py::test_layer1_database_path_mismatch_refused_zero_connections
PASSED tests/test_tenant_bootstrap_db_authority.py::test_layer1_migrate_username_mismatch_refused_zero_connections
PASSED tests/test_tenant_bootstrap_db_authority.py::test_layer1_app_username_mismatch_refused_zero_connections
PASSED tests/test_tenant_bootstrap_db_authority.py::test_static_layer1_early_refusal_is_unconditional_and_precedes_connection
SKIPPED [1] tests\test_tenant_bootstrap_db_authority.py:581: test targets scenario v3_ok (active: v3_verify_wrongown)
SKIPPED [1] tests\test_tenant_bootstrap_db_authority.py:778: test targets scenario v3_ok (active: v3_verify_wrongown)
SKIPPED [1] tests\test_tenant_bootstrap_db_authority.py:818: test targets scenario v3_ok (active: v3_verify_wrongown)
SKIPPED [1] tests\test_tenant_bootstrap_db_authority.py:873: test targets scenario v3_ok (active: v3_verify_wrongown)
SKIPPED [1] tests\test_tenant_bootstrap_db_authority.py:901: test targets scenario v3_ok (active: v3_verify_wrongown)
SKIPPED [1] tests\test_tenant_bootstrap_db_authority.py:994: test targets scenario v3_ok (active: v3_verify_wrongown)
SKIPPED [1] tests\test_tenant_bootstrap_db_authority.py:1216: test targets scenario v3_nofunc (active: v3_verify_wrongown)
SKIPPED [1] tests\test_tenant_bootstrap_db_authority.py:1226: test targets scenario v3_badsig (active: v3_verify_wrongown)
SKIPPED [1] tests\test_tenant_bootstrap_db_authority.py:1238: test targets scenario v3_wrongown (active: v3_verify_wrongown)
SKIPPED [1] tests\test_tenant_bootstrap_db_authority.py:1250: test targets scenario v3_nopriv (active: v3_verify_wrongown)
SKIPPED [1] tests\test_tenant_bootstrap_db_authority.py:1294: test targets scenario v3_ok (active: v3_verify_wrongown)
SKIPPED [1] tests\test_tenant_bootstrap_db_authority.py:1328: test targets scenario v3_wrongown (active: v3_verify_wrongown)
SKIPPED [1] tests\test_tenant_bootstrap_db_authority.py:1462: test targets scenario v3_ok (active: v3_verify_wrongown)
SKIPPED [1] tests\test_tenant_bootstrap_db_authority.py:1560: test targets scenario v3_ok (active: v3_verify_wrongown)
SKIPPED [1] tests\test_tenant_bootstrap_db_authority.py:1598: test targets scenario v3_ok (active: v3_verify_wrongown)
SKIPPED [1] tests\test_tenant_bootstrap_db_authority.py:1679: test targets scenario v3_ok (active: v3_verify_wrongown)
SKIPPED [1] tests\test_tenant_bootstrap_db_authority.py:1712: test targets scenario v3_ok (active: v3_verify_wrongown)
SKIPPED [1] tests\test_tenant_bootstrap_db_authority.py:2015: test targets scenario v3_ok (active: v3_verify_wrongown)
SKIPPED [1] tests\test_tenant_bootstrap_db_authority.py:2031: test targets scenario v3_wrongown (active: v3_verify_wrongown)
======================= 17 passed, 19 skipped in 1.79s ========================
