<?xml version='1.0' encoding='utf-8'?>
<testsuites name="pytest tests"><testsuite name="pytest" errors="0" failures="0" skipped="0" tests="46" time="26.049" timestamp="2026-08-24T00:58:57.128077+08:00" hostname="jeff15383620563"><testcase classname="tests.test_u6i2_owner_credential_setup_token_issue" name="test_active_provisioned_registration_issues_hash_only_setup_token" file="tests/test_u6i2_owner_credential_setup_token_issue.py" line="252" time="0.218" /><testcase classname="tests.test_u6i2_owner_credential_setup_token_issue" name="test_duplicate_issue_returns_existing_without_creating_second_active_token" file="tests/test_u6i2_owner_credential_setup_token_issue.py" line="274" time="0.093" /><testcase classname="tests.test_u6i2_owner_credential_setup_token_issue" name="test_expired_prior_token_allows_new_setup_token_issue" file="tests/test_u6i2_owner_credential_setup_token_issue.py" line="294" time="0.087" /><testcase classname="tests.test_u6i2_owner_credential_setup_token_issue" name="test_used_or_revoked_prior_token_allows_new_setup_token_issue[used_at0-None]" file="tests/test_u6i2_owner_credential_setup_token_issue.py" line="317" time="0.091" /><testcase classname="tests.test_u6i2_owner_credential_setup_token_issue" name="test_used_or_revoked_prior_token_allows_new_setup_token_issue[None-revoked_at1]" file="tests/test_u6i2_owner_credential_setup_token_issue.py" line="317" time="0.087" /><testcase classname="tests.test_u6i2_owner_credential_setup_token_issue" name="test_blocked_statuses_create_no_setup_token_rows[email_verified]" file="tests/test_u6i2_owner_credential_setup_token_issue.py" line="351" time="0.071" /><testcase classname="tests.test_u6i2_owner_credential_setup_token_issue" name="test_blocked_statuses_create_no_setup_token_rows[provisioning]" file="tests/test_u6i2_owner_credential_setup_token_issue.py" line="351" time="0.065" /><testcase classname="tests.test_u6i2_owner_credential_setup_token_issue" name="test_blocked_statuses_create_no_setup_token_rows[failed]" file="tests/test_u6i2_owner_credential_setup_token_issue.py" line="351" time="0.065" /><testcase classname="tests.test_u6i2_owner_credential_setup_token_issue" name="test_blocked_statuses_create_no_setup_token_rows[cancelled]" file="tests/test_u6i2_owner_credential_setup_token_issue.py" line="351" time="0.076" /><testcase classname="tests.test_u6i2_owner_credential_setup_token_issue" name="test_active_registration_missing_provisioning_assignment_is_blocked[False-True-True]" file="tests/test_u6i2_owner_credential_setup_token_issue.py" line="365" time="0.064" /><testcase classname="tests.test_u6i2_owner_credential_setup_token_issue" name="test_active_registration_missing_provisioning_assignment_is_blocked[True-False-True]" file="tests/test_u6i2_owner_credential_setup_token_issue.py" line="365" time="0.066" /><testcase classname="tests.test_u6i2_owner_credential_setup_token_issue" name="test_active_registration_missing_provisioning_assignment_is_blocked[True-True-False]" file="tests/test_u6i2_owner_credential_setup_token_issue.py" line="365" time="0.070" /><testcase classname="tests.test_u6i2_owner_credential_setup_token_issue" name="test_issue_service_creates_no_admin_rbac_or_business_data" file="tests/test_u6i2_owner_credential_setup_token_issue.py" line="390" time="0.075" /><testcase classname="tests.test_u6i2_owner_credential_setup_token_issue" name="test_setup_credential_endpoint_rejects_query_string_tokens" file="tests/test_u6i2_owner_credential_setup_token_issue.py" line="416" time="0.153" /><testcase classname="tests.test_pw1r4_cross_tenant_statement_cache" name="test_exact_route_abab_cycles_survive_ddl_storm" file="tests/test_pw1r4_cross_tenant_statement_cache.py" line="506" time="4.258" /><testcase classname="tests.test_pw1r4_cross_tenant_statement_cache" name="test_exact_route_without_fix_reproduces_invalid_cached_statement" file="tests/test_pw1r4_cross_tenant_statement_cache.py" line="535" time="0.553" /><testcase classname="tests.test_pw1r4_cross_tenant_statement_cache" name="test_engine_aba_cycles_survive_ddl_storm" file="tests/test_pw1r4_cross_tenant_statement_cache.py" line="601" time="0.212" /><testcase classname="tests.test_pw1r4_cross_tenant_statement_cache" name="test_legacy_engine_without_fix_reproduces_invalid_cached_statement" file="tests/test_pw1r4_cross_tenant_statement_cache.py" line="628" time="0.057" /><testcase classname="tests.test_pw1r4_cross_tenant_statement_cache" name="test_no_cross_tenant_leak_across_cycles" file="tests/test_pw1r4_cross_tenant_statement_cache.py" line="676" time="0.091" /><testcase classname="tests.test_pw1r4_cross_tenant_statement_cache" name="test_forced_failure_second_bootstrap_cleans_first_schema" file="tests/test_pw1r4_cross_tenant_statement_cache.py" line="724" time="1.149" /><testcase classname="tests.test_pw1r4_cross_tenant_statement_cache" name="test_forced_failure_user_seed_reraises_same_original_object" file="tests/test_pw1r4_cross_tenant_statement_cache.py" line="736" time="2.228" /><testcase classname="tests.test_pw1r4_cross_tenant_statement_cache" name="test_forced_failure_before_ddl_engine_cleans_both_schemas" file="tests/test_pw1r4_cross_tenant_statement_cache.py" line="753" time="3.271" /><testcase classname="tests.test_pw1r4_cross_tenant_statement_cache" name="test_cleanup_failure_raises_exception_group_with_original_and_cleanup" file="tests/test_pw1r4_cross_tenant_statement_cache.py" line="764" time="3.924" /><testcase classname="tests.test_s5d4b_settled_cash_payment" name="test_settle_update_executes_scoped_sql" file="tests/test_s5d4b_settled_cash_payment.py" line="67" time="0.002" /><testcase classname="tests.test_s5d4b_settled_cash_payment" name="test_settle_update_zero_rows_when_none_pending" file="tests/test_s5d4b_settled_cash_payment.py" line="97" time="0.001" /><testcase classname="tests.test_s5d4b_settled_cash_payment" name="test_settle_update_leaves_credit_rows_pending" file="tests/test_s5d4b_settled_cash_payment.py" line="110" time="0.260" /><testcase classname="tests.test_s5d4b_settled_cash_payment" name="test_api_full_cash_settles_payment_to_completed" file="tests/test_s5d4b_settled_cash_payment.py" line="215" time="0.005" /><testcase classname="tests.test_s5d4b_settled_cash_payment" name="test_api_proposed_paid_but_returned_non_paid_does_not_settle" file="tests/test_s5d4b_settled_cash_payment.py" line="259" time="0.005" /><testcase classname="tests.test_s5d4b_settled_cash_payment" name="test_api_partial_cash_does_not_settle" file="tests/test_s5d4b_settled_cash_payment.py" line="306" time="0.005" /><testcase classname="tests.test_s5d4b_settled_cash_payment" name="test_api_second_partial_completes_and_settles" file="tests/test_s5d4b_settled_cash_payment.py" line="352" time="0.004" /><testcase classname="tests.test_s5d4b_settled_cash_payment" name="test_api_transfer_full_payment_settle_called" file="tests/test_s5d4b_settled_cash_payment.py" line="399" time="0.003" /><testcase classname="tests.test_s5d4b_settled_cash_payment" name="test_api_credit_paid_settle_targets_cash_transfer_only" file="tests/test_s5d4b_settled_cash_payment.py" line="445" time="0.003" /><testcase classname="tests.test_s5d4b_settled_cash_payment" name="test_api_failed_transition_no_settle" file="tests/test_s5d4b_settled_cash_payment.py" line="495" time="0.004" /><testcase classname="tests.test_s5d4b_settled_cash_payment" name="test_api_legacy_pay_no_settle" file="tests/test_s5d4b_settled_cash_payment.py" line="544" time="0.002" /><testcase classname="tests.test_s5d4b_settled_cash_payment" name="test_route_settlement_failure_rolls_back_payment_order_balance_and_ledger" file="tests/test_s5d4b_settled_cash_payment.py" line="579" time="0.464" /><testcase classname="tests.test_s4_jobs_local" name="test_job_handler_registration" file="tests/test_s4_jobs_local.py" line="22" time="0.012" /><testcase classname="tests.test_s4_jobs_local" name="test_enqueue_job" file="tests/test_s4_jobs_local.py" line="37" time="0.058" /><testcase classname="tests.test_s4_jobs_local" name="test_job_execution" file="tests/test_s4_jobs_local.py" line="67" time="0.556" /><testcase classname="tests.test_s4_jobs_local" name="test_job_execution_with_delay" file="tests/test_s4_jobs_local.py" line="99" time="1.351" /><testcase classname="tests.test_s4_jobs_local" name="test_job_failure_handling" file="tests/test_s4_jobs_local.py" line="127" time="0.563" /><testcase classname="tests.test_s4_jobs_local" name="test_concurrent_job_execution" file="tests/test_s4_jobs_local.py" line="153" time="1.618" /><testcase classname="tests.test_s4_jobs_local" name="test_worker_limit" file="tests/test_s4_jobs_local.py" line="188" time="2.155" /><testcase classname="tests.test_s4_jobs_local" name="test_queue_status" file="tests/test_s4_jobs_local.py" line="218" time="0.607" /><testcase classname="tests.test_s4_jobs_local" name="test_graceful_shutdown" file="tests/test_s4_jobs_local.py" line="250" time="0.354" /><testcase classname="tests.test_s4_jobs_local" name="test_unregistered_job_error" file="tests/test_s4_jobs_local.py" line="278" time="0.013" /><testcase classname="tests.test_s4_jobs_local" name="test_job_metrics" file="tests/test_s4_jobs_local.py" line="293" time="0.108" /></testsuite></testsuites>