<?xml version='1.0' encoding='utf-8'?>
<testsuites name="pytest tests"><testsuite name="pytest" errors="0" failures="0" skipped="0" tests="12" time="17.378" timestamp="2026-08-24T01:03:02.953995+08:00" hostname="jeff15383620563"><testcase classname="tests.test_dc12r1_j1_h2b_forgot_password_runtime_closure" name="test_t1_internal_failure_neutral_200_zero_tokens_plus_observable_log" file="tests/test_dc12r1_j1_h2b_forgot_password_runtime_closure.py" line="353" time="0.418" /><testcase classname="tests.test_dc12r1_j1_h2b_forgot_password_runtime_closure" name="test_t2_official_lifecycle_account_token_and_email" file="tests/test_dc12r1_j1_h2b_forgot_password_runtime_closure.py" line="397" time="2.082" /><testcase classname="tests.test_dc12r1_j1_h2b_forgot_password_runtime_closure" name="test_t3_nonexistent_and_inactive_neutral_zero_side_effects_and_zero_events" file="tests/test_dc12r1_j1_h2b_forgot_password_runtime_closure.py" line="414" time="0.695" /><testcase classname="tests.test_dc12r1_j1_h2b_forgot_password_runtime_closure" name="test_t4_unrelated_scan_failure_target_found_partial_telemetry" file="tests/test_dc12r1_j1_h2b_forgot_password_runtime_closure.py" line="456" time="0.635" /><testcase classname="tests.test_dc12r1_j1_h2b_forgot_password_runtime_closure" name="test_t5_delivery_failure_rollback" file="tests/test_dc12r1_j1_h2b_forgot_password_runtime_closure.py" line="516" time="0.535" /><testcase classname="tests.test_dc12r1_j1_h2b_forgot_password_runtime_closure" name="test_t6_unexpected_failure_metric_and_neutral_external" file="tests/test_dc12r1_j1_h2b_forgot_password_runtime_closure.py" line="544" time="0.242" /><testcase classname="tests.test_dc12r1_j1_h2b_forgot_password_runtime_closure" name="test_t7_replay_exact_401_token_remains_used_password_not_applied" file="tests/test_dc12r1_j1_h2b_forgot_password_runtime_closure.py" line="585" time="2.225" /><testcase classname="tests.test_dc12r1_j1_h2b_forgot_password_runtime_closure" name="test_t8_query_string_token_rejected" file="tests/test_dc12r1_j1_h2b_forgot_password_runtime_closure.py" line="658" time="0.533" /><testcase classname="tests.test_dc12r1_j1_h2b_forgot_password_runtime_closure" name="test_t9_target_scan_failure_one_internal_event_evidence_preserved" file="tests/test_dc12r1_j1_h2b_forgot_password_runtime_closure.py" line="678" time="0.594" /><testcase classname="tests.test_dc12r1_j1_h2b_forgot_password_runtime_closure" name="test_t10_consume_scan_incomplete_token_stays_actionable" file="tests/test_dc12r1_j1_h2b_forgot_password_runtime_closure.py" line="756" time="1.155" /><testcase classname="tests.test_dc12r1_j1_h2b_forgot_password_runtime_closure" name="test_t11_consume_partial_scan_fails_closed_both_old_token_intact" file="tests/test_dc12r1_j1_h2b_forgot_password_runtime_closure.py" line="875" time="3.182" /><testcase classname="tests.test_dc12r1_j1_h2b_forgot_password_runtime_closure" name="test_t12_partial_apply_rolls_back_first_copy_token_intact" file="tests/test_dc12r1_j1_h2b_forgot_password_runtime_closure.py" line="957" time="3.038" /></testsuite></testsuites>