<?xml version="1.0" encoding="utf-8"?><testsuites name="pytest tests"><testsuite name="pytest" errors="0" failures="0" skipped="63" tests="3773" time="1704.592" timestamp="2026-08-26T15:23:18.388779+08:00" hostname="ivy-20149"><properties>
[...]
</properties><testcase classname="tests.api.test_wholesaler" name="test_create_wholesaler" time="0.003" /><testcase classname="tests.api.test_wholesaler" name="test_create_wholesaler_contract_is_registry_only" time="0.001" /><testcase classname="tests.api.test_wholesaler" name="test_get_wholesaler_list" time="0.001" /><testcase classname="tests.api.test_wholesaler" name="test_create_duplicate_code_fails" time="0.002" /><testcase classname="tests.b6_hardening.test_b6_global_tenant_filter" name="test_b6_requires_tenant_context_for_orm_select" time="0.018" /><testcase classname="tests.b6_hardening.test_b6_global_tenant_filter" name="test_b6_orders_query_without_tenant_id_raises_tenant_context_missing_error" time="0.005" /><testcase classname="tests.b6_hardening.test_b6_global_tenant_filter" name="test_b6_ignore_tenant_escape_hatch_skips_enforcement" time="0.006" /><testcase classname="tests.b6_hardening.test_b6_global_tenant_filter" name="test_b6_run_as_system_bypass_skips_enforcement" time="0.008" /><testcase classname="tests.b6_hardening.test_b6_global_tenant_filter" name="test_b6_applies_tenant_id_filter_when_model_has_tenant_id_column" time="0.006" /><testcase classname="tests.b6_hardening.test_b6_global_tenant_filter" name="test_b6_ignore_tenant_skips_tenant_id_filtering" time="0.004" /><testcase classname="tests.b6_hardening.test_b6_payment_atomicity" name="test_b6_create_payment_rollback_on_balance_update_failure" time="0.001" /><testcase classname="tests.b6_hardening.test_b6_payments_api" name="test_b6_create_payment_route_is_disabled_before_service_call" time="0.001" /><testcase classname="tests.b6_hardening.test_b6_payments_api" name="test_b6_idempotency_key_idempotent_same_payload" time="0.001" /><testcase classname="tests.b6_hardening.test_b6_payments_api" name="test_b6_idempotency_key_conflict_returns_409" time="0.001" /><testcase classname="tests.b6_hardening.test_b6_payments_api" name="test_b6_cash_does_not_update_outstanding_balance" time="0.001" /><testcase classname="tests.business.test_financial_loop" name="test_order_confirm_pay_fulfill_ledger_entries" time="1.340" /><testcase classname="tests.business.test_financial_loop" name="test_ledger_entries_are_immutable" time="0.466" /><testcase classname="tests.business.test_financial_loop" name="test_inventory_deduction_gap_documented" time="0.543" /><testcase classname="tests.business.test_s4_order_fulfillment_inventory_invariants" name="test_paid_fulfillment_decrements_stock_and_writes_movement" time="0.700" /><testcase classname="tests.business.test_s4_order_fulfillment_inventory_invariants" name="test_insufficient_stock_rolls_back_order_stock_and_movement" time="0.746" /><testcase classname="tests.business.test_s4_order_fulfillment_inventory_invariants" name="test_duplicate_fulfillment_does_not_deduct_twice" time="0.641" /><testcase classname="tests.business.test_s4_order_fulfillment_inventory_invariants" name="test_multi_item_shortage_rolls_back_all_prior_deductions" time="0.680" /><testcase classname="tests.business.test_s4_order_fulfillment_inventory_invariants" name="test_fulfillment_is_tenant_schema_isolated" time="0.769" /><testcase classname="tests.business.test_s4_order_fulfillment_inventory_invariants" name="test_unpaid_order_cannot_fulfill_and_stock_is_unchanged" time="0.590" /><testcase classname="tests.business.test_s4b_inventory_reversal_invariants" name="test_return_after_fulfillment_restores_stock_and_writes_restock_movement" time="0.742" /><testcase classname="tests.business.test_s4b_inventory_reversal_invariants" name="test_duplicate_return_restores_inventory_exactly_once" time="0.757" /><testcase classname="tests.business.test_s4b_inventory_reversal_invariants" name="test_confirmed_cancel_does_not_change_stock_or_write_inventory_movement" time="0.661" /><testcase classname="tests.business.test_s4b_inventory_reversal_invariants" name="test_paid_cancel_is_rejected_and_does_not_change_stock" time="0.618" /><testcase classname="tests.business.test_s4b_inventory_reversal_invariants" name="test_fulfilled_cancel_is_rejected_and_does_not_reverse_inventory" time="0.736" /><testcase classname="tests.business.test_s4b_inventory_reversal_invariants" name="test_unfulfilled_return_is_rejected_and_stock_is_unchanged" time="0.672" /><testcase classname="tests.business.test_s4b_inventory_reversal_invariants" name="test_return_restock_failure_rolls_back_status_and_refund_ledger" time="0.756" /><testcase classname="tests.business.test_s4b_inventory_reversal_invariants" name="test_return_restock_is_tenant_schema_isolated" time="0.896" /><testcase classname="tests.business.test_s4b_inventory_reversal_invariants" name="test_return_posts_refund_ledger_and_inventory_restock" time="0.747" /><testcase classname="tests.business.test_s4c_concurrent_fulfillment_oversell_invariants" name="test_same_sku_two_paid_orders_stock_only_enough_for_one" time="0.882" /><testcase classname="tests.business.test_s4c_concurrent_fulfillment_oversell_invariants" name="test_same_sku_two_paid_orders_stock_enough_for_both" time="0.943" /><testcase classname="tests.business.test_s4c_concurrent_fulfillment_oversell_invariants" name="test_multi_item_order_competing_with_single_item_rolls_back_loser" time="0.897" /><testcase classname="tests.business.test_s4c_concurrent_fulfillment_oversell_invariants" name="test_duplicate_fulfillment_race_on_same_order_deducts_once" time="0.935" /><testcase classname="tests.business.test_s4c_concurrent_fulfillment_oversell_invariants" name="test_tenant_isolation_under_concurrent_fulfillment" time="1.191" /><testcase classname="tests.business.test_s4d_inventory_movement_ledger_integrity" name="test_fulfillment_movement_math_reference_and_type" time="0.662" /><testcase classname="tests.business.test_s4d_inventory_movement_ledger_integrity" name="test_return_movement_math_sequence_reference_and_type" time="0.803" /><testcase classname="tests.business.test_s4d_inventory_movement_ledger_integrity" name="test_manual_adjustment_movements_use_manual_reference_and_math" time="0.663" /><testcase classname="tests.business.test_s4d_inventory_movement_ledger_integrity" name="test_failed_fulfillment_writes_no_orphan_movement" time="0.692" /><testcase classname="tests.business.test_s4d_inventory_movement_ledger_integrity" name="test_failed_return_writes_no_orphan_restock_or_refund_ledger" time="0.828" /><testcase classname="tests.business.test_s4d_inventory_movement_ledger_integrity" name="test_multi_item_fulfillment_writes_independent_movements" time="0.699" /><testcase classname="tests.business.test_s4d_inventory_movement_ledger_integrity" name="test_concurrent_fulfillment_writes_one_consistent_deduction" time="0.888" /><testcase classname="tests.business.test_s4d_inventory_movement_ledger_integrity" name="test_tenant_isolation_for_movement_ledger" time="0.881" /><testcase classname="tests.business.test_s4d_inventory_movement_ledger_integrity" name="test_movement_list_endpoint_matches_database" time="0.566" /><testcase classname="tests.business.test_s4e_reservation_schema_contract" name="test_inventory_reservation_model_is_exported" time="0.001" /><testcase classname="tests.business.test_s4e_reservation_schema_contract" name="test_inventory_reservations_table_contract_exists_in_test_schema" time="0.447" /><testcase classname="tests.business.test_s4e_reservation_schema_contract" name="test_fresh_tenant_bootstrap_creates_inventory_reservations_contract" time="1.541" /><testcase classname="tests.business.test_s4e_stock_reservation_lifecycle_audit" name="test_confirm_creates_owned_reservation_rows_and_updates_aggregate" time="0.744" /><testcase classname="tests.business.test_s4e_stock_reservation_lifecycle_audit" name="test_confirm_insufficient_available_rolls_back_order_stock_and_reservations" time="0.688" /><testcase classname="tests.business.test_s4e_stock_reservation_lifecycle_audit" name="test_concurrent_confirm_does_not_over_reserve_or_accept_excess_demand" time="0.886" /><testcase classname="tests.business.test_s4e_stock_reservation_lifecycle_audit" name="test_duplicate_confirm_does_not_create_duplicate_reservation_rows" time="0.703" /><testcase classname="tests.business.test_s4e_stock_reservation_lifecycle_audit" name="test_cancel_releases_only_this_order_reservation_rows" time="0.833" /><testcase classname="tests.business.test_s4e_stock_reservation_lifecycle_audit" name="test_duplicate_cancel_does_not_double_release_reservation" time="0.822" /><testcase classname="tests.business.test_s4e_stock_reservation_lifecycle_audit" name="test_fulfillment_consumes_only_this_order_reservation_and_deducts_on_hand" time="0.945" /><testcase classname="tests.business.test_s4e_stock_reservation_lifecycle_audit" name="test_direct_paid_order_with_no_reservation_preserves_unrelated_reservations" time="0.771" /><testcase classname="tests.business.test_s4e_stock_reservation_lifecycle_audit" name="test_return_restores_on_hand_without_creating_reservation" time="0.901" /><testcase classname="tests.business.test_s4e_stock_reservation_lifecycle_audit" name="test_concurrent_fulfill_consumes_reservation_once_and_writes_one_movement" time="0.873" /><testcase classname="tests.business.test_s4e_stock_reservation_lifecycle_audit" name="test_reservation_table_and_aggregate_stock_are_tenant_isolated" time="0.665" /><testcase classname="tests.business.test_s4e_stock_reservation_lifecycle_audit" name="test_reserve_release_and_consume_movement_boundaries" time="0.932" /><testcase classname="tests.business.test_s4f_business_invariant_closeout" name="test_confirm_creates_reservation_and_insufficient_confirm_rolls_back" time="0.946" /><testcase classname="tests.business.test_s4f_business_invariant_closeout" name="test_pay_preserves_inventory_reservation_and_existing_phase5_ledger_semantics" time="0.965" /><testcase classname="tests.business.test_s4f_business_invariant_closeout" name="test_unpaid_order_cannot_fulfill_and_inventory_is_unchanged" time="0.878" /><testcase classname="tests.business.test_s4f_business_invariant_closeout" name="test_fulfill_consumes_owned_reservation_writes_movement_and_duplicate_is_stable" time="1.132" /><testcase classname="tests.business.test_s4f_business_invariant_closeout" name="test_return_restores_on_hand_without_re_reserving_and_duplicate_is_stable" time="1.116" /><testcase classname="tests.business.test_s4f_business_invariant_closeout" name="test_cancel_confirmed_releases_reservation_and_paid_or_fulfilled_cancel_is_rejected" time="1.194" /><testcase classname="tests.business.test_s4f_business_invariant_closeout" name="test_multi_item_confirm_and_fulfill_failures_roll_back_all_side_effects" time="1.003" /><testcase classname="tests.business.test_s4f_business_invariant_closeout" name="test_same_sku_code_isolated_across_two_tenant_schemas" time="2.531" /><testcase classname="tests.security.test_exploit_guardrail" name="test_cross_tenant_order_read_is_blocked_by_orm_filter" time="0.546" /><testcase classname="tests.security.test_exploit_guardrail" name="test_cross_tenant_order_write_does_not_leak_back_to_attacker" time="0.435" /><testcase classname="tests.security.test_exploit_guardrail" name="test_tenant_schema_without_tenant_id_is_rejected_by_guardrail" time="0.393" /><testcase classname="tests.security.test_jwt_boundaries.TestJWTTokenClaims" name="test_identity_token_has_no_tenant_claims" time="0.008" /><testcase classname="tests.security.test_jwt_boundaries.TestJWTTokenClaims" name="test_contextual_token_has_tenant_claims" time="0.001" /><testcase classname="tests.security.test_jwt_boundaries.TestJWTTokenClaims" name="test_super_admin_identity_token_has_super_admin_role" time="0.001" /><testcase classname="tests.security.test_jwt_boundaries.TestScenarioA_IdentityJWTCannotAccessBusinessData" name="test_identity_jwt_rejected_for_orders_endpoint" time="0.002" /><testcase classname="tests.security.test_jwt_boundaries.TestScenarioB_IdentityJWTCannotSelectUnauthorizedTenant" name="test_select_tenant_rejects_unauthorized_tenant" time="0.001" /><testcase classname="tests.security.test_jwt_boundaries.TestScenarioC_SuperAdminIdentityJWTBoundaries" name="test_super_admin_identity_token_for_system_endpoint" time="0.001" /><testcase classname="tests.security.test_jwt_boundaries.TestScenarioC_SuperAdminIdentityJWTBoundaries" name="test_super_admin_identity_token_cannot_access_business_data" time="0.001" /><testcase classname="tests.security.test_jwt_boundaries.TestTokenClaimInspection" name="test_identity_token_payload_structure" time="0.001" /><testcase classname="tests.security.test_jwt_boundaries.TestTokenClaimInspection" name="test_contextual_token_payload_structure" time="0.001" /><testcase classname="tests.security.test_jwt_boundaries.TestMiddlewareBehavior" name="test_middleware_skips_tenant_context_for_identity_jwt" time="0.002" /><testcase classname="tests.security.test_jwt_boundaries.TestMiddlewareBehavior" name="test_middleware_attaches_tenant_context_for_contextual_jwt" time="0.002" /><testcase classname="tests.test_alembic_migrations.TestAlembicMigrationIsolation" name="test_migration_creates_tenant_schema" time="0.001"><skipped type="pytest.skip" message="Requires running Alembic CLI - integration test">/home/ivy/MPANGO/dc12r1-r3r2r1-backend-wt/backend/tests/test_alembic_migrations.py:41: Requires running Alembic CLI - integration test</skipped></testcase><testcase classname="tests.test_alembic_migrations.TestAlembicMigrationIsolation" name="test_tenant_migration_does_not_affect_public_schema" time="0.001"><skipped type="pytest.skip" message="Requires running Alembic CLI - integration test">/home/ivy/MPANGO/dc12r1-r3r2r1-backend-wt/backend/tests/test_alembic_migrations.py:50: Requires running Alembic CLI - integration test</skipped></testcase><testcase classname="tests.test_alembic_migrations.TestAlembicMigrationIsolation" name="test_public_migration_does_not_create_tenant_tables" time="0.001"><skipped type="pytest.skip" message="Requires running Alembic CLI - integration test">/home/ivy/MPANGO/dc12r1-r3r2r1-backend-wt/backend/tests/test_alembic_migrations.py:59: Requires running Alembic CLI - integration test</skipped></testcase><testcase classname="tests.test_alembic_migrations.TestAlembicMigrationIsolation" name="test_tenant_schema_name_format_is_valid" time="0.042" /><testcase classname="tests.test_alembic_migrations.TestMigrationFileStructure" name="test_initial_migration_exists" time="0.001" /><testcase classname="tests.test_alembic_migrations.TestMigrationFileStructure" name="test_initial_migration_has_required_functions" time="0.001" /><testcase classname="tests.test_alembic_migrations.TestMigrationFileStructure" name="test_migration_has_revision_identifiers" time="0.001" /><testcase classname="tests.test_auth_bypass" name="test_auth_bypass_enabled" time="0.007" /><testcase classname="tests.test_auth_bypass" name="test_auth_bypass_with_valid_payload" time="0.011" /><testcase classname="tests.test_auth_bypass" name="test_auth_bypass_disabled" time="0.007" /><testcase classname="tests.test_auth_bypass" name="test_jwt_strategy_rejects_invalid_auth_scheme" time="0.007" /><testcase classname="tests.test_auth_bypass" name="test_rbac_still_enforced_in_test_mode" time="0.007" /><testcase classname="tests.test_auth_regressions" name="test_select_tenant_uses_user_roles_table_and_returns_contextual_tokens" time="0.004" /><testcase classname="tests.test_auth_regressions" name="test_get_current_user_identity_token_returns_nullable_email" time="0.001" /><testcase classname="tests.test_b5_real_db.TestB5RealDB" name="test_cash_payment" time="0.057" /><testcase classname="tests.test_b5_real_db.TestB5RealDB" name="test_idempotency_violation" time="0.017" /><testcase classname="tests.test_b5_real_db.TestB5RealDB" name="test_idempotent_replay" time="0.011" /><testcase classname="tests.test_b5_real_db.TestB5RealDB" name="test_transfer_payment_first" time="0.012" /><testcase classname="tests.test_crud_scoped" name="test_scoped_requires_tenant_schema_in_session_info" time="0.001" /><testcase classname="tests.test_crud_scoped" name="test_scoped_allows_tenant_session_info" time="0.001" /><testcase classname="tests.test_dc10e_export_worker_tenant_context" name="test_worker_real_reporting_session_has_required_tenant_context" time="0.239" /><testcase classname="tests.test_dc10e_export_worker_tenant_context" name="test_worker_sets_tenant_context_before_first_sql" time="0.003" /><testcase classname="tests.test_dc10e_export_worker_tenant_context" name="test_valid_tenant_export_creates_metadata_and_downloads" time="0.057" /><testcase classname="tests.test_dc10e_export_worker_tenant_context" name="test_tenant_a_export_does_not_include_tenant_b_rows" time="0.092" /><testcase classname="tests.test_dc10e_export_worker_tenant_context" name="test_missing_or_invalid_tenant_context_fails_closed" time="0.002" /><testcase classname="tests.test_dc10e_export_worker_tenant_context" name="test_retry_does_not_lose_tenant_context" time="0.056" /><testcase classname="tests.test_dc10e_export_worker_tenant_context" name="test_export_worker_uses_no_tenant_filter_bypass" time="0.001" /><testcase classname="tests.test_dc10e_export_worker_tenant_context" name="test_export_metadata_exposes_no_sensitive_runtime_values" time="0.003" /><testcase classname="tests.test_dc10f_payment_method_integrity" name="test_invalid_pay_order_method_is_rejected_before_financial_side_effects" time="0.009" /><testcase classname="tests.test_dc10f_payment_method_integrity" name="test_pay_order_request_rejects_non_canonical_method" time="0.001" /><testcase classname="tests.test_dc10f_payment_method_integrity" name="test_pay_order_request_accepts_canonical_payment_methods" time="0.001" /><testcase classname="tests.test_dc10f_payment_method_integrity" name="test_http_pay_order_rejects_banana_method_without_financial_side_effects" time="0.016" /><testcase classname="tests.test_dc10f_r1_payment_method_migration" name="test_fresh_bootstrap_payments_table_has_canonical_method_constraint" time="1.542" /><testcase classname="tests.test_dc10f_r1_payment_method_migration" name="test_bootstrap_reconcile_wrong_same_name_payment_constraint_fails_closed" time="0.945" /><testcase classname="tests.test_dc10f_r1_payment_method_migration" name="test_null_member_payment_method_checks_allow_banana_but_migration_rejects_them[CONSTRAINT legacy_payments_method_in_null CHECK (method IN ('cash', 'transfer', 'credit', NULL))]" time="0.131" /><testcase classname="tests.test_dc10f_r1_payment_method_migration" name="test_null_member_payment_method_checks_allow_banana_but_migration_rejects_them[CONSTRAINT legacy_payments_method_any_null CHECK (method = ANY (ARRAY['cash', 'transfer', 'credit', NULL]))]" time="0.129" /><testcase classname="tests.test_dc10f_r1_payment_method_migration" name="test_null_member_payment_method_checks_allow_banana_but_bootstrap_rejects_them[CONSTRAINT legacy_payments_method_in_null CHECK (method IN ('cash', 'transfer', 'credit', NULL))]" time="0.788" /><testcase classname="tests.test_dc10f_r1_payment_method_migration" name="test_null_member_payment_method_checks_allow_banana_but_bootstrap_rejects_them[CONSTRAINT legacy_payments_method_any_null CHECK (method = ANY (ARRAY['cash', 'transfer', 'credit', NULL]))]" time="0.832" /><testcase classname="tests.test_dc10f_r1_payment_method_migration" name="test_registered_existing_tenant_receives_constraint_and_second_run_is_idempotent" time="0.148" /><testcase classname="tests.test_dc10f_r1_payment_method_migration" name="test_canonical_existing_constraint_is_noop" time="0.137" /><testcase classname="tests.test_dc10f_r1_payment_method_migration" name="test_noncanonical_payment_row_fails_before_constraint_mutation" time="0.118" /><testcase classname="tests.test_dc10f_r1_payment_method_migration" name="test_wrong_same_name_constraint_fails_closed" time="0.133" /><testcase classname="tests.test_dc10f_r1_payment_method_migration" name="test_semantically_incompatible_payment_method_constraints_fail_closed[CONSTRAINT ck_payments_method_negative CHECK (method NOT IN ('cash', 'transfer', 'credit'))-incompatible method check]" time="0.127" /><testcase classname="tests.test_dc10f_r1_payment_method_migration" name="test_semantically_incompatible_payment_method_constraints_fail_closed[CONSTRAINT ck_payments_method_or_banana CHECK (method IN ('cash', 'transfer', 'credit') OR method = 'banana')-incompatible method check]" time="0.134" /><testcase classname="tests.test_dc10f_r1_payment_method_migration" name="test_semantically_incompatible_payment_method_constraints_fail_closed[CONSTRAINT ck_payments_status_same_literals CHECK (status IN ('cash', 'transfer', 'credit'))-incompatible method check]" time="0.138" /><testcase classname="tests.test_dc10f_r1_payment_method_migration" name="test_semantically_incompatible_payment_method_constraints_fail_closed[CONSTRAINT ck_payments_method_coalesce_wrapper CHECK (COALESCE(method IN ('cash', 'transfer', 'credit'), false))-incompatible method check]" time="0.132" /><testcase classname="tests.test_dc10f_r1_payment_method_migration" name="test_semantically_incompatible_payment_method_constraints_fail_closed[CONSTRAINT ck_payments_method_current_user CHECK (method IN ('cash', 'transfer', 'credit', current_user::text))-incompatible method check]" time="0.128" /><testcase classname="tests.test_dc10f_r1_payment_method_migration" name="test_semantically_incompatible_payment_method_constraints_fail_closed[CONSTRAINT ck_payments_method_array_concat CHECK (method = ANY (ARRAY['cash', 'transfer', 'credit'] || ARRAY[current_user::text]))-incompatible method check]" time="0.136" /><testcase classname="tests.test_dc10f_r1_payment_method_migration" name="test_canonical_plus_equivalent_legacy_duplicate_fails_closed" time="0.145" /><testcase classname="tests.test_dc10f_r1_payment_method_migration" name="test_multiple_equivalent_legacy_constraints_fail_closed" time="0.132" /><testcase classname="tests.test_dc10f_r1_payment_method_migration" name="test_equivalent_legacy_constraint_is_renamed_without_duplicate" time="0.134" /><testcase classname="tests.test_dc10f_r1_payment_method_migration" name="test_unregistered_t_schema_is_untouched" time="0.140" /><testcase classname="tests.test_dc10f_r1_payment_method_migration" name="test_invalid_registry_schema_fails_closed_before_mutation" time="0.113" /><testcase classname="tests.test_dc10f_r1_payment_method_migration" name="test_tenant_schema_argument_invalid_identifier_fails_sanitized" time="0.037" /><testcase classname="tests.test_dc10f_r1_payment_method_migration" name="test_registered_target_missing_payments_table_fails_closed" time="0.093" /><testcase classname="tests.test_dc10f_r1_payment_method_migration" name="test_canonical_methods_insert_and_banana_insert_fails_after_migration" time="0.135" /><testcase classname="tests.test_dc10g_platform_uuid_export_error_hardening.TestPlatformTenantUUIDHardening" name="test_malformed_wholesaler_id_returns_404_before_sql" time="0.003" /><testcase classname="tests.test_dc10g_platform_uuid_export_error_hardening.TestPlatformTenantUUIDHardening" name="test_well_formed_missing_uuid_returns_404" time="0.002" /><testcase classname="tests.test_dc10g_platform_uuid_export_error_hardening.TestPlatformAuditUUIDHardening" name="test_malformed_log_id_returns_404_before_sql" time="0.002" /><testcase classname="tests.test_dc10g_platform_uuid_export_error_hardening.TestPlatformAuditUUIDHardening" name="test_well_formed_missing_log_id_returns_404" time="0.002" /><testcase classname="tests.test_dc10g_platform_uuid_export_error_hardening.TestP10GetAuditEventDirect" name="test_malformed_uuid_returns_none_without_db_call" time="0.001" /><testcase classname="tests.test_dc10g_platform_uuid_export_error_hardening.TestP10GetAuditEventDirect" name="test_well_formed_missing_uuid_returns_none" time="0.002" /><testcase classname="tests.test_dc10g_platform_uuid_export_error_hardening.TestExportEnqueueErrorBoundary" name="test_enqueue_failure_sanitized_response_and_logs" time="0.005" /><testcase classname="tests.test_dc10g_platform_uuid_export_error_hardening.TestExportEnqueueErrorBoundary" name="test_malformed_export_id_returns_400" time="0.001" /><testcase classname="tests.test_dc10k_finance_receivables_runtime" name="test_receivable_orders_handle_postgres_timestamptz" time="0.450" /><testcase classname="tests.test_dc10k_finance_receivables_runtime" name="test_receivables_summary_is_scoped_to_current_wholesaler" time="0.452" /><testcase classname="tests.test_dc10l_order_status_enum_reconciliation" name="test_migration_is_self_contained_and_normalizes_catalog_bytes" time="0.001" /><testcase classname="tests.test_dc10l_order_status_enum_reconciliation" name="test_migration_closes_real_finance_enum_coercion_failure_and_is_idempotent" time="0.446" /><testcase classname="tests.test_dc10l_order_status_enum_reconciliation" name="test_preflight_failure_prevents_partial_enum_mutation_across_tenants" time="0.192" /><testcase classname="tests.test_dc10l_order_status_enum_reconciliation" name="test_unregistered_and_inactive_tenant_schemas_are_not_mutated" time="0.223" /><testcase classname="tests.test_dc10l_order_status_enum_reconciliation" name="test_wrong_order_status_column_type_fails_closed" time="0.103" /><testcase classname="tests.test_dc10l_order_status_enum_reconciliation" name="test_fresh_bootstrap_creates_complete_order_status_enum" time="1.530" /><testcase classname="tests.test_dc10l_order_status_enum_reconciliation" name="test_bootstrap_reconciles_existing_legacy_order_status_enum" time="1.575" /><testcase classname="tests.test_dc10l_order_status_enum_reconciliation" name="test_bootstrap_rejects_wrong_order_status_type_without_creating_enum" time="0.870" /><testcase classname="tests.test_dc11d_payment_replay_concurrency_integrity" name="test_sequential_same_financial_result_replay_creates_one_financial_result" time="0.542" /><testcase classname="tests.test_dc11d_payment_replay_concurrency_integrity" name="test_concurrent_same_financial_result_replay_creates_one_financial_result" time="0.901" /><testcase classname="tests.test_dc11d_payment_replay_concurrency_integrity" name="test_payment_notes_are_rejected_without_side_effects" time="0.436" /><testcase classname="tests.test_dc11d_payment_replay_concurrency_integrity" name="test_concurrent_different_keys_cannot_overpay" time="0.782" /><testcase classname="tests.test_dc11d_payment_replay_concurrency_integrity" name="test_empty_body_and_empty_object_create_no_side_effects" time="0.676" /><testcase classname="tests.test_dc11d_payment_replay_concurrency_integrity" name="test_conflicting_idempotency_key_returns_409" time="0.498" /><testcase classname="tests.test_dc11d_payment_replay_concurrency_integrity" name="test_duplicate_transfer_reference_returns_sanitized_409" time="0.555" /><testcase classname="tests.test_dc11d_payment_replay_concurrency_integrity" name="test_unrelated_integrity_error_is_not_idempotency_conflict_and_rolls_back" time="0.762" /><testcase classname="tests.test_dc11d_payment_replay_concurrency_integrity" name="test_rollback_after_state_failure_leaves_tables_unchanged" time="0.773" /><testcase classname="tests.test_dc11d_payment_replay_concurrency_integrity" name="test_cross_tenant_same_idempotency_key_is_isolated" time="1.157" /><testcase classname="tests.test_dc11p0_platform_operator_identity_contract.TestPlatformGuardContract" name="test_guard_module_exists" time="0.001" /><testcase classname="tests.test_dc11p0_platform_operator_identity_contract.TestPlatformGuardContract" name="test_guard_checks_is_identity_only" time="0.001" /><testcase classname="tests.test_dc11p0_platform_operator_identity_contract.TestPlatformGuardContract" name="test_guard_checks_is_super_admin" time="0.001" /><testcase classname="tests.test_dc11p0_platform_operator_identity_contract.TestPlatformGuardContract" name="test_guard_mentions_platform_operator_secret_is_not_browser" time="0.001" /><testcase classname="tests.test_dc11p0_platform_operator_identity_contract.TestPlatformOperatorModelExists" name="test_platform_operator_model_in_models_init" time="0.001" /><testcase classname="tests.test_dc11p0_platform_operator_identity_contract.TestPlatformOperatorModelExists" name="test_platform_operator_model_file_exists" time="0.001" /><testcase classname="tests.test_dc11p0_platform_operator_identity_contract.TestNoPlatformAuthEndpoints" name="test_auth_router_has_no_platform_endpoints" time="0.001" /><testcase classname="tests.test_dc11p0_platform_operator_identity_contract.TestNoPlatformAuthEndpoints" name="test_no_platform_operators_router" time="0.001" /><testcase classname="tests.test_dc11p0_platform_operator_identity_contract.TestLoginRoleAggregation" name="test_login_aggregates_roles_from_matches" time="0.001" /><testcase classname="tests.test_dc11p0_platform_operator_identity_contract.TestLoginRoleAggregation" name="test_find_user_across_tenants_collects_roles" time="0.001" /><testcase classname="tests.test_dc11p0_platform_operator_identity_contract.TestFrontendPlatformOperatorSecretContract" name="test_platform_api_comment_states_no_secret_sent" time="0.001" /><testcase classname="tests.test_dc11p0_platform_operator_identity_contract.TestMigrationAndTableState" name="test_034_migration_exists" time="0.001" /><testcase classname="tests.test_dc11p0_platform_operator_identity_contract.TestMigrationAndTableState" name="test_platform_operator_setup_tokens_model_exists" time="0.000" /><testcase classname="tests.test_dc11p0_platform_operator_identity_contract.TestMigrationAndTableState" name="test_platform_operator_reset_tokens_model_exists" time="0.001" /><testcase classname="tests.test_dc11p0_platform_operator_identity_contract.TestMigrationAndTableState" name="test_recovery_credentials_model_exists" time="0.000" /><testcase classname="tests.test_dc11p0_platform_operator_identity_contract.TestMigrationAndTableState" name="test_token_payload_has_no_auth_version" time="0.001" /><testcase classname="tests.test_dc11p1_platform_operator_schema.TestMigrationStructure" name="test_all_four_tables_in_public_schema" time="0.096" /><testcase classname="tests.test_dc11p1_platform_operator_schema.TestMigrationStructure" name="test_no_operator_tables_in_tenant_schemas" time="0.101" /><testcase classname="tests.test_dc11p1_platform_operator_schema.TestMigrationStructure" name="test_no_email_hash_column" time="0.116" /><testcase classname="tests.test_dc11p1_platform_operator_schema.TestMigrationStructure" name="test_platform_operators_has_all_columns" time="0.106" /><testcase classname="tests.test_dc11p1_platform_operator_schema.TestMigrationStructure" name="test_migration_revision_and_down_revision" time="0.066" /><testcase classname="tests.test_dc11p1_platform_operator_schema.TestMigrationStructure" name="test_migration_imports_no_runtime_models" time="0.063" /><testcase classname="tests.test_dc11p1_platform_operator_schema.TestEmailNormalization" name="test_mixed_case_email_rejected" time="0.098" /><testcase classname="tests.test_dc11p1_platform_operator_schema.TestEmailNormalization" name="test_surrounding_whitespace_rejected" time="0.092" /><testcase classname="tests.test_dc11p1_platform_operator_schema.TestEmailNormalization" name="test_empty_email_rejected" time="0.091" /><testcase classname="tests.test_dc11p1_platform_operator_schema.TestEmailNormalization" name="test_whitespace_only_email_rejected" time="0.091" /><testcase classname="tests.test_dc11p1_platform_operator_schema.TestEmailNormalization" name="test_normalized_email_accepted" time="0.101" /><testcase classname="tests.test_dc11p1_platform_operator_schema.TestEmailNormalization" name="test_duplicate_normalized_email_rejected" time="0.095" /><testcase classname="tests.test_dc11p1_platform_operator_schema.TestOperatorConstraints" name="test_invalid_status_rejected" time="0.102" /><testcase classname="tests.test_dc11p1_platform_operator_schema.TestOperatorConstraints" name="test_invalid_role_rejected" time="0.091" /><testcase classname="tests.test_dc11p1_platform_operator_schema.TestOperatorConstraints" name="test_negative_attempts_rejected" time="0.095" /><testcase classname="tests.test_dc11p1_platform_operator_schema.TestOperatorConstraints" name="test_auth_version_zero_rejected" time="0.091" /><testcase classname="tests.test_dc11p1_platform_operator_schema.TestOperatorConstraints" name="test_active_without_password_rejected" time="0.096" /><testcase classname="tests.test_dc11p1_platform_operator_schema.TestOperatorConstraints" name="test_active_with_revoked_rejected" time="0.094" /><testcase classname="tests.test_dc11p1_platform_operator_schema.TestTokenConstraints" name="test_setup_used_and_revoked_rejected" time="0.112" /><testcase classname="tests.test_dc11p1_platform_operator_schema.TestTokenConstraints" name="test_duplicate_active_setup_rejected" time="0.108" /><testcase classname="tests.test_dc11p1_platform_operator_schema.TestTokenConstraints" name="test_used_setup_allows_replacement" time="0.113" /><testcase classname="tests.test_dc11p1_platform_operator_schema.TestTokenConstraints" name="test_expired_setup_still_blocks_index" time="0.107" /><testcase classname="tests.test_dc11p1_platform_operator_schema.TestTokenConstraints" name="test_duplicate_active_reset_rejected" time="0.111" /><testcase classname="tests.test_dc11p1_platform_operator_schema.TestTokenConstraints" name="test_token_hash_globally_unique_within_table" time="0.116" /><testcase classname="tests.test_dc11p1_platform_operator_schema.TestRecoveryConstraints" name="test_active_ok" time="0.111" /><testcase classname="tests.test_dc11p1_platform_operator_schema.TestRecoveryConstraints" name="test_used_with_revoked_rejected" time="0.098" /><testcase classname="tests.test_dc11p1_platform_operator_schema.TestRecoveryConstraints" name="test_active_with_used_at_rejected" time="0.102" /><testcase classname="tests.test_dc11p1_platform_operator_schema.TestRecoveryConstraints" name="test_duplicate_active_recovery_rejected" time="0.116" /><testcase classname="tests.test_dc11p1_platform_operator_schema.TestRecoveryConstraints" name="test_credential_hash_globally_unique" time="0.117" /><testcase classname="tests.test_dc11p1_platform_operator_schema.TestForeignKeyBehavior" name="test_setup_cascade_on_delete" time="0.112" /><testcase classname="tests.test_dc11p1_platform_operator_schema.TestForeignKeyBehavior" name="test_invited_by_set_null" time="0.128" /><testcase classname="tests.test_dc11p1_platform_operator_schema.TestSecurityColumns" name="test_setup_tokens_no_plaintext_cols" time="0.115" /><testcase classname="tests.test_dc11p1_platform_operator_schema.TestSecurityColumns" name="test_reset_tokens_no_plaintext_cols" time="0.106" /><testcase classname="tests.test_dc11p1_platform_operator_schema.TestSecurityColumns" name="test_recovery_no_plaintext_cols" time="0.109" /><testcase classname="tests.test_dc11p1_platform_operator_schema.TestORMCatalogParity" name="test_partial_unique_indexes_exist_in_catalog" time="0.102" /><testcase classname="tests.test_dc11p1_platform_operator_schema.TestORMCatalogParity" name="test_orm_declares_matching_indexes" time="0.082" /><testcase classname="tests.test_dc11t2_async_test_utils" name="test_run_coroutine_reuses_current_loop" time="0.002" /><testcase classname="tests.test_dc11t2_async_test_utils" name="test_run_coroutine_replaces_closed_loop" time="0.002" /><testcase classname="tests.test_dc11t2_async_test_utils" name="test_alembic_upgrade_restores_current_loop" time="0.002" /><testcase classname="tests.test_dc11t2_async_test_utils" name="test_alembic_downgrade_restores_current_loop" time="0.002" /><testcase classname="tests.test_dc11t2_async_test_utils" name="test_temp_db_guard_accepts_explicit_loopback_test_source" time="0.001" /><testcase classname="tests.test_dc11t2_async_test_utils" name="test_temp_db_guard_rejects_missing_positive_authorization[MPANGO_ENV-production-test environment]" time="0.002" /><testcase classname="tests.test_dc11t2_async_test_utils" name="test_temp_db_guard_rejects_missing_positive_authorization[MPANGO_ALLOW_TEMP_DB_CREATE-0-explicit opt-in]" time="0.002" /><testcase classname="tests.test_dc11t2_async_test_utils" name="test_temp_db_guard_rejects_missing_positive_authorization[MPANGO_TEMP_DB_ALLOWED_PORTS-55449-port is not explicitly allowed]" time="0.002" /><testcase classname="tests.test_dc11t2_async_test_utils" name="test_temp_db_guard_rejects_source_not_matching_test_database_url" time="0.008" /><testcase classname="tests.test_dc11t2_async_test_utils" name="test_temp_db_guard_rejects_nonlocal_host" time="0.002" /><testcase classname="tests.test_dc11t2_async_test_utils" name="test_temp_db_guard_rejects_unmarked_database_name" time="0.002" /><testcase classname="tests.test_dc11t2_async_test_utils" name="test_temp_db_guard_rejects_production_user" time="0.002" /><testcase classname="tests.test_dc11t2_async_test_utils" name="test_temporary_database_context_refuses_without_positive_guard" time="0.002" /><testcase classname="tests.test_dc11t2_async_test_utils" name="test_temporary_database_context_rejects_untrusted_prefix" time="0.002" /><testcase classname="tests.test_dc11t2_async_test_utils" name="test_temp_db_creates_and_drops_exact_database" time="11.009" /><testcase classname="tests.test_dc11t2_async_test_utils" name="test_temp_db_terminates_own_role_session_and_drops" time="0.325" /><testcase classname="tests.test_dc11t2_async_test_utils" name="test_temp_db_waits_out_transient_foreign_session" time="1.945" /><testcase classname="tests.test_dc11t2_async_test_utils" name="test_temp_db_persistent_foreign_session_fails_closed_sanitized" time="5.397" /><testcase classname="tests.test_dc11t2_async_test_utils" name="test_temp_db_original_exception_preserved_by_identity" time="0.224" /><testcase classname="tests.test_dc11t2_async_test_utils" name="test_temp_db_body_and_cleanup_failure_raise_exception_group" time="5.421" /><testcase classname="tests.test_dc11t2_async_test_utils" name="test_teardown_fails_closed_when_database_remains_after_drop" time="0.001" /><testcase classname="tests.test_dc11t2_async_test_utils" name="test_teardown_times_out_on_persistent_foreign_sessions" time="0.305" /><testcase classname="tests.test_dc11t2_async_test_utils" name="test_teardown_retries_drop_object_in_use_then_succeeds" time="0.053" /><testcase classname="tests.test_dc11t2_async_test_utils" name="test_teardown_persistent_object_in_use_fails_closed_at_deadline" time="0.307" /><testcase classname="tests.test_dc11t2_async_test_utils" name="test_teardown_non_object_in_use_drop_error_propagates_immediately" time="0.002" /><testcase classname="tests.test_dc11t2_async_test_utils" name="test_role_drop_persistent_failure_raises_not_silent" time="0.307" /><testcase classname="tests.test_dc11t2_async_test_utils" name="test_role_drop_zero_residue_proof_fails_closed" time="0.041" /><testcase classname="tests.test_dc11t4c_reporting_bootstrap_contract" name="test_public_alembic_alone_preserves_tenant_schema_set" time="3.086" /><testcase classname="tests.test_dc11t4c_reporting_bootstrap_contract" name="test_supported_tenant_bootstrap_creates_reporting_contract" time="1.842" /><testcase classname="tests.test_dc11t4c_reporting_bootstrap_contract" name="test_reporting_tenant_teardown_removes_schema_and_registry_rows" time="1.846" /><testcase classname="tests.test_dc11t4c_reporting_bootstrap_contract" name="test_reporting_tenant_teardown_is_bound_to_owned_registration" time="3.368" /><testcase classname="tests.test_dc11t4h_receivable_collection_integrity" name="test_ordinary_cash_and_transfer_from_zero_binding_remain_zero" time="0.750" /><testcase classname="tests.test_dc11t4h_receivable_collection_integrity" name="test_credit_sale_partial_final_collection_and_finance_summary" time="0.792" /><testcase classname="tests.test_dc11t4h_receivable_collection_integrity" name="test_over_collection_is_rejected_without_side_effects" time="0.601" /><testcase classname="tests.test_dc11t4h_receivable_collection_integrity" name="test_credit_collection_idempotent_replay_has_no_duplicate_ledger" time="0.578" /><testcase classname="tests.test_dc11t4h_receivable_collection_integrity" name="test_concurrent_credit_collection_cannot_over_collect" time="0.671" /><testcase classname="tests.test_dc11t4h_receivable_collection_integrity" name="test_extra_payment_against_ordinary_paid_order_remains_rejected" time="0.530" /><testcase classname="tests.test_dc11t4h_receivable_collection_integrity" name="test_credit_collections_are_isolated_across_tenants" time="1.139" /><testcase classname="tests.test_dc11t4h_receivable_collection_integrity" name="test_migration_fails_closed_for_invalid_credit_sale_history[credit_amount0-order_total0-paid]" time="2.377" /><testcase classname="tests.test_dc11t4h_receivable_collection_integrity" name="test_migration_fails_closed_for_invalid_credit_sale_history[credit_amount1-order_total1-confirmed]" time="0.593" /><testcase classname="tests.test_dc11t4h_receivable_collection_integrity" name="test_migration_fails_closed_for_overpaid_ordinary_order" time="0.585" /><testcase classname="tests.test_dc11t4h_receivable_collection_integrity" name="test_migration_fails_closed_for_registry_schema_mismatch" time="0.583" /><testcase classname="tests.test_dc11t4h_receivable_collection_integrity" name="test_migration_fails_closed_for_over_collected_credit_history" time="0.591" /><testcase classname="tests.test_dc11t4h_receivable_collection_integrity" name="test_migration_repairs_legacy_negative_cash_balance_and_adds_check" time="0.670" /><testcase classname="tests.test_dc12a_r2_credential_email_links.TestLinkBuilders" name="test_verification_link_absolute_with_fragment" time="0.001" /><testcase classname="tests.test_dc12a_r2_credential_email_links.TestLinkBuilders" name="test_setup_link_absolute_with_fragment" time="0.001" /><testcase classname="tests.test_dc12a_r2_credential_email_links.TestLinkBuilders" name="test_reset_link_absolute_with_fragment" time="0.001" /><testcase classname="tests.test_dc12a_r2_credential_email_links.TestLinkBuilders" name="test_links_fall_back_to_relative_when_no_base" time="0.001" /><testcase classname="tests.test_dc12a_r2_credential_email_links.TestLinkBuilders" name="test_links_use_configured_http_localhost_in_test" time="0.001" /><testcase classname="tests.test_dc12a_r2_credential_email_links.TestSettingsValidation" name="test_valid_https_accepted" time="0.003" /><testcase classname="tests.test_dc12a_r2_credential_email_links.TestSettingsValidation" name="test_trailing_slash_stripped" time="0.003" /><testcase classname="tests.test_dc12a_r2_credential_email_links.TestSettingsValidation" name="test_none_allowed_in_test" time="0.003" /><testcase classname="tests.test_dc12a_r2_credential_email_links.TestSettingsValidation" name="test_production_missing_rejected" time="0.004" /><testcase classname="tests.test_dc12a_r2_credential_email_links.TestSettingsValidation" name="test_production_http_rejected" time="0.003" /><testcase classname="tests.test_dc12a_r2_credential_email_links.TestSettingsValidation" name="test_credentials_in_url_rejected" time="0.003" /><testcase classname="tests.test_dc12a_r2_credential_email_links.TestSettingsValidation" name="test_query_in_url_rejected" time="0.003" /><testcase classname="tests.test_dc12a_r2_credential_email_links.TestSettingsValidation" name="test_fragment_in_url_rejected" time="0.003" /><testcase classname="tests.test_dc12a_r2_credential_email_links.TestSettingsValidation" name="test_path_in_url_rejected" time="0.003" /><testcase classname="tests.test_dc12a_r3_orchestration_link_regression.TestOrchestrationLinkRegression" name="test_build_owner_setup_link_uses_local_settings" time="0.002" /><testcase classname="tests.test_dc12a_r3_orchestration_link_regression.TestOrchestrationLinkRegression" name="test_build_verification_link_uses_local_settings" time="0.002" /><testcase classname="tests.test_dc12a_r3_orchestration_link_regression.TestOrchestrationLinkRegression" name="test_link_builders_accept_settings_kwarg" time="0.001" /><testcase classname="tests.test_dc12r1_contract_d_r5_node_csv" name="test_every_row_has_exactly_three_columns" time="0.016" /><testcase classname="tests.test_dc12r1_contract_d_r5_node_csv" name="test_outcomes_are_in_allowlist" time="0.015" /><testcase classname="tests.test_dc12r1_contract_d_r5_node_csv" name="test_union_rows_per_run_counts_and_accounting_gap" time="0.018" /><testcase classname="tests.test_dc12r1_contract_d_r5_node_csv" name="test_no_outcome_diff_between_runs" time="0.013" /><testcase classname="tests.test_dc12r1_contract_d_r5_node_csv" name="test_csv_round_trips_with_stdlib_reader" time="0.010" /><testcase classname="tests.test_dc12r1_contract_d_r7_gen_fail_closed" name="test_duplicate_node_id_fails_and_produces_no_output" time="0.061" /><testcase classname="tests.test_dc12r1_contract_d_r7_gen_fail_closed" name="test_shared_outcome_diff_fails_and_leaves_existing_target_unchanged" time="0.050" /><testcase classname="tests.test_dc12r1_contract_d_r7_gen_fail_closed" name="test_shared_outcome_diff_fails_and_produces_no_output_when_target_absent" time="0.059" /><testcase classname="tests.test_dc12r1_contract_d_r7_gen_fail_closed" name="test_legal_dynamic_a_only_b_only_publishes_exit0" time="0.055" /><testcase classname="tests.test_dc12r1_contract_d_r7_gen_fail_closed" name="test_round_trip_non3col_failure_cleans_temp_and_preserves_target" time="0.010" /><testcase classname="tests.test_dc12r1_contract_d_r7_gen_fail_closed" name="test_round_trip_illegal_outcome_failure_cleans_temp_and_preserves_target" time="0.010" /><testcase classname="tests.test_dc12r1_contract_d_r7_gen_fail_closed" name="test_round_trip_failure_when_target_absent_leaves_no_target_no_temp" time="0.011" /><testcase classname="tests.test_dc12r1_contract_d_statement_print.TestStatementHappyPath" name="test_retailer_statement_happy_path" time="9.278" /><testcase classname="tests.test_dc12r1_contract_d_statement_print.TestStatementHappyPath" name="test_supplier_statement_happy_path" time="5.194" /><testcase classname="tests.test_dc12r1_contract_d_statement_print.TestStatementHappyPath" name="test_opening_closing_arithmetic_invariant" time="5.344" /><testcase classname="tests.test_dc12r1_contract_d_statement_print.TestDualKeyIsolation" name="test_supplier_foreign_retailer_denied_neutral" time="5.111" /><testcase classname="tests.test_dc12r1_contract_d_statement_print.TestDateRangeContract" name="test_missing_from_date" time="4.932" /><testcase classname="tests.test_dc12r1_contract_d_statement_print.TestDateRangeContract" name="test_missing_to_date" time="5.169" /><testcase classname="tests.test_dc12r1_contract_d_statement_print.TestDateRangeContract" name="test_blank_from_date" time="4.996" /><testcase classname="tests.test_dc12r1_contract_d_statement_print.TestDateRangeContract" name="test_malformed_from_date" time="4.956" /><testcase classname="tests.test_dc12r1_contract_d_statement_print.TestDateRangeContract" name="test_from_after_to" time="4.818" /><testcase classname="tests.test_dc12r1_contract_d_statement_print.TestDateRangeContract" name="test_span_exceeds_365_days" time="5.230" /><testcase classname="tests.test_dc12r1_contract_d_statement_print.TestDateRangeContract" name="test_supplier_route_shares_the_same_strict_parser" time="4.961" /><testcase classname="tests.test_dc12r1_contract_d_statement_print.TestDateRangeContract" name="test_non_zero_padded_date_is_rejected" time="4.904" /><testcase classname="tests.test_dc12r1_contract_d_statement_print.TestDateRangeContract" name="test_extra_characters_in_date_are_rejected" time="5.040" /><testcase classname="tests.test_dc12r1_contract_d_statement_print.TestDateRangeContract" name="test_invalid_calendar_date_is_rejected" time="5.283" /><testcase classname="tests.test_dc12r1_contract_d_statement_print.TestDateRangeContract" name="test_whitespace_suffix_is_rejected" time="4.917" /><testcase classname="tests.test_dc12r1_contract_d_statement_print.TestDateRangeContract" name="test_encoded_space_20_is_rejected" time="4.851" /><testcase classname="tests.test_dc12r1_contract_d_statement_print.TestDateRangeContract" name="test_encoded_tab_09_is_rejected" time="4.921" /><testcase classname="tests.test_dc12r1_contract_d_statement_print.TestDateRangeContract" name="test_tab_and_newline_suffixes_are_rejected" time="5.328" /><testcase classname="tests.test_dc12r1_contract_d_statement_print.TestDateRangeContract" name="test_parser_rejects_trimmed_input_directly" time="0.657" /><testcase classname="tests.test_dc12r1_contract_d_statement_print.TestDateRangeContract" name="test_parser_accepts_canonical_input_directly" time="0.598" /><testcase classname="tests.test_dc12r1_contract_d_statement_print.TestDateRangeContract" name="test_malformed_retailer_uuid_supplier" time="4.780" /><testcase classname="tests.test_dc12r1_contract_d_statement_print.TestZeroWrite" name="test_statement_routes_zero_fingerprint" time="5.226" /><testcase classname="tests.test_dc12r1_contract_d_statement_print.TestIndependentLists" name="test_movements_and_settled_payments_are_separate_lists" time="5.494" /><testcase classname="tests.test_dc12r1_contract_d_statement_print.TestIndependentLists" name="test_pending_declarations_only_when_requested" time="5.179" /><testcase classname="tests.test_dc12r1_contract_d_statement_print.TestNoLeakage" name="test_no_internal_ids_in_statement" time="5.155" /><testcase classname="tests.test_dc12r1_contract_d_statement_print.TestFailClosed" name="test_orphan_ledger_ref_returns_409_scope_incomplete" time="3.354" /><testcase classname="tests.test_dc12r1_contract_d_statement_print.TestFailClosed" name="test_zero_value_movement_returns_409_internal_inconsistent" time="5.475" /><testcase classname="tests.test_dc12r1_contract_d_statement_print.TestPaymentOwnershipIntegrity" name="test_payment_retailer_mismatch_returns_409_internal_inconsistent" time="5.119" /><testcase classname="tests.test_dc12r1_contract_d_statement_print.TestPaymentOwnershipIntegrity" name="test_wrong_order_wholesaler_returns_409" time="5.163" /><testcase classname="tests.test_dc12r1_contract_d_statement_print.TestPaymentOwnershipIntegrity" name="test_missing_order_returns_409" time="3.432" /><testcase classname="tests.test_dc12r1_contract_d_statement_print.TestPaymentOwnershipIntegrity" name="test_ownership_mismatch_also_fails_closed_on_supplier_route" time="5.248" /><testcase classname="tests.test_dc12r1_contract_d_statement_print.TestPaymentOwnershipIntegrity" name="test_unrelated_relationship_is_not_faulted" time="6.278" /><testcase classname="tests.test_dc12r1_contract_d_statement_print.TestSettledTotal" name="test_settled_total_equals_sum_of_settled_payments" time="5.120" /><testcase classname="tests.test_dc12r1_contract_d_statement_print.TestReconciliationTolerance" name="test_0001_difference_is_accepted" time="5.091" /><testcase classname="tests.test_dc12r1_contract_d_statement_print.TestReconciliationTolerance" name="test_001_difference_is_accepted" time="5.558" /><testcase classname="tests.test_dc12r1_contract_d_statement_print.TestReconciliationTolerance" name="test_00101_difference_is_rejected" time="5.240" /><testcase classname="tests.test_dc12r1_contract_d_statement_print.TestRangeCap" name="test_movements_1001_return_400_range_too_large_before_internal_inconsistent" time="5.338" /><testcase classname="tests.test_dc12r1_contract_d_statement_print.TestRangeCap" name="test_movements_1002_return_400_range_too_large" time="5.243" /><testcase classname="tests.test_dc12r1_contract_d_statement_print.TestRangeCap" name="test_settled_1001_return_400_range_too_large" time="5.698" /><testcase classname="tests.test_dc12r1_contract_d_statement_print.TestRangeCap" name="test_pending_1001_return_400_range_too_large" time="5.479" /><testcase classname="tests.test_dc12r1_contract_d_statement_print.TestRangeCap" name="test_range_cap_deterministic_request_id_repro_h2a_r2_f1" time="5.396" /><testcase classname="tests.test_dc12r1_contract_d_statement_print.TestRangeCap" name="test_combined_1001_across_lists_return_400_range_too_large" time="5.696" /><testcase classname="tests.test_dc12r1_contract_d_statement_print.TestRangeCap" name="test_at_cap_1000_is_accepted" time="5.445" /><testcase classname="tests.test_dc12r1_contract_d_statement_print.TestRangeCap" name="test_sentinel_payment_survives_exact_cleanup" time="5.207" /><testcase classname="tests.test_dc12r1_contract_d_statement_print.TestDisposableSchemaSetupSafety" name="test_bootstrap_failure_drops_partial_tenant_schema" time="0.827" /><testcase classname="tests.test_dc12r1_contract_d_statement_print.TestDisposableSchemaSetupSafety" name="test_provisioning_failure_drops_partial_tenant_schema" time="3.029" /><testcase classname="tests.test_dc12r1_contract_d_statement_print.TestDisposableSchemaSetupSafety" name="test_create_table_failure_drops_partial_statement_schema" time="0.803" /><testcase classname="tests.test_dc12r1_contract_d_statement_print.TestDisposableSchemaSetupSafety" name="test_cleanup_failure_preserves_both_original_and_cleanup_errors" time="3.120" /><testcase classname="tests.test_dc12r1_contract_d_statement_print.TestDisposableSchemaSetupSafety" name="test_rollback_failure_is_visible" time="0.943" /><testcase classname="tests.test_dc12r1_contract_d_statement_print.TestDisposableSchemaSetupSafety" name="test_schema_inconsistency_fails_closed_without_arbitrary_drop" time="0.938" /><testcase classname="tests.test_dc12r1_contract_d_statement_print.TestDisposableSchemaSetupSafety" name="test_illegal_schema_identifier_rejected_before_dynamic_sql" time="0.872" /><testcase classname="tests.test_dc12r1_contract_d_statement_print.TestDisposableSchemaSetupSafety" name="test_cleanup_success_propagates_original_exception_exactly" time="2.977" /><testcase classname="tests.test_dc12r1_contract_d_statement_print.TestDateBoundaries" name="test_inclusive_boundaries_capture_today_movements" time="5.084" /><testcase classname="tests.test_dc12r1_contract_d_statement_print.TestDateBoundaries" name="test_far_future_period_empty_movements" time="5.533" /><testcase classname="tests.test_dc12r1_contract_d_statement_print.TestSoftDeletedOrderRetention" name="test_soft_deleted_order_still_in_statement" time="5.203" /><testcase classname="tests.test_dc12r1_contract_d_statement_print.TestSoftDeletedOrderRetention" name="test_active_and_soft_deleted_order_have_identical_accounting_totals" time="5.210" /><testcase classname="tests.test_dc12r1_contract_d_statement_print.TestOrderIndependence" name="test_a_first_seeds" time="5.506" /><testcase classname="tests.test_dc12r1_contract_d_statement_print.TestOrderIndependence" name="test_b_second_seeds" time="5.221" /><testcase classname="tests.test_dc12r1_contract_d_statement_print.TestWpr004SharedStatementHttpMapper" name="test_both_routes_reference_the_same_shared_mapper" time="0.642" /><testcase classname="tests.test_dc12r1_contract_d_statement_print.TestWpr004SharedStatementHttpMapper" name="test_byte_contract_table[view-ok]" time="0.601" /><testcase classname="tests.test_dc12r1_contract_d_statement_print.TestWpr004SharedStatementHttpMapper" name="test_byte_contract_table[not_found-404]" time="0.622" /><testcase classname="tests.test_dc12r1_contract_d_statement_print.TestWpr004SharedStatementHttpMapper" name="test_byte_contract_table[period-400]" time="0.606" /><testcase classname="tests.test_dc12r1_contract_d_statement_print.TestWpr004SharedStatementHttpMapper" name="test_byte_contract_table[range-too-large-400]" time="0.599" /><testcase classname="tests.test_dc12r1_contract_d_statement_print.TestWpr004SharedStatementHttpMapper" name="test_byte_contract_table[ledger-scope-409]" time="0.596" /><testcase classname="tests.test_dc12r1_contract_d_statement_print.TestWpr004SharedStatementHttpMapper" name="test_byte_contract_table[internal-inconsistent-409]" time="0.598" /><testcase classname="tests.test_dc12r1_contract_d_statement_print.TestWpr004SharedStatementHttpMapper" name="test_byte_contract_table[reconciliation-409]" time="0.621" /><testcase classname="tests.test_dc12r1_contract_d_statement_print.TestWpr004SharedStatementHttpMapper" name="test_byte_contract_table[fallback-404]" time="0.600" /><testcase classname="tests.test_dc12r1_contract_d_statement_print.TestWpr004SharedStatementHttpMapper" name="test_supplier_and_client_mapping_are_identical[not_found]" time="0.591" /><testcase classname="tests.test_dc12r1_contract_d_statement_print.TestWpr004SharedStatementHttpMapper" name="test_supplier_and_client_mapping_are_identical[period]" time="0.587" /><testcase classname="tests.test_dc12r1_contract_d_statement_print.TestWpr004SharedStatementHttpMapper" name="test_supplier_and_client_mapping_are_identical[range]" time="0.600" /><testcase classname="tests.test_dc12r1_contract_d_statement_print.TestWpr004SharedStatementHttpMapper" name="test_supplier_and_client_mapping_are_identical[scope]" time="0.589" /><testcase classname="tests.test_dc12r1_contract_d_statement_print.TestWpr004SharedStatementHttpMapper" name="test_supplier_and_client_mapping_are_identical[inconsistent]" time="0.597" /><testcase classname="tests.test_dc12r1_contract_d_statement_print.TestWpr004SharedStatementHttpMapper" name="test_supplier_and_client_mapping_are_identical[recon]" time="0.590" /><testcase classname="tests.test_dc12r1_contract_d_statement_print.TestWpr004SharedStatementHttpMapper" name="test_supplier_and_client_mapping_are_identical[fallback]" time="0.616" /><testcase classname="tests.test_dc12r1_contract_d_statement_print.TestWpr004SharedStatementHttpMapper" name="test_mutation_evidence_one_sided_drift_is_detectable" time="0.647" /><testcase classname="tests.test_dc12r1_contract_d_statement_print.TestWpr004SharedStatementHttpMapper" name="test_end_to_end_parity_invalid_date_range_both_routes" time="5.450" /><testcase classname="tests.test_dc12r1_h2_structured_http_error_contract.TestRealRBACDependencies" name="test_permission_denied_via_real_require_permission" time="0.008" /><testcase classname="tests.test_dc12r1_h2_structured_http_error_contract.TestRealRBACDependencies" name="test_tenant_context_required_via_real_require_permission" time="0.007" /><testcase classname="tests.test_dc12r1_h2_structured_http_error_contract.TestRealRBACDependencies" name="test_platform_admin_required_via_real_require_platform_admin" time="0.007" /><testcase classname="tests.test_dc12r1_h2_structured_http_error_contract.TestRealRBACDependencies" name="test_no_permission_bypass_real_rbac_routes" time="0.011" /><testcase classname="tests.test_dc12r1_h2_structured_http_error_contract.TestRealRBACDependencies" name="test_real_rbac_logging_has_no_raw_detail_repr" time="0.006" /><testcase classname="tests.test_dc12r1_h2_structured_http_error_contract.TestRawShapeDenialCodes" name="test_raw_dict_detail_is_flat_envelope[/raw/permission_denied-PERMISSION_DENIED]" time="0.006" /><testcase classname="tests.test_dc12r1_h2_structured_http_error_contract.TestRawShapeDenialCodes" name="test_raw_dict_detail_is_flat_envelope[/raw/tenant_context_required-TENANT_CONTEXT_REQUIRED]" time="0.007" /><testcase classname="tests.test_dc12r1_h2_structured_http_error_contract.TestRawShapeDenialCodes" name="test_raw_dict_detail_is_flat_envelope[/raw/platform_admin_required-PLATFORM_ADMIN_REQUIRED]" time="0.005" /><testcase classname="tests.test_dc12r1_h2_structured_http_error_contract.TestErrorCodePreservation" name="test_arbitrary_valid_code_preserved_from_dict" time="0.009" /><testcase classname="tests.test_dc12r1_h2_structured_http_error_contract.TestErrorCodePreservation" name="test_explicit_public_details_preserved" time="0.010" /><testcase classname="tests.test_dc12r1_h2_structured_http_error_contract.TestStringDetailCompatibility" name="test_string_detail_preserves_message_and_status" time="0.010" /><testcase classname="tests.test_dc12r1_h2_structured_http_error_contract.TestMalformedDetailFailClosed" name="test_malformed_detail_uses_sanitized_fallback[/raw/malformed_detail_list]" time="0.008" /><testcase classname="tests.test_dc12r1_h2_structured_http_error_contract.TestMalformedDetailFailClosed" name="test_malformed_detail_uses_sanitized_fallback[/raw/malformed_detail_int]" time="0.006" /><testcase classname="tests.test_dc12r1_h2_structured_http_error_contract.TestNoReprInResponsesOrLogs" name="test_no_dict_repr_in_any_denial_response" time="0.014" /><testcase classname="tests.test_dc12r1_h2_structured_http_error_contract.TestPublicDetailsJsonSafety" name="test_nan_details_omitted_no_500" time="0.001" /><testcase classname="tests.test_dc12r1_h2_structured_http_error_contract.TestPublicDetailsJsonSafety" name="test_infinity_details_omitted_no_500" time="0.001" /><testcase classname="tests.test_dc12r1_h2_structured_http_error_contract.TestPublicDetailsJsonSafety" name="test_non_string_top_level_key_details_omitted" time="0.001" /><testcase classname="tests.test_dc12r1_h2_structured_http_error_contract.TestPublicDetailsJsonSafety" name="test_non_string_nested_key_details_omitted" time="0.001" /><testcase classname="tests.test_dc12r1_h2_structured_http_error_contract.TestPublicDetailsJsonSafety" name="test_unsupported_container_types_omitted[secret-bytes-bytes]" time="0.001" /><testcase classname="tests.test_dc12r1_h2_structured_http_error_contract.TestPublicDetailsJsonSafety" name="test_unsupported_container_types_omitted[bad_value1-bytearray]" time="0.001" /><testcase classname="tests.test_dc12r1_h2_structured_http_error_contract.TestPublicDetailsJsonSafety" name="test_unsupported_container_types_omitted[bad_value2-set]" time="0.001" /><testcase classname="tests.test_dc12r1_h2_structured_http_error_contract.TestPublicDetailsJsonSafety" name="test_unsupported_container_types_omitted[bad_value3-frozenset]" time="0.001" /><testcase classname="tests.test_dc12r1_h2_structured_http_error_contract.TestPublicDetailsJsonSafety" name="test_unsupported_container_types_omitted[bad_value4-tuple]" time="0.001" /><testcase classname="tests.test_dc12r1_h2_structured_http_error_contract.TestPublicDetailsJsonSafety" name="test_arbitrary_object_details_omitted" time="0.002" /><testcase classname="tests.test_dc12r1_h2_structured_http_error_contract.TestPublicDetailsJsonSafety" name="test_valid_nested_json_details_preserved" time="0.001" /><testcase classname="tests.test_dc12r1_h2_structured_http_error_contract.TestPublicCodeStrictness" name="test_invalid_code_falls_back_to_status_code[lower_case-lowercase]" time="0.001" /><testcase classname="tests.test_dc12r1_h2_structured_http_error_contract.TestPublicCodeStrictness" name="test_invalid_code_falls_back_to_status_code[HAS SPACE-space]" time="0.002" /><testcase classname="tests.test_dc12r1_h2_structured_http_error_contract.TestPublicCodeStrictness" name="test_invalid_code_falls_back_to_status_code[DASH-CODE-dash]" time="0.002" /><testcase classname="tests.test_dc12r1_h2_structured_http_error_contract.TestPublicCodeStrictness" name="test_invalid_code_falls_back_to_status_code[1STARTS_DIGIT-leading digit]" time="0.002" /><testcase classname="tests.test_dc12r1_h2_structured_http_error_contract.TestPublicCodeStrictness" name="test_invalid_code_falls_back_to_status_code[code'with'quote-quote]" time="0.001" /><testcase classname="tests.test_dc12r1_h2_structured_http_error_contract.TestPublicCodeStrictness" name="test_invalid_code_falls_back_to_status_code[AAAAAAAAAAAAAAAAAAAAAAAAAAAAAAAAAAAAAAAAAAAAAAAAAAAAAAAAAAAAAAAAA-oversized (65 chars)]" time="0.001" /><testcase classname="tests.test_dc12r1_h2_structured_http_error_contract.TestPublicCodeStrictness" name="test_max_length_valid_code_preserved" time="0.001" /><testcase classname="tests.test_dc12r1_h2_structured_http_error_contract.TestHandlerNeverRaises" name="test_handler_returns_envelope_never_raises[detail0]" time="0.001" /><testcase classname="tests.test_dc12r1_h2_structured_http_error_contract.TestHandlerNeverRaises" name="test_handler_returns_envelope_never_raises[42]" time="0.002" /><testcase classname="tests.test_dc12r1_h2_structured_http_error_contract.TestHandlerNeverRaises" name="test_handler_returns_envelope_never_raises[None]" time="0.002" /><testcase classname="tests.test_dc12r1_h2_structured_http_error_contract.TestHandlerNeverRaises" name="test_handler_returns_envelope_never_raises[detail3]" time="0.002" /><testcase classname="tests.test_dc12r1_h2_structured_http_error_contract.TestHandlerNeverRaises" name="test_handler_returns_envelope_never_raises[detail4]" time="0.002" /><testcase classname="tests.test_dc12r1_h2_structured_http_error_contract.TestHandlerNeverRaises" name="test_handler_returns_envelope_never_raises[detail5]" time="0.001" /><testcase classname="tests.test_dc12r1_h2_structured_http_error_contract.TestHandlerNeverRaises" name="test_handler_returns_envelope_never_raises[detail6]" time="0.002" /><testcase classname="tests.test_dc12r1_h2_structured_http_error_contract.TestStringDetailCompatibilityDirect" name="test_string_detail_keeps_message" time="0.001" /><testcase classname="tests.test_dc12r1_h2_structured_http_error_contract.TestStringDetailCompatibilityDirect" name="test_dict_detail_extracts_code_and_message" time="0.001" /><testcase classname="tests.test_dc12r1_h2_structured_http_error_contract.TestStringDetailCompatibilityDirect" name="test_none_detail_fail_closed" time="0.001" /><testcase classname="tests.test_dc12r1_h2_structured_http_error_contract.TestStringDetailCompatibilityDirect" name="test_nested_dict_detail_extra_keys_do_not_leak" time="0.001" /><testcase classname="tests.test_dc12r1_h2_structured_http_error_contract.TestStringDetailCompatibilityDirect" name="test_status_preserved_for_all_variants" time="0.001" /><testcase classname="tests.test_dc12r1_h4_event_loop_pool_isolation.TestRunCoroutinePreservesEventLoop" name="test_loop_identity_unchanged" time="0.070" /><testcase classname="tests.test_dc12r1_h4_event_loop_pool_isolation.TestRunCoroutinePreservesEventLoop" name="test_loop_still_open" time="0.069" /><testcase classname="tests.test_dc12r1_h4_event_loop_pool_isolation.TestRunCoroutinePreservesEventLoop" name="test_loop_not_none_after_run_coroutine" time="0.071" /><testcase classname="tests.test_dc12r1_h4_event_loop_pool_isolation.TestGlobalEngineNotContaminated" name="test_select_one_via_global_engine" time="0.074" /><testcase classname="tests.test_dc12r1_h4_event_loop_pool_isolation.TestGlobalEngineNotContaminated" name="test_select_one_after_engine_dispose" time="0.153" /><testcase classname="tests.test_dc12r1_h4_event_loop_pool_isolation.TestGlobalEngineNotContaminated" name="test_no_interface_error_on_rollback" time="0.079" /><testcase classname="tests.test_dc12r1_h4_event_loop_pool_isolation.TestNoLeakedConnections" name="test_no_idle_mpango_connections_after_local_dispose" time="0.154" /><testcase classname="tests.test_dc12r1_h5_prepared_statement_cache_isolation" name="test_red_ddl_without_dispose_raises_invalid_cached_statement" time="0.265" /><testcase classname="tests.test_dc12r1_h5_prepared_statement_cache_isolation" name="test_green_dispose_clears_stale_plans_on_caching_engine" time="0.714" /><testcase classname="tests.test_dc12r1_h5_prepared_statement_cache_isolation" name="test_runtime_policy_global_engine_survives_ddl_without_dispose" time="0.630" /><testcase classname="tests.test_dc12r1_h5_prepared_statement_cache_isolation" name="test_dispose_changes_backend_pid" time="0.078" /><testcase classname="tests.test_dc12r1_h5_prepared_statement_cache_isolation" name="test_event_loop_and_pg_stat_activity_after_dispose" time="0.093" /><testcase classname="tests.test_dc12r1_h7_bcrypt_manifest_parity.TestH7R4InventoryParity" name="test_requirements_txt_resolves_expected[bcrypt-4.0.1]" time="0.011" /><testcase classname="tests.test_dc12r1_h7_bcrypt_manifest_parity.TestH7R4InventoryParity" name="test_requirements_txt_resolves_expected[cryptography-46.0.5]" time="0.012" /><testcase classname="tests.test_dc12r1_h7_bcrypt_manifest_parity.TestH7R4InventoryParity" name="test_requirements_txt_resolves_expected[et-xmlfile-2.0.0]" time="0.010" /><testcase classname="tests.test_dc12r1_h7_bcrypt_manifest_parity.TestH7R4InventoryParity" name="test_requirements_txt_resolves_expected[openpyxl-3.1.5]" time="0.014" /><testcase classname="tests.test_dc12r1_h7_bcrypt_manifest_parity.TestH7R4InventoryParity" name="test_requirements_txt_resolves_expected[passlib-1.7.4]" time="0.011" /><testcase classname="tests.test_dc12r1_h7_bcrypt_manifest_parity.TestH7R4InventoryParity" name="test_poetry_main_lock_resolves_expected[bcrypt-4.0.1]" time="0.087" /><testcase classname="tests.test_dc12r1_h7_bcrypt_manifest_parity.TestH7R4InventoryParity" name="test_poetry_main_lock_resolves_expected[cryptography-46.0.5]" time="0.091" /><testcase classname="tests.test_dc12r1_h7_bcrypt_manifest_parity.TestH7R4InventoryParity" name="test_poetry_main_lock_resolves_expected[et-xmlfile-2.0.0]" time="0.102" /><testcase classname="tests.test_dc12r1_h7_bcrypt_manifest_parity.TestH7R4InventoryParity" name="test_poetry_main_lock_resolves_expected[openpyxl-3.1.5]" time="0.094" /><testcase classname="tests.test_dc12r1_h7_bcrypt_manifest_parity.TestH7R4InventoryParity" name="test_poetry_main_lock_resolves_expected[passlib-1.7.4]" time="0.091" /><testcase classname="tests.test_dc12r1_h7_bcrypt_manifest_parity.TestH7R4InventoryParity" name="test_bcrypt_within_pyproject_floor_and_ceiling" time="0.003" /><testcase classname="tests.test_dc12r1_h7_bcrypt_manifest_parity.TestH7R4InventoryParity" name="test_cryptography_meets_security_floor" time="0.003" /><testcase classname="tests.test_dc12r1_h7_bcrypt_manifest_parity.TestH7R4InventoryParity" name="test_resolved_versions_satisfy_pyproject[bcrypt]" time="0.015" /><testcase classname="tests.test_dc12r1_h7_bcrypt_manifest_parity.TestH7R4InventoryParity" name="test_resolved_versions_satisfy_pyproject[cryptography]" time="0.012" /><testcase classname="tests.test_dc12r1_h7_bcrypt_manifest_parity.TestH7R4InventoryParity" name="test_resolved_versions_satisfy_pyproject[openpyxl]" time="0.014" /><testcase classname="tests.test_dc12r1_h7_bcrypt_manifest_parity.TestH7R4InventoryParity" name="test_resolved_versions_satisfy_pyproject[passlib]" time="0.014" /><testcase classname="tests.test_dc12r1_h7_bcrypt_manifest_parity.TestH7R4InventoryParity" name="test_passlib_unchanged_at_1_7_4" time="0.107" /><testcase classname="tests.test_dc12r1_h7_bcrypt_manifest_parity.TestH7R4InventoryParity" name="test_requirements_inventory_equals_lock_inventory" time="0.109" /><testcase classname="tests.test_dc12r1_h7_bcrypt_manifest_parity.TestH7R4InventoryParity" name="test_marker_only_variants_same_inventory" time="0.023" /><testcase classname="tests.test_dc12r1_h7_bcrypt_manifest_parity.TestH7R5R1InstallPathWiring" name="test_GREEN_real_setup_sh_passes" time="0.005" /><testcase classname="tests.test_dc12r1_h7_bcrypt_manifest_parity.TestH7R5R1InstallPathWiring" name="test_GREEN_real_dockerfile_passes" time="0.001" /><testcase classname="tests.test_dc12r1_h7_bcrypt_manifest_parity.TestH7R5R1InstallPathWiring" name="test_RED_missing_strict_mode" time="0.002" /><testcase classname="tests.test_dc12r1_h7_bcrypt_manifest_parity.TestH7R5R1InstallPathWiring" name="test_RED_missing_err_trap" time="0.003" /><testcase classname="tests.test_dc12r1_h7_bcrypt_manifest_parity.TestH7R5R1InstallPathWiring" name="test_RED_false_no_changes_applied_wording" time="0.003" /><testcase classname="tests.test_dc12r1_h7_bcrypt_manifest_parity.TestH7R5R1InstallPathWiring" name="test_RED_missing_compose_array" time="0.003" /><testcase classname="tests.test_dc12r1_h7_bcrypt_manifest_parity.TestH7R5R1InstallPathWiring" name="test_RED_missing_pg_health_polling" time="0.003" /><testcase classname="tests.test_dc12r1_h7_bcrypt_manifest_parity.TestH7R5R1InstallPathWiring" name="test_RED_missing_redis_health_polling" time="0.002" /><testcase classname="tests.test_dc12r1_h7_bcrypt_manifest_parity.TestH7R5R1InstallPathWiring" name="test_RED_hardcoded_postgres_user" time="0.002" /><testcase classname="tests.test_dc12r1_h7_bcrypt_manifest_parity.TestH7R5R1InstallPathWiring" name="test_RED_tenant_alembic_noop_rejected" time="0.003" /><testcase classname="tests.test_dc12r1_h7_bcrypt_manifest_parity.TestH7R5R1InstallPathWiring" name="test_RED_missing_canonical_bootstrap" time="0.004" /><testcase classname="tests.test_dc12r1_h7_bcrypt_manifest_parity.TestH7R5R1InstallPathWiring" name="test_RED_bootstrap_before_public_migration" time="0.002" /><testcase classname="tests.test_dc12r1_h7_bcrypt_manifest_parity.TestH7R5R1InstallPathWiring" name="test_RED_missing_bootstrap_database_url" time="0.004" /><testcase classname="tests.test_dc12r1_h7_bcrypt_manifest_parity.TestH7R5R1InstallPathWiring" name="test_RED_native_creds_not_cleared_before_alembic" time="0.003" /><testcase classname="tests.test_dc12r1_h7_bcrypt_manifest_parity.TestH7R5R1InstallPathWiring" name="test_RED_native_creds_inert_unset_rejected[echo unset _NATIVE_CREDS]" time="0.003" /><testcase classname="tests.test_dc12r1_h7_bcrypt_manifest_parity.TestH7R5R1InstallPathWiring" name="test_RED_native_creds_inert_unset_rejected[# unset _NATIVE_CREDS]" time="0.003" /><testcase classname="tests.test_dc12r1_h7_bcrypt_manifest_parity.TestH7R5R1InstallPathWiring" name="test_RED_native_creds_inert_unset_rejected[: unset _NATIVE_CREDS]" time="0.004" /><testcase classname="tests.test_dc12r1_h7_bcrypt_manifest_parity.TestH7R5R1InstallPathWiring" name="test_RED_native_creds_inert_unset_rejected[true unset _NATIVE_CREDS]" time="0.004" /><testcase classname="tests.test_dc12r1_h7_bcrypt_manifest_parity.TestH7R5R1InstallPathWiring" name="test_RED_native_creds_inert_unset_rejected[unset -f _NATIVE_CREDS]" time="0.005" /><testcase classname="tests.test_dc12r1_h7_bcrypt_manifest_parity.TestH7R5R1InstallPathWiring" name="test_RED_native_creds_inert_unset_rejected[unset OTHER_VAR # _NATIVE_CREDS]" time="0.004" /><testcase classname="tests.test_dc12r1_h7_bcrypt_manifest_parity.TestH7R5R1InstallPathWiring" name="test_RED_native_creds_unset_after_alembic_rejected" time="0.005" /><testcase classname="tests.test_dc12r1_h7_bcrypt_manifest_parity.TestH7R5R1InstallPathWiring" name="test_RED_native_creds_reassigned_after_unset" time="0.005" /><testcase classname="tests.test_dc12r1_h7_bcrypt_manifest_parity.TestH7R5R1InstallPathWiring" name="test_RED_missing_database_url_resolution" time="0.003" /><testcase classname="tests.test_dc12r1_h7_bcrypt_manifest_parity.TestH7R5R1InstallPathWiring" name="test_RED_npm_rejected" time="0.005" /><testcase classname="tests.test_dc12r1_h7_bcrypt_manifest_parity.TestH7R5R1InstallPathWiring" name="test_RED_non_frozen_pnpm_rejected" time="0.004" /><testcase classname="tests.test_dc12r1_h7_bcrypt_manifest_parity.TestH7R5R1InstallPathWiring" name="test_RED_pip_inside_echo" time="0.001" /><testcase classname="tests.test_dc12r1_h7_bcrypt_manifest_parity.TestH7R5R1InstallPathWiring" name="test_RED_pip_false_and" time="0.001" /><testcase classname="tests.test_dc12r1_h7_bcrypt_manifest_parity.TestH7R5R1InstallPathWiring" name="test_RED_pip_quoted" time="0.001" /><testcase classname="tests.test_dc12r1_h7_bcrypt_manifest_parity.TestH7R5R1InstallPathWiring" name="test_RED_pip_var_assign" time="0.001" /><testcase classname="tests.test_dc12r1_h7_bcrypt_manifest_parity.TestH7R5R1InstallPathWiring" name="test_RED_pip_inside_if_block" time="0.002" /><testcase classname="tests.test_dc12r1_h7_bcrypt_manifest_parity.TestH7R5R1InstallPathWiring" name="test_RED_dockerfile_wrong_ordering_rejected" time="0.001" /><testcase classname="tests.test_dc12r1_h7_bcrypt_manifest_parity.TestH7R5R1InstallPathWiring" name="test_RED_dockerfile_copy_absent_rejected" time="0.001" /><testcase classname="tests.test_dc12r1_h7_bcrypt_manifest_parity.TestH7R5R1InstallPathWiring" name="test_RED_dockerfile_run_absent_rejected" time="0.001" /><testcase classname="tests.test_dc12r1_h7_bcrypt_manifest_parity.TestH7R5R1InstallPathWiring" name="test_RED_dockerfile_echo_form_rejected" time="0.001" /><testcase classname="tests.test_dc12r1_h7_bcrypt_manifest_parity.TestH7R5R1InstallPathWiring" name="test_RED_dockerfile_false_and_rejected" time="0.001" /><testcase classname="tests.test_dc12r1_h7_bcrypt_manifest_parity.TestH7R5R1InstallPathWiring" name="test_RED_dockerfile_or_true_rejected" time="0.001" /><testcase classname="tests.test_dc12r1_h7_bcrypt_manifest_parity.TestH7R5R1InstallPathWiring" name="test_RED_dockerfile_env_label_rejected" time="0.001" /><testcase classname="tests.test_dc12r1_h7_bcrypt_manifest_parity.TestH7R5R1InstallPathWiring" name="test_RED_dockerfile_commented_run_rejected" time="0.001" /><testcase classname="tests.test_dc12r1_h7_bcrypt_manifest_parity.TestH7R5R1InstallPathWiring" name="test_RED_dockerfile_duplicate_copy_rejected" time="0.001" /><testcase classname="tests.test_dc12r1_h7_bcrypt_manifest_parity.TestH7R5R1InstallPathWiring" name="test_RED_dockerfile_duplicate_run_rejected" time="0.001" /><testcase classname="tests.test_dc12r1_h7_bcrypt_manifest_parity.TestH7R5R2ExecutableHarness" name="test_complete_success_and_strict_ordered_indexes" time="0.315" /><testcase classname="tests.test_dc12r1_h7_bcrypt_manifest_parity.TestH7R5R2ExecutableHarness" name="test_alembic_exit_42_preserved" time="0.304" /><testcase classname="tests.test_dc12r1_h7_bcrypt_manifest_parity.TestH7R5R2ExecutableHarness" name="test_bootstrap_exit_43_preserved_no_pnpm" time="0.373" /><testcase classname="tests.test_dc12r1_h7_bcrypt_manifest_parity.TestH7R5R2ExecutableHarness" name="test_pnpm_exit_44_preserved" time="0.324" /><testcase classname="tests.test_dc12r1_h7_bcrypt_manifest_parity.TestH7R5R2ExecutableHarness" name="test_pg_timeout_nonzero_no_later_steps" time="0.165" /><testcase classname="tests.test_dc12r1_h7_bcrypt_manifest_parity.TestH7R5R2ExecutableHarness" name="test_redis_timeout_nonzero" time="0.157" /><testcase classname="tests.test_dc12r1_h7_bcrypt_manifest_parity.TestH7R5R2ExecutableHarness" name="test_invalid_compose_config_zero_side_effects" time="0.060" /><testcase classname="tests.test_dc12r1_h7_bcrypt_manifest_parity.TestH7R5R2ExecutableHarness" name="test_no_secret_in_output" time="0.318" /><testcase classname="tests.test_dc12r1_h7_bcrypt_manifest_parity.TestH7R5R2ExecutableHarness" name="test_idempotent_second_run" time="0.664" /><testcase classname="tests.test_dc12r1_h7_bcrypt_manifest_parity.TestH7R5R2ExecutableHarness" name="test_launcher_rejects_system32_wsl_bash" time="0.001" /><testcase classname="tests.test_dc12r1_h7_bcrypt_manifest_parity.TestH7R5R2ExecutableHarness" name="test_launcher_fail_closed_when_only_system32_wsl_bash_exists[C:\\Windows\\System32\\bash.exe]" time="0.001" /><testcase classname="tests.test_dc12r1_h7_bcrypt_manifest_parity.TestH7R5R2ExecutableHarness" name="test_launcher_fail_closed_when_only_system32_wsl_bash_exists[C:\\Users\\me\\AppData\\Local\\Microsoft\\WindowsApps\\bash.exe]" time="0.001" /><testcase classname="tests.test_dc12r1_h7_bcrypt_manifest_parity.TestH7R5R2ExecutableHarness" name="test_launcher_crlf_enforcement_zero_crlf_blob" time="0.006" /><testcase classname="tests.test_dc12r1_h7_bcrypt_manifest_parity.TestH7R5R2ExecutableHarness" name="test_crlf_guard_mutation_all_variants_fail_validation" time="0.001" /><testcase classname="tests.test_dc12r1_h7_bcrypt_manifest_parity.TestH7R5R2ExecutableHarness" name="test_launcher_crlf_mutated_script_fails_before_any_command" time="0.018" /><testcase classname="tests.test_dc12r1_h7_bcrypt_manifest_parity.TestH7R5R2ExecutableHarness" name="test_initial_preflight_pipe_runs_before_compose_up" time="0.413" /><testcase classname="tests.test_dc12r1_h7_bcrypt_manifest_parity.TestH7R5R2ExecutableHarness" name=
[...]
rk_active_or_completed" time="0.088" /><testcase classname="tests.test_u6h2_tenant_provisioning_wholesaler_schema" name="test_bootstrap_failure_message_does_not_persist_dsn_or_fake_password" time="0.083" /><testcase classname="tests.test_u6h2_tenant_provisioning_wholesaler_schema" name="test_bootstrap_seeds_current_retailer_rbac_without_admin_grant_all" time="1.777" /><testcase classname="tests.test_u6h2_tenant_provisioning_wholesaler_schema" name="test_public_auth_routes_delegate_tenant_provisioning_to_onboarding_service" time="0.030" /><testcase classname="tests.test_u6h2_tenant_provisioning_wholesaler_schema" name="test_active_existing_with_missing_schema_is_not_treated_as_idempotent" time="1.704" /><testcase classname="tests.test_u6h2_tenant_provisioning_wholesaler_schema" name="test_forbidden_wholesaler_api_crud_repository_and_bootstrap_files_are_untouched" time="0.039" /><testcase classname="tests.test_u6h3_tenant_provisioning_reconcile_cleanup" name="test_first_attempt_partial_schema_failure_persists_retry_anchor_and_reconciles" time="0.675" /><testcase classname="tests.test_u6h3_tenant_provisioning_reconcile_cleanup" name="test_partial_schema_after_failure_reconciles_to_active_without_duplicate_wholesaler" time="1.673" /><testcase classname="tests.test_u6h3_tenant_provisioning_reconcile_cleanup" name="test_complete_schema_for_provisioning_registration_completes_without_bootstrap_rerun" time="1.802" /><testcase classname="tests.test_u6h3_tenant_provisioning_reconcile_cleanup" name="test_partial_schema_bootstrap_rerun_failure_stays_not_active_and_sanitized" time="0.246" /><testcase classname="tests.test_u6h3_tenant_provisioning_reconcile_cleanup" name="test_active_existing_remains_idempotent_after_reconcile" time="1.784" /><testcase classname="tests.test_u6h3_tenant_provisioning_reconcile_cleanup" name="test_reconcile_seeds_current_retailer_rbac_without_admin_grant_all" time="1.772" /><testcase classname="tests.test_u6h3_tenant_provisioning_reconcile_cleanup" name="test_public_auth_routes_delegate_tenant_provisioning_to_onboarding_service" time="0.052" /><testcase classname="tests.test_u6h3_tenant_provisioning_reconcile_cleanup" name="test_forbidden_wholesaler_api_crud_repository_and_bootstrap_files_are_untouched" time="0.046" /><testcase classname="tests.test_u6i0_owner_credential_setup_contract" name="test_contract_document_exists_and_defines_required_sections" time="0.002" /><testcase classname="tests.test_u6i0_owner_credential_setup_contract" name="test_contract_forbids_invented_first_admin_credentials" time="0.002" /><testcase classname="tests.test_u6i0_owner_credential_setup_contract" name="test_contract_requires_hash_only_single_use_expiring_setup_token" time="0.001" /><testcase classname="tests.test_u6i0_owner_credential_setup_contract" name="test_contract_forbids_query_string_token_transport" time="0.001" /><testcase classname="tests.test_u6i0_owner_credential_setup_contract" name="test_contract_blocks_u6h4_until_credential_setup_completion" time="0.001" /><testcase classname="tests.test_u6i0_owner_credential_setup_contract" name="test_contract_preserves_registration_credential_cleanup" time="0.002" /><testcase classname="tests.test_u6i0_owner_credential_setup_contract" name="test_contract_and_runtime_lock_public_endpoint_disclosure_boundary" time="0.003" /><testcase classname="tests.test_u6i0_owner_credential_setup_contract" name="test_integrated_baseline_retains_contract_and_runtime_artifacts" time="0.002" /><testcase classname="tests.test_u6i0_owner_credential_setup_contract" name="test_integrated_baseline_retains_owner_credential_runtime_foundation" time="0.003" /><testcase classname="tests.test_u6i1_owner_credential_setup_schema" name="test_model_defines_owner_credential_setup_token_hash_only_table" time="0.001" /><testcase classname="tests.test_u6i1_owner_credential_setup_schema" name="test_model_defines_fk_unique_hash_and_active_partial_index" time="0.001" /><testcase classname="tests.test_u6i1_owner_credential_setup_schema" name="test_model_defines_purpose_default_and_check_constraint" time="0.001" /><testcase classname="tests.test_u6i1_owner_credential_setup_schema" name="test_migration_revision_and_schema_contract_are_defined" time="0.001" /><testcase classname="tests.test_u6i1_owner_credential_setup_schema" name="test_alembic_head_includes_owner_credential_setup_tokens" time="0.030" /><testcase classname="tests.test_u6i1_owner_credential_setup_schema" name="test_owner_credential_schema_foundation_artifacts_remain_present" time="0.001" /><testcase classname="tests.test_u6i2_owner_credential_setup_token_issue" name="test_prior_and_new_identity_matching_is_order_independent" time="0.033" /><testcase classname="tests.test_u6i2_owner_credential_setup_token_issue" name="test_active_provisioned_registration_issues_hash_only_setup_token" time="0.101" /><testcase classname="tests.test_u6i2_owner_credential_setup_token_issue" name="test_duplicate_issue_returns_existing_without_creating_second_active_token" time="0.104" /><testcase classname="tests.test_u6i2_owner_credential_setup_token_issue" name="test_expired_prior_token_allows_new_setup_token_issue" time="0.098" /><testcase classname="tests.test_u6i2_owner_credential_setup_token_issue" name="test_used_or_revoked_prior_token_allows_new_setup_token_issue[used_at0-None]" time="0.103" /><testcase classname="tests.test_u6i2_owner_credential_setup_token_issue" name="test_used_or_revoked_prior_token_allows_new_setup_token_issue[None-revoked_at1]" time="0.100" /><testcase classname="tests.test_u6i2_owner_credential_setup_token_issue" name="test_blocked_statuses_create_no_setup_token_rows[email_verified]" time="0.089" /><testcase classname="tests.test_u6i2_owner_credential_setup_token_issue" name="test_blocked_statuses_create_no_setup_token_rows[provisioning]" time="0.076" /><testcase classname="tests.test_u6i2_owner_credential_setup_token_issue" name="test_blocked_statuses_create_no_setup_token_rows[failed]" time="0.071" /><testcase classname="tests.test_u6i2_owner_credential_setup_token_issue" name="test_blocked_statuses_create_no_setup_token_rows[cancelled]" time="0.066" /><testcase classname="tests.test_u6i2_owner_credential_setup_token_issue" name="test_active_registration_missing_provisioning_assignment_is_blocked[False-True-True]" time="0.074" /><testcase classname="tests.test_u6i2_owner_credential_setup_token_issue" name="test_active_registration_missing_provisioning_assignment_is_blocked[True-False-True]" time="0.071" /><testcase classname="tests.test_u6i2_owner_credential_setup_token_issue" name="test_active_registration_missing_provisioning_assignment_is_blocked[True-True-False]" time="0.073" /><testcase classname="tests.test_u6i2_owner_credential_setup_token_issue" name="test_issue_service_creates_no_admin_rbac_or_business_data" time="0.085" /><testcase classname="tests.test_u6i2_owner_credential_setup_token_issue" name="test_setup_credential_endpoint_rejects_query_string_tokens" time="0.193" /><testcase classname="tests.test_u6i3_owner_credential_setup_consume" name="test_consume_valid_owner_setup_token_returns_admin_creation_inputs_without_persisting_password" time="0.769" /><testcase classname="tests.test_u6i3_owner_credential_setup_consume" name="test_invalid_or_missing_raw_token_fails_neutrally[None]" time="0.033" /><testcase classname="tests.test_u6i3_owner_credential_setup_consume" name="test_invalid_or_missing_raw_token_fails_neutrally[]" time="0.033" /><testcase classname="tests.test_u6i3_owner_credential_setup_consume" name="test_invalid_or_missing_raw_token_fails_neutrally[   ]" time="0.035" /><testcase classname="tests.test_u6i3_owner_credential_setup_consume" name="test_invalid_or_missing_raw_token_fails_neutrally[u6i3-missing-4a7a9ad23de6407ebbb69d13be3d53ea]" time="0.039" /><testcase classname="tests.test_u6i3_owner_credential_setup_consume" name="test_non_actionable_token_states_fail_neutrally[expired]" time="0.080" /><testcase classname="tests.test_u6i3_owner_credential_setup_consume" name="test_non_actionable_token_states_fail_neutrally[revoked]" time="0.076" /><testcase classname="tests.test_u6i3_owner_credential_setup_consume" name="test_non_actionable_token_states_fail_neutrally[used]" time="0.077" /><testcase classname="tests.test_u6i3_owner_credential_setup_consume" name="test_non_actionable_token_states_fail_neutrally[deleted]" time="0.075" /><testcase classname="tests.test_u6i3_owner_credential_setup_consume" name="test_wrong_purpose_token_fails_neutrally" time="0.101" /><testcase classname="tests.test_u6i3_owner_credential_setup_consume" name="test_consuming_used_token_twice_fails_neutrally_after_first_success" time="0.431" /><testcase classname="tests.test_u6i3_owner_credential_setup_consume" name="test_consume_service_has_no_endpoint_query_string_or_admin_creation_boundary" time="0.035" /><testcase classname="tests.test_u6i4_first_admin_rbac_creation" name="test_create_first_admin_user_role_permissions_and_mappings" time="0.966" /><testcase classname="tests.test_u6i4_first_admin_rbac_creation" name="test_first_admin_creation_is_idempotent_without_duplicate_rbac" time="1.093" /><testcase classname="tests.test_u6i4_first_admin_rbac_creation" name="test_reconciles_existing_owner_user_with_provided_hash_and_missing_rbac" time="1.190" /><testcase classname="tests.test_u6i4_first_admin_rbac_creation" name="test_cross_tenant_isolation_only_writes_requested_schema" time="1.078" /><testcase classname="tests.test_u6i4_first_admin_rbac_creation" name="test_fail_closed_for_missing_absent_invalid_schema_or_missing_hash[setup0]" time="0.003" /><testcase classname="tests.test_u6i4_first_admin_rbac_creation" name="test_fail_closed_for_missing_absent_invalid_schema_or_missing_hash[setup1]" time="0.011" /><testcase classname="tests.test_u6i4_first_admin_rbac_creation" name="test_fail_closed_for_missing_absent_invalid_schema_or_missing_hash[setup2]" time="0.002" /><testcase classname="tests.test_u6i4_first_admin_rbac_creation" name="test_fail_closed_for_missing_absent_invalid_schema_or_missing_hash[setup3]" time="0.009" /><testcase classname="tests.test_u6i4_first_admin_rbac_creation" name="test_no_public_endpoint_placeholder_password_or_provisioning_behavior_change" time="0.002" /><testcase classname="tests.test_u6i5_owner_credential_setup_endpoint" name="test_setup_credential_succeeds_for_valid_token_and_password" time="0.930" /><testcase classname="tests.test_u6i5_owner_credential_setup_endpoint" name="test_get_setup_credential_rejected" time="0.034" /><testcase classname="tests.test_u6i5_owner_credential_setup_endpoint" name="test_invalid_or_missing_token_returns_neutral_error" time="0.088" /><testcase classname="tests.test_u6i5_owner_credential_setup_endpoint" name="test_expired_token_returns_neutral_error_and_no_admin_created" time="0.340" /><testcase classname="tests.test_u6i5_owner_credential_setup_endpoint" name="test_used_token_returns_neutral_error" time="0.339" /><testcase classname="tests.test_u6i5_owner_credential_setup_endpoint" name="test_duplicate_setup_is_idempotent" time="0.897" /><testcase classname="tests.test_u6i5_owner_credential_setup_endpoint" name="test_replay_with_different_password_does_not_change_password_hash" time="0.978" /><testcase classname="tests.test_u6i5_owner_credential_setup_endpoint" name="test_tenant_isolation_only_writes_requested_schema" time="1.101" /><testcase classname="tests.test_u6i5_owner_credential_setup_endpoint" name="test_response_never_exposes_sensitive_data" time="0.904" /><testcase classname="tests.test_u6i5_owner_credential_setup_endpoint" name="test_no_query_string_token_support" time="0.354" /><testcase classname="tests.test_u6i5_owner_credential_setup_endpoint" name="test_dc11t4e_teardown_removes_u6i5_schemas_and_preserves_others" time="0.337" /><testcase classname="tests.test_u6i5_owner_credential_setup_endpoint" name="test_dc11t4e_teardown_is_idempotent" time="0.275" /><testcase classname="tests.test_u6i5_owner_credential_setup_endpoint" name="test_dc11t4e_teardown_fails_closed_on_invalid_schema_anchor" time="0.354" /><testcase classname="tests.test_u6i6_onboarding_e2e_closeout" name="test_full_owner_onboarding_backend_chain_proves_hash_only_tokens_and_admin_rbac" time="3.438" /><testcase classname="tests.test_u6k_production_smtp_email_delivery" name="test_production_missing_smtp_config_returns_503_and_writes_no_rows" time="0.083" /><testcase classname="tests.test_u6k_production_smtp_email_delivery" name="test_production_smtp_success_creates_hash_only_registration_and_token" time="0.143" /><testcase classname="tests.test_u6k_production_smtp_email_delivery" name="test_production_smtp_send_failure_rolls_back_registration_and_token" time="0.124" /><testcase classname="tests.test_u6k_production_smtp_email_delivery" name="test_test_environment_still_uses_dev_sink_without_smtp" time="0.088" /><testcase classname="tests.test_u6k_production_smtp_email_delivery" name="test_duplicate_live_email_in_production_is_neutral_and_sends_no_extra_smtp" time="0.162" /><testcase classname="tests.test_u6l_email_verified_onboarding_orchestration" name="test_verify_email_provisions_tenant_issues_setup_token_and_sends_owner_email" time="1.871" /><testcase classname="tests.test_u6l_email_verified_onboarding_orchestration" name="test_emailed_setup_token_can_create_first_admin_rbac_and_status_is_public_active" time="2.669" /><testcase classname="tests.test_u6l_email_verified_onboarding_orchestration" name="test_repeated_internal_orchestration_does_not_duplicate_tenant_token_or_admin_rows" time="2.571" /><testcase classname="tests.test_u6l_email_verified_onboarding_orchestration" name="test_reused_verification_token_remains_neutral_and_does_not_duplicate_orchestration" time="1.883" /><testcase classname="tests.test_u6l_email_verified_onboarding_orchestration" name="test_production_missing_owner_setup_smtp_config_fails_closed" time="0.163" /><testcase classname="tests.test_u6l_email_verified_onboarding_orchestration" name="test_production_owner_setup_smtp_failure_fails_closed_with_retry_anchor" time="0.209" /><testcase classname="tests.test_u6l_email_verified_onboarding_orchestration" name="test_real_bootstrap_owner_setup_smtp_failure_persists_anchor_and_retry_reconciles" time="2.037" /><testcase classname="tests.test_users_roles_api.TestUsersAPIHappyPath" name="test_list_users_success" time="0.004" /><testcase classname="tests.test_users_roles_api.TestUsersAPIHappyPath" name="test_create_user_success" time="0.003" /><testcase classname="tests.test_users_roles_api.TestUsersAPIHappyPath" name="test_get_user_by_id_success" time="0.003" /><testcase classname="tests.test_users_roles_api.TestUsersAPIHappyPath" name="test_update_user_success" time="0.004" /><testcase classname="tests.test_users_roles_api.TestUsersAPIHappyPath" name="test_delete_user_success" time="0.003" /><testcase classname="tests.test_users_roles_api.TestUsersAPIHappyPath" name="test_assign_roles_success" time="0.003" /><testcase classname="tests.test_users_roles_api.TestRolesAPIHappyPath" name="test_list_roles_success" time="0.003" /><testcase classname="tests.test_users_roles_api.TestRBACDenial" name="test_create_user_without_permission_denied" time="0.004" /><testcase classname="tests.test_users_roles_api.TestRBACDenial" name="test_update_user_without_permission_denied" time="0.004" /><testcase classname="tests.test_users_roles_api.TestRBACDenial" name="test_delete_user_without_permission_denied" time="0.003" /><testcase classname="tests.test_users_roles_api.TestRBACDenial" name="test_assign_roles_without_permission_denied" time="0.004" /><testcase classname="tests.test_users_roles_api.TestRBACDenial" name="test_list_users_without_permission_denied" time="0.003" /><testcase classname="tests.test_users_roles_api.TestRBACDenial" name="test_list_roles_without_permission_denied" time="0.003" /><testcase classname="tests.test_users_roles_api.TestCrossTenantDenial" name="test_get_user_cross_tenant_not_found" time="0.002" /><testcase classname="tests.test_users_roles_api.TestCrossTenantDenial" name="test_update_user_cross_tenant_not_found" time="0.003" /><testcase classname="tests.test_users_roles_api.TestCrossTenantDenial" name="test_delete_user_cross_tenant_not_found" time="0.003" /><testcase classname="tests.test_users_roles_api.TestCrossTenantDenial" name="test_assign_roles_cross_tenant_not_found" time="0.002" /><testcase classname="tests.test_users_roles_api.TestCrossTenantDenial" name="test_tenant_isolation_via_search_path" time="0.002" /><testcase classname="tests.test_users_roles_api.TestEdgeCases" name="test_create_user_duplicate_email" time="0.002" /><testcase classname="tests.test_users_roles_api.TestEdgeCases" name="test_update_user_duplicate_email" time="0.003" /><testcase classname="tests.test_users_roles_api.TestEdgeCases" name="test_delete_self_prevented" time="0.003" /><testcase classname="tests.test_users_roles_api.TestEdgeCases" name="test_assign_invalid_role_id" time="0.002" /><testcase classname="tests.test_users_roles_api.TestEdgeCases" name="test_get_user_invalid_uuid" time="0.002" /><testcase classname="tests.test_uuid_serialization.TestUUIDSerialization" name="test_user_read_serializes_uuid_as_string" time="0.228" /><testcase classname="tests.test_uuid_serialization.TestUUIDSerialization" name="test_order_serializes_uuids_as_strings" time="0.059" /><testcase classname="tests.test_uuid_serialization.TestUUIDSerialization" name="test_token_data_serializes_uuids_as_strings" time="0.039" /><testcase classname="tests.test_uuid_serialization.TestUUIDSerialization" name="test_uuid_field_type_annotation_is_string" time="0.002" /><testcase classname="tests.test_uuid_serialization.TestUUIDRoundTrip" name="test_uuid_round_trip_through_schema" time="0.045" /><testcase classname="tests.test_v019_camel_adapter.TestCamelModelBase" name="test_camel_model_accepts_snake_case" time="0.001" /><testcase classname="tests.test_v019_camel_adapter.TestCamelModelBase" name="test_camel_model_accepts_camel_case" time="0.001" /><testcase classname="tests.test_v019_camel_adapter.TestCamelModelBase" name="test_serialization_stays_snake_case" time="0.001" /><testcase classname="tests.test_v019_camel_adapter.TestCamelModelBase" name="test_json_serialization_stays_snake_case" time="0.001" /><testcase classname="tests.test_v019_camel_adapter.TestCamelModelBase" name="test_round_trip_snake_to_camel_to_snake" time="0.001" /><testcase classname="tests.test_v019_camel_adapter.TestCamelModelBase" name="test_round_trip_camel_to_snake" time="0.001" /><testcase classname="tests.test_v019_camel_adapter.TestPaymentDataCamelAdapter" name="test_accepts_camel_case" time="0.002" /><testcase classname="tests.test_v019_camel_adapter.TestOrderCamelAdapter" name="test_order_item_accepts_camel" time="0.002" /><testcase classname="tests.test_v019_camel_adapter.TestOrderCamelAdapter" name="test_order_accepts_camel" time="0.001" /><testcase classname="tests.test_v019_camel_adapter.TestUserCamelAdapter" name="test_user_read_accepts_camel" time="0.002" /><testcase classname="tests.test_v019_camel_adapter.TestUserCamelAdapter" name="test_role_read_accepts_camel" time="0.001" /><testcase classname="tests.test_v019_camel_adapter.TestSKUCamelAdapter" name="test_sku_read_accepts_camel" time="0.001" /><testcase classname="tests.test_v019_camel_adapter.TestStockViewCamelAdapter" name="test_stock_view_accepts_camel" time="0.001" /><testcase classname="tests.test_v019_camel_adapter.TestInvitationCamelAdapter" name="test_invitation_data_accepts_camel" time="0.001" /><testcase classname="tests.test_v019_camel_adapter.TestInvitationCamelAdapter" name="test_invitation_lookup_accepts_camel" time="0.001" /><testcase classname="tests.test_v019_camel_adapter.TestRetailerCamelAdapter" name="test_retailer_data_accepts_camel" time="0.001" /><testcase classname="tests.test_v019_camel_adapter.TestRetailerCamelAdapter" name="test_binding_data_accepts_camel" time="0.009" /></testsuite></testsuites>